PRT1
161
320
4 0 3 (6080 5120 64 ) (6080 5120 1984 ) (5120 5120 1984 ) (5120 5120 64 ) 
4 0 1 (5120 5120 64 ) (5120 5120 1984 ) (5120 6080 1984 ) (5120 6080 64 ) 
4 1 5 (5120 5120 64 ) (5120 5120 1984 ) (4096 5120 1984 ) (4096 5120 64 ) 
4 1 2 (4096 5120 64 ) (4096 5120 1984 ) (4096 6080 1984 ) (4096 6080 64 ) 
4 2 9 (3072 5120 64 ) (3072 5120 1984 ) (3072 6080 1984 ) (3072 6080 64 ) 
4 2 6 (4096 5120 64 ) (4096 5120 1984 ) (3072 5120 1984 ) (3072 5120 64 ) 
4 3 5 (5120 5120 1984 ) (5120 5120 64 ) (5120 4096 64 ) (5120 4096 1984 ) 
4 3 4 (6080 4096 64 ) (6080 4096 1984 ) (5120 4096 1984 ) (5120 4096 64 ) 
4 4 37 (6080 3072 64 ) (6080 3072 1984 ) (5120 3072 1984 ) (5120 3072 64 ) 
4 4 7 (5120 3072 64 ) (5120 3072 1984 ) (5120 4096 1984 ) (5120 4096 64 ) 
4 5 7 (5120 4096 64 ) (5120 4096 1984 ) (4096 4096 1984 ) (4096 4096 64 ) 
4 5 6 (4096 5120 1984 ) (4096 5120 64 ) (4096 4096 64 ) (4096 4096 1984 ) 
4 6 11 (3072 4096 64 ) (3072 4096 1984 ) (3072 5120 1984 ) (3072 5120 64 ) 
4 6 8 (4096 4096 64 ) (4096 4096 1984 ) (3072 4096 1984 ) (3072 4096 64 ) 
4 7 39 (5120 3072 64 ) (5120 3072 1984 ) (4096 3072 1984 ) (4096 3072 64 ) 
4 7 8 (4096 4096 1984 ) (4096 4096 64 ) (4096 3072 64 ) (4096 3072 1984 ) 
4 8 40 (4096 3072 64 ) (4096 3072 1984 ) (3072 3072 1984 ) (3072 3072 64 ) 
4 8 13 (3072 3072 64 ) (3072 3072 1984 ) (3072 4096 1984 ) (3072 4096 64 ) 
4 9 11 (3072 5120 64 ) (3072 5120 1984 ) (2048 5120 1984 ) (2048 5120 64 ) 
4 9 10 (2048 5120 64 ) (2048 5120 1984 ) (2048 6080 1984 ) (2048 6080 64 ) 
4 10 15 (1024 5120 64 ) (1024 5120 1984 ) (1024 6080 1984 ) (1024 6080 64 ) 
4 10 12 (2048 5120 64 ) (2048 5120 1984 ) (1024 5120 1984 ) (1024 5120 64 ) 
4 11 13 (3072 4096 64 ) (3072 4096 1984 ) (2048 4096 1984 ) (2048 4096 64 ) 
4 11 12 (2048 4096 64 ) (2048 4096 1984 ) (2048 5120 1984 ) (2048 5120 64 ) 
4 12 18 (1024 4096 64 ) (1024 4096 1984 ) (1024 5120 1984 ) (1024 5120 64 ) 
4 12 14 (1024 4096 1984 ) (1024 4096 64 ) (2048 4096 64 ) (2048 4096 1984 ) 
4 13 52 (3072 3072 64 ) (3072 3072 1984 ) (2048 3072 1984 ) (2048 3072 64 ) 
4 13 14 (2048 4096 1984 ) (2048 4096 64 ) (2048 3072 64 ) (2048 3072 1984 ) 
4 14 53 (2048 3072 64 ) (2048 3072 1984 ) (1024 3072 1984 ) (1024 3072 64 ) 
4 14 19 (1024 3072 64 ) (1024 3072 1984 ) (1024 4096 1984 ) (1024 4096 64 ) 
4 15 18 (1024 5120 64 ) (1024 5120 1984 ) (0 5120 1984 ) (0 5120 64 ) 
4 15 16 (0 5120 64 ) (0 5120 1984 ) (0 6080 1984 ) (0 6080 64 ) 
4 16 20 (0 5120 64 ) (0 5120 1984 ) (-1024 5120 1984 ) (-1024 5120 64 ) 
4 16 17 (-1024 5120 64 ) (-1024 5120 1984 ) (-1024 6080 1984 ) (-1024 6080 64 ) 
4 17 25 (-2048 5120 64 ) (-2048 5120 1984 ) (-2048 6080 1984 ) (-2048 6080 64 ) 
4 17 21 (-1024 5120 64 ) (-1024 5120 1984 ) (-2048 5120 1984 ) (-2048 5120 64 ) 
4 18 20 (0 5120 1984 ) (0 5120 64 ) (0 4096 64 ) (0 4096 1984 ) 
4 18 19 (1024 4096 64 ) (1024 4096 1984 ) (0 4096 1984 ) (0 4096 64 ) 
4 19 56 (1024 3072 64 ) (1024 3072 1984 ) (0 3072 1984 ) (0 3072 64 ) 
4 19 22 (0 3072 64 ) (0 3072 1984 ) (0 4096 1984 ) (0 4096 64 ) 
4 20 22 (0 4096 64 ) (0 4096 1984 ) (-1024 4096 1984 ) (-1024 4096 64 ) 
4 20 21 (-1024 5120 1984 ) (-1024 5120 64 ) (-1024 4096 64 ) (-1024 4096 1984 ) 
4 21 27 (-2048 4096 64 ) (-2048 4096 1984 ) (-2048 5120 1984 ) (-2048 5120 64 ) 
4 21 23 (-1024 4096 64 ) (-1024 4096 1984 ) (-2048 4096 1984 ) (-2048 4096 64 ) 
4 22 58 (0 3072 64 ) (0 3072 1984 ) (-1024 3072 1984 ) (-1024 3072 64 ) 
4 22 23 (-1024 4096 1984 ) (-1024 4096 64 ) (-1024 3072 64 ) (-1024 3072 1984 ) 
4 23 59 (-1024 3072 64 ) (-1024 3072 1984 ) (-2048 3072 1984 ) (-2048 3072 64 ) 
4 23 29 (-2048 3072 64 ) (-2048 3072 1984 ) (-2048 4096 1984 ) (-2048 4096 64 ) 
4 25 27 (-2048 5120 64 ) (-2048 5120 1984 ) (-3072 5120 1984 ) (-3072 5120 64 ) 
4 25 26 (-3072 5120 64 ) (-3072 5120 1984 ) (-3072 6080 1984 ) (-3072 6080 64 ) 
4 26 31 (-4096 5120 64 ) (-4096 5120 1984 ) (-4096 6080 1984 ) (-4096 6080 64 ) 
4 26 28 (-3072 5120 64 ) (-3072 5120 1984 ) (-4096 5120 1984 ) (-4096 5120 64 ) 
4 27 29 (-2048 4096 64 ) (-2048 4096 1984 ) (-3072 4096 1984 ) (-3072 4096 64 ) 
4 27 28 (-3072 4096 64 ) (-3072 4096 1984 ) (-3072 5120 1984 ) (-3072 5120 64 ) 
4 28 33 (-4096 4096 64 ) (-4096 4096 1984 ) (-4096 5120 1984 ) (-4096 5120 64 ) 
4 28 30 (-4096 4096 1984 ) (-4096 4096 64 ) (-3072 4096 64 ) (-3072 4096 1984 ) 
4 29 125 (-2048 3072 64 ) (-2048 3072 1984 ) (-3072 3072 1984 ) (-3072 3072 64 ) 
4 29 30 (-3072 4096 1984 ) (-3072 4096 64 ) (-3072 3072 64 ) (-3072 3072 1984 ) 
4 30 126 (-3072 3072 64 ) (-3072 3072 1984 ) (-4096 3072 1984 ) (-4096 3072 64 ) 
4 30 34 (-4096 3072 64 ) (-4096 3072 1984 ) (-4096 4096 1984 ) (-4096 4096 64 ) 
4 31 33 (-4096 5120 64 ) (-4096 5120 1984 ) (-5120 5120 1984 ) (-5120 5120 64 ) 
4 31 32 (-5120 5120 64 ) (-5120 5120 1984 ) (-5120 6080 1984 ) (-5120 6080 64 ) 
4 32 35 (-5120 5120 64 ) (-5120 5120 1984 ) (-6080 5120 1984 ) (-6080 5120 64 ) 
4 33 35 (-5120 5120 1984 ) (-5120 5120 64 ) (-5120 4096 64 ) (-5120 4096 1984 ) 
4 33 34 (-4096 4096 64 ) (-4096 4096 1984 ) (-5120 4096 1984 ) (-5120 4096 64 ) 
4 34 129 (-4096 3072 64 ) (-4096 3072 1984 ) (-5120 3072 1984 ) (-5120 3072 64 ) 
4 34 36 (-5120 3072 64 ) (-5120 3072 1984 ) (-5120 4096 1984 ) (-5120 4096 64 ) 
4 35 36 (-5120 4096 64 ) (-5120 4096 1984 ) (-6080 4096 1984 ) (-6080 4096 64 ) 
4 36 131 (-5120 3072 64 ) (-5120 3072 1984 ) (-6080 3072 1984 ) (-6080 3072 64 ) 
4 37 39 (5120 2048 64 ) (5120 2048 1984 ) (5120 3072 1984 ) (5120 3072 64 ) 
4 37 38 (6080 2048 64 ) (6080 2048 1984 ) (5120 2048 1984 ) (5120 2048 64 ) 
4 38 43 (6080 1024 64 ) (6080 1024 1984 ) (5120 1024 1984 ) (5120 1024 64 ) 
4 38 41 (5120 1024 64 ) (5120 1024 1984 ) (5120 2048 1984 ) (5120 2048 64 ) 
4 39 41 (5120 2048 64 ) (5120 2048 1984 ) (4096 2048 1984 ) (4096 2048 64 ) 
4 39 40 (4096 2048 64 ) (4096 2048 1984 ) (4096 3072 1984 ) (4096 3072 64 ) 
4 40 52 (3072 3072 1984 ) (3072 3072 64 ) (3072 2048 64 ) (3072 2048 1984 ) 
4 40 42 (3072 2048 1984 ) (3072 2048 64 ) (4096 2048 64 ) (4096 2048 1984 ) 
4 41 44 (5120 1024 64 ) (5120 1024 1984 ) (4096 1024 1984 ) (4096 1024 64 ) 
4 41 42 (4096 2048 1984 ) (4096 2048 64 ) (4096 1024 64 ) (4096 1024 1984 ) 
4 42 54 (3072 1024 64 ) (3072 1024 1984 ) (3072 2048 1984 ) (3072 2048 64 ) 
4 42 45 (4096 1024 64 ) (4096 1024 1984 ) (3072 1024 1984 ) (3072 1024 64 ) 
4 43 46 (6080 0 64 ) (6080 0 1984 ) (5120 0 1984 ) (5120 0 64 ) 
4 43 44 (5120 1024 1984 ) (5120 1024 64 ) (5120 0 64 ) (5120 0 1984 ) 
4 44 48 (5120 0 64 ) (5120 0 1984 ) (4096 0 1984 ) (4096 0 64 ) 
4 44 45 (4096 0 64 ) (4096 0 1984 ) (4096 1024 1984 ) (4096 1024 64 ) 
4 45 62 (3072 0 64 ) (3072 0 1984 ) (3072 1024 1984 ) (3072 1024 64 ) 
4 45 49 (4096 0 64 ) (4096 0 1984 ) (3072 0 1984 ) (3072 0 64 ) 
4 46 48 (5120 0 1984 ) (5120 0 64 ) (5120 -1024 64 ) (5120 -1024 1984 ) 
4 46 47 (6080 -1024 64 ) (6080 -1024 1984 ) (5120 -1024 1984 ) (5120 -1024 64 ) 
4 47 93 (6080 -2048 64 ) (6080 -2048 1984 ) (5120 -2048 1984 ) (5120 -2048 64 ) 
4 47 50 (5120 -2048 64 ) (5120 -2048 1984 ) (5120 -1024 1984 ) (5120 -1024 64 ) 
4 48 50 (5120 -1024 64 ) (5120 -1024 1984 ) (4096 -1024 1984 ) (4096 -1024 64 ) 
4 48 49 (4096 0 1984 ) (4096 0 64 ) (4096 -1024 64 ) (4096 -1024 1984 ) 
4 49 64 (3072 -1024 64 ) (3072 -1024 1984 ) (3072 0 1984 ) (3072 0 64 ) 
4 49 51 (4096 -1024 64 ) (4096 -1024 1984 ) (3072 -1024 1984 ) (3072 -1024 64 ) 
4 50 95 (5120 -2048 64 ) (5120 -2048 1984 ) (4096 -2048 1984 ) (4096 -2048 64 ) 
4 50 51 (4096 -1024 1984 ) (4096 -1024 64 ) (4096 -2048 64 ) (4096 -2048 1984 ) 
4 51 96 (4096 -2048 64 ) (4096 -2048 1984 ) (3072 -2048 1984 ) (3072 -2048 64 ) 
4 51 66 (3072 -2048 64 ) (3072 -2048 1984 ) (3072 -1024 1984 ) (3072 -1024 64 ) 
4 52 54 (3072 2048 64 ) (3072 2048 1984 ) (2048 2048 1984 ) (2048 2048 64 ) 
4 52 53 (2048 3072 1984 ) (2048 3072 64 ) (2048 2048 64 ) (2048 2048 1984 ) 
4 53 56 (1024 3072 1984 ) (1024 3072 64 ) (1024 2048 64 ) (1024 2048 1984 ) 
4 53 55 (2048 2048 64 ) (2048 2048 1984 ) (1024 2048 1984 ) (1024 2048 64 ) 
4 54 62 (3072 1024 64 ) (3072 1024 1984 ) (2048 1024 1984 ) (2048 1024 64 ) 
4 54 55 (2048 2048 1984 ) (2048 2048 64 ) (2048 1024 64 ) (2048 1024 1984 ) 
4 55 63 (2048 1024 64 ) (2048 1024 1984 ) (1024 1024 1984 ) (1024 1024 64 ) 
4 55 57 (1024 1024 64 ) (1024 1024 1984 ) (1024 2048 1984 ) (1024 2048 64 ) 
4 56 58 (0 2048 64 ) (0 2048 1984 ) (0 3072 1984 ) (0 3072 64 ) 
4 56 57 (1024 2048 64 ) (1024 2048 1984 ) (0 2048 1984 ) (0 2048 64 ) 
4 57 70 (512 1024 78 ) (0 1024 78 ) (0 1024 64 ) (512 1024 64 ) 
4 57 69 (1024 1024 64 ) (1024 1024 78 ) (512 1024 78 ) (512 1024 64 ) 
4 57 68 (1024 1024 78 ) (1024 1024 1984 ) (0 1024 1984 ) (0 1024 78 ) 
4 57 60 (0 1024 64 ) (0 1024 1984 ) (0 2048 1984 ) (0 2048 64 ) 
4 58 60 (0 2048 64 ) (0 2048 1984 ) (-1024 2048 1984 ) (-1024 2048 64 ) 
4 58 59 (-1024 2048 64 ) (-1024 2048 1984 ) (-1024 3072 1984 ) (-1024 3072 64 ) 
4 59 125 (-2048 3072 1984 ) (-2048 3072 64 ) (-2048 2048 64 ) (-2048 2048 1984 ) 
4 59 61 (-2048 2048 1984 ) (-2048 2048 64 ) (-1024 2048 64 ) (-1024 2048 1984 ) 
4 60 74 (0 1024 64 ) (0 1024 78 ) (-512 1024 78 ) (-512 1024 64 ) 
4 60 77 (-512 1024 78 ) (-1024 1024 78 ) (-1024 1024 64 ) (-512 1024 64 ) 
4 60 73 (0 1024 78 ) (0 1024 1984 ) (-1024 1024 1984 ) (-1024 1024 78 ) 
4 60 61 (-1024 2048 1984 ) (-1024 2048 64 ) (-1024 1024 64 ) (-1024 1024 1984 ) 
4 61 127 (-2048 1024 64 ) (-2048 1024 1984 ) (-2048 2048 1984 ) (-2048 2048 64 ) 
4 61 78 (-1024 1024 64 ) (-1024 1024 1984 ) (-2048 1024 1984 ) (-2048 1024 64 ) 
4 62 64 (3072 0 64 ) (3072 0 1984 ) (2048 0 1984 ) (2048 0 64 ) 
4 62 63 (2048 1024 1984 ) (2048 1024 64 ) (2048 0 64 ) (2048 0 1984 ) 
4 63 69 (1024 1024 78 ) (1024 1024 64 ) (1024 0 64 ) (1024 0 78 ) 
4 63 68 (1024 1024 1984 ) (1024 1024 78 ) (1024 0 78 ) (1024 0 1984 ) 
4 63 65 (2048 0 64 ) (2048 0 1984 ) (1024 0 1984 ) (1024 0 64 ) 
4 64 66 (3072 -1024 64 ) (3072 -1024 1984 ) (2048 -1024 1984 ) (2048 -1024 64 ) 
4 64 65 (2048 -1024 64 ) (2048 -1024 1984 ) (2048 0 1984 ) (2048 0 64 ) 
4 65 80 (1024 -1024 64 ) (1024 -1024 78 ) (1024 0 78 ) (1024 0 64 ) 
4 65 79 (1024 -1024 78 ) (1024 -1024 1984 ) (1024 0 1984 ) (1024 0 78 ) 
4 65 67 (1024 -1024 1984 ) (1024 -1024 64 ) (2048 -1024 64 ) (2048 -1024 1984 ) 
4 66 105 (3072 -2048 64 ) (3072 -2048 1984 ) (2048 -2048 1984 ) (2048 -2048 64 ) 
4 66 67 (2048 -1024 1984 ) (2048 -1024 64 ) (2048 -2048 64 ) (2048 -2048 1984 ) 
4 67 106 (2048 -2048 64 ) (2048 -2048 1984 ) (1024 -2048 1984 ) (1024 -2048 64 ) 
4 67 84 (1024 -2048 64 ) (1024 -2048 1984 ) (1024 -1024 1984 ) (1024 -1024 64 ) 
4 68 79 (1024 0 78 ) (1024 0 1984 ) (0 0 1984 ) (0 0 78 ) 
4 68 73 (0 1024 1984 ) (0 1024 78 ) (0 0 78 ) (0 0 1984 ) 
4 68 72 (0 448 78 ) (0 512 78 ) (448 512 78 ) (448 448 78 ) 
4 68 71 (448 512 78 ) (512 512 78 ) (512 0 78 ) (448 0 78 ) 
4 68 70 (0 512 78 ) (0 1024 78 ) (512 1024 78 ) (512 512 78 ) 
4 68 69 (512 1024 78 ) (1024 1024 78 ) (1024 0 78 ) (512 0 78 ) 
4 69 80 (1024 0 64 ) (1024 0 78 ) (512 0 78 ) (512 0 64 ) 
4 69 71 (512 0 74 ) (512 0 78 ) (512 512 78 ) (512 512 74 ) 
4 69 70 (512 1024 64 ) (512 512 64 ) (512 512 78 ) (512 1024 78 ) 
4 70 74 (0 1024 78 ) (0 1024 64 ) (0 512 64 ) (0 512 78 ) 
4 70 72 (448 512 74 ) (448 512 78 ) (0 512 78 ) (0 512 74 ) 
4 70 71 (512 512 74 ) (512 512 78 ) (448 512 78 ) (448 512 74 ) 
4 71 81 (512 0 78 ) (448 0 78 ) (448 0 74 ) (512 0 74 ) 
4 71 72 (448 512 78 ) (448 512 74 ) (448 448 74 ) (448 448 78 ) 
4 72 75 (0 448 78 ) (0 512 78 ) (0 512 74 ) (0 448 74 ) 
4 73 85 (0 0 78 ) (0 0 1984 ) (-1024 0 1984 ) (-1024 0 78 ) 
4 73 78 (-1024 0 78 ) (-1024 0 1984 ) (-1024 1024 1984 ) (-1024 1024 78 ) 
4 73 76 (-448 0 78 ) (-512 0 78 ) (-512 512 78 ) (-448 512 78 ) 
4 73 75 (0 512 78 ) (0 448 78 ) (-448 448 78 ) (-448 512 78 ) 
4 73 74 (-512 1024 78 ) (0 1024 78 ) (0 512 78 ) (-512 512 78 ) 
4 73 77 (-1024 0 78 ) (-1024 1024 78 ) (-512 1024 78 ) (-512 0 78 ) 
4 74 76 (-512 512 78 ) (-512 512 74 ) (-448 512 74 ) (-448 512 78 ) 
4 74 75 (0 512 74 ) (0 512 78 ) (-448 512 78 ) (-448 512 74 ) 
4 74 77 (-512 1024 64 ) (-512 512 64 ) (-512 512 78 ) (-512 1024 78 ) 
4 75 76 (-448 512 78 ) (-448 512 74 ) (-448 448 74 ) (-448 448 78 ) 
4 76 87 (-448 0 78 ) (-512 0 78 ) (-512 0 74 ) (-448 0 74 ) 
4 76 77 (-512 0 74 ) (-512 0 78 ) (-512 512 78 ) (-512 512 74 ) 
4 77 89 (-512 0 78 ) (-1024 0 78 ) (-1024 0 64 ) (-512 0 64 ) 
4 77 78 (-1024 0 64 ) (-1024 0 78 ) (-1024 1024 78 ) (-1024 1024 64 ) 
4 78 133 (-2048 0 64 ) (-2048 0 1984 ) (-2048 1024 1984 ) (-2048 1024 64 ) 
4 78 90 (-1024 0 64 ) (-1024 0 1984 ) (-2048 0 1984 ) (-2048 0 64 ) 
4 79 85 (0 0 1984 ) (0 0 78 ) (0 -1024 78 ) (0 -1024 1984 ) 
4 79 84 (1024 -1024 78 ) (1024 -1024 1984 ) (0 -1024 1984 ) (0 -1024 78 ) 
4 79 82 (0 -512 78 ) (0 -448 78 ) (448 -448 78 ) (448 -512 78 ) 
4 79 81 (448 0 78 ) (512 0 78 ) (512 -512 78 ) (448 -512 78 ) 
4 79 83 (512 -1024 78 ) (0 -1024 78 ) (0 -512 78 ) (512 -512 78 ) 
4 79 80 (1024 -1024 78 ) (512 -1024 78 ) (512 0 78 ) (1024 0 78 ) 
4 80 84 (1024 -1024 64 ) (1024 -1024 78 ) (512 -1024 78 ) (512 -1024 64 ) 
4 80 81 (512 -512 74 ) (512 -512 78 ) (512 0 78 ) (512 0 74 ) 
4 80 83 (512 -512 64 ) (512 -1024 64 ) (512 -1024 78 ) (512 -512 78 ) 
4 81 82 (448 -512 74 ) (448 -512 78 ) (448 -448 78 ) (448 -448 74 ) 
4 81 83 (512 -512 74 ) (512 -512 78 ) (448 -512 78 ) (448 -512 74 ) 
4 82 86 (0 -448 74 ) (0 -512 74 ) (0 -512 78 ) (0 -448 78 ) 
4 82 83 (448 -512 74 ) (448 -512 78 ) (0 -512 78 ) (0 -512 74 ) 
4 83 88 (0 -512 64 ) (0 -1024 64 ) (0 -1024 78 ) (0 -512 78 ) 
4 83 84 (512 -1024 78 ) (0 -1024 78 ) (0 -1024 64 ) (512 -1024 64 ) 
4 84 109 (1024 -2048 64 ) (1024 -2048 1984 ) (0 -2048 1984 ) (0 -2048 64 ) 
4 84 91 (0 -2048 64 ) (0 -2048 1984 ) (0 -1024 1984 ) (0 -1024 64 ) 
4 85 91 (0 -1024 78 ) (0 -1024 1984 ) (-1024 -1024 1984 ) (-1024 -1024 78 ) 
4 85 90 (-1024 0 1984 ) (-1024 0 78 ) (-1024 -1024 78 ) (-1024 -1024 1984 ) 
4 85 87 (-512 0 78 ) (-448 0 78 ) (-448 -512 78 ) (-512 -512 78 ) 
4 85 86 (0 -448 78 ) (0 -512 78 ) (-448 -512 78 ) (-448 -448 78 ) 
4 85 88 (0 -512 78 ) (0 -1024 78 ) (-512 -1024 78 ) (-512 -512 78 ) 
4 85 89 (-1024 -1024 78 ) (-1024 0 78 ) (-512 0 78 ) (-512 -1024 78 ) 
4 86 87 (-448 -512 74 ) (-448 -512 78 ) (-448 -448 78 ) (-448 -448 74 ) 
4 86 88 (0 -512 74 ) (0 -512 78 ) (-448 -512 78 ) (-448 -512 74 ) 
4 87 89 (-512 -512 74 ) (-512 -512 78 ) (-512 0 78 ) (-512 0 74 ) 
4 87 88 (-512 -512 78 ) (-512 -512 74 ) (-448 -512 74 ) (-448 -512 78 ) 
4 88 91 (0 -1024 64 ) (0 -1024 78 ) (-512 -1024 78 ) (-512 -1024 64 ) 
4 88 89 (-512 -512 64 ) (-512 -1024 64 ) (-512 -1024 78 ) (-512 -512 78 ) 
4 89 91 (-512 -1024 78 ) (-1024 -1024 78 ) (-1024 -1024 64 ) (-512 -1024 64 ) 
4 89 90 (-1024 0 78 ) (-1024 0 64 ) (-1024 -1024 64 ) (-1024 -1024 78 ) 
4 90 135 (-2048 -1024 64 ) (-2048 -1024 1984 ) (-2048 0 1984 ) (-2048 0 64 ) 
4 90 92 (-1024 -1024 64 ) (-1024 -1024 1984 ) (-2048 -1024 1984 ) (-2048 -1024 64 ) 
4 91 111 (0 -2048 64 ) (0 -2048 1984 ) (-1024 -2048 1984 ) (-1024 -2048 64 ) 
4 91 92 (-1024 -1024 1984 ) (-1024 -1024 64 ) (-1024 -2048 64 ) (-1024 -2048 1984 ) 
4 92 137 (-2048 -2048 64 ) (-2048 -2048 1984 ) (-2048 -1024 1984 ) (-2048 -1024 64 ) 
4 92 112 (-1024 -2048 64 ) (-1024 -2048 1984 ) (-2048 -2048 1984 ) (-2048 -2048 64 ) 
4 93 95 (5120 -3072 64 ) (5120 -3072 1984 ) (5120 -2048 1984 ) (5120 -2048 64 ) 
4 93 94 (6080 -3072 64 ) (6080 -3072 1984 ) (5120 -3072 1984 ) (5120 -3072 64 ) 
4 94 99 (6080 -4096 64 ) (6080 -4096 1984 ) (5120 -4096 1984 ) (5120 -4096 64 ) 
4 94 97 (5120 -4096 64 ) (5120 -4096 1984 ) (5120 -3072 1984 ) (5120 -3072 64 ) 
4 95 97 (5120 -3072 64 ) (5120 -3072 1984 ) (4096 -3072 1984 ) (4096 -3072 64 ) 
4 95 96 (4096 -3072 64 ) (4096 -3072 1984 ) (4096 -2048 1984 ) (4096 -2048 64 ) 
4 96 105 (3072 -2048 1984 ) (3072 -2048 64 ) (3072 -3072 64 ) (3072 -3072 1984 ) 
4 96 98 (3072 -3072 1984 ) (3072 -3072 64 ) (4096 -3072 64 ) (4096 -3072 1984 ) 
4 97 100 (5120 -4096 64 ) (5120 -4096 1984 ) (4096 -4096 1984 ) (4096 -4096 64 ) 
4 97 98 (4096 -3072 1984 ) (4096 -3072 64 ) (4096 -4096 64 ) (4096 -4096 1984 ) 
4 98 107 (3072 -4096 64 ) (3072 -4096 1984 ) (3072 -3072 1984 ) (3072 -3072 64 ) 
4 98 101 (4096 -4096 64 ) (4096 -4096 1984 ) (3072 -4096 1984 ) (3072 -4096 64 ) 
4 99 102 (6080 -5120 64 ) (6080 -5120 1984 ) (5120 -5120 1984 ) (5120 -5120 64 ) 
4 99 100 (5120 -4096 1984 ) (5120 -4096 64 ) (5120 -5120 64 ) (5120 -5120 1984 ) 
4 100 103 (5120 -5120 64 ) (5120 -5120 1984 ) (4096 -5120 1984 ) (4096 -5120 64 ) 
4 100 101 (4096 -5120 64 ) (4096 -5120 1984 ) (4096 -4096 1984 ) (4096 -4096 64 ) 
4 101 115 (3072 -5120 64 ) (3072 -5120 1984 ) (3072 -4096 1984 ) (3072 -4096 64 ) 
4 101 104 (4096 -5120 64 ) (4096 -5120 1984 ) (3072 -5120 1984 ) (3072 -5120 64 ) 
4 102 103 (5120 -5120 1984 ) (5120 -5120 64 ) (5120 -6080 64 ) (5120 -6080 1984 ) 
4 103 104 (4096 -5120 1984 ) (4096 -5120 64 ) (4096 -6080 64 ) (4096 -6080 1984 ) 
4 104 117 (3072 -6080 64 ) (3072 -6080 1984 ) (3072 -5120 1984 ) (3072 -5120 64 ) 
4 105 107 (3072 -3072 64 ) (3072 -3072 1984 ) (2048 -3072 1984 ) (2048 -3072 64 ) 
4 105 106 (2048 -2048 1984 ) (2048 -2048 64 ) (2048 -3072 64 ) (2048 -3072 1984 ) 
4 106 109 (1024 -2048 1984 ) (1024 -2048 64 ) (1024 -3072 64 ) (1024 -3072 1984 ) 
4 106 108 (2048 -3072 64 ) (2048 -3072 1984 ) (1024 -3072 1984 ) (1024 -3072 64 ) 
4 107 115 (3072 -4096 64 ) (3072 -4096 1984 ) (2048 -4096 1984 ) (2048 -4096 64 ) 
4 107 108 (2048 -3072 1984 ) (2048 -3072 64 ) (2048 -4096 64 ) (2048 -4096 1984 ) 
4 108 116 (2048 -4096 64 ) (2048 -4096 1984 ) (1024 -4096 1984 ) (1024 -4096 64 ) 
4 108 110 (1024 -4096 64 ) (1024 -4096 1984 ) (1024 -3072 1984 ) (1024 -3072 64 ) 
4 109 111 (0 -3072 64 ) (0 -3072 1984 ) (0 -2048 1984 ) (0 -2048 64 ) 
4 109 110 (1024 -3072 64 ) (1024 -3072 1984 ) (0 -3072 1984 ) (0 -3072 64 ) 
4 110 119 (1024 -4096 64 ) (1024 -4096 1984 ) (0 -4096 1984 ) (0 -4096 64 ) 
4 110 113 (0 -4096 64 ) (0 -4096 1984 ) (0 -3072 1984 ) (0 -3072 64 ) 
4 111 113 (0 -3072 64 ) (0 -3072 1984 ) (-1024 -3072 1984 ) (-1024 -3072 64 ) 
4 111 112 (-1024 -3072 64 ) (-1024 -3072 1984 ) (-1024 -2048 1984 ) (-1024 -2048 64 ) 
4 112 145 (-2048 -3072 64 ) (-2048 -3072 1984 ) (-2048 -2048 1984 ) (-2048 -2048 64 ) 
4 112 114 (-2048 -3072 1984 ) (-2048 -3072 64 ) (-1024 -3072 64 ) (-1024 -3072 1984 ) 
4 113 120 (0 -4096 64 ) (0 -4096 1984 ) (-1024 -4096 1984 ) (-1024 -4096 64 ) 
4 113 114 (-1024 -3072 1984 ) (-1024 -3072 64 ) (-1024 -4096 64 ) (-1024 -4096 1984 ) 
4 114 147 (-2048 -4096 64 ) (-2048 -4096 1984 ) (-2048 -3072 1984 ) (-2048 -3072 64 ) 
4 114 121 (-1024 -4096 64 ) (-1024 -4096 1984 ) (-2048 -4096 1984 ) (-2048 -4096 64 ) 
4 115 117 (3072 -5120 64 ) (3072 -5120 1984 ) (2048 -5120 1984 ) (2048 -5120 64 ) 
4 115 116 (2048 -4096 1984 ) (2048 -4096 64 ) (2048 -5120 64 ) (2048 -5120 1984 ) 
4 116 119 (1024 -4096 1984 ) (1024 -4096 64 ) (1024 -5120 64 ) (1024 -5120 1984 ) 
4 116 118 (2048 -5120 64 ) (2048 -5120 1984 ) (1024 -5120 1984 ) (1024 -5120 64 ) 
4 117 118 (2048 -6080 64 ) (2048 -6080 1984 ) (2048 -5120 1984 ) (2048 -5120 64 ) 
4 118 122 (1024 -6080 64 ) (1024 -6080 1984 ) (1024 -5120 1984 ) (1024 -5120 64 ) 
4 119 122 (1024 -5120 64 ) (1024 -5120 1984 ) (0 -5120 1984 ) (0 -5120 64 ) 
4 119 120 (0 -4096 1984 ) (0 -4096 64 ) (0 -5120 64 ) (0 -5120 1984 ) 
4 120 123 (0 -5120 64 ) (0 -5120 1984 ) (-1024 -5120 1984 ) (-1024 -5120 64 ) 
4 120 121 (-1024 -5120 64 ) (-1024 -5120 1984 ) (-1024 -4096 1984 ) (-1024 -4096 64 ) 
4 121 153 (-2048 -5120 64 ) (-2048 -5120 1984 ) (-2048 -4096 1984 ) (-2048 -4096 64 ) 
4 121 124 (-1024 -5120 64 ) (-1024 -5120 1984 ) (-2048 -5120 1984 ) (-2048 -5120 64 ) 
4 122 123 (0 -5120 1984 ) (0 -5120 64 ) (0 -6080 64 ) (0 -6080 1984 ) 
4 123 124 (-1024 -5120 1984 ) (-1024 -5120 64 ) (-1024 -6080 64 ) (-1024 -6080 1984 ) 
4 124 155 (-2048 -6080 64 ) (-2048 -6080 1984 ) (-2048 -5120 1984 ) (-2048 -5120 64 ) 
4 125 127 (-2048 2048 64 ) (-2048 2048 1984 ) (-3072 2048 1984 ) (-3072 2048 64 ) 
4 125 126 (-3072 3072 1984 ) (-3072 3072 64 ) (-3072 2048 64 ) (-3072 2048 1984 ) 
4 126 129 (-4096 3072 1984 ) (-4096 3072 64 ) (-4096 2048 64 ) (-4096 2048 1984 ) 
4 126 128 (-3072 2048 64 ) (-3072 2048 1984 ) (-4096 2048 1984 ) (-4096 2048 64 ) 
4 127 133 (-2048 1024 64 ) (-2048 1024 1984 ) (-3072 1024 1984 ) (-3072 1024 64 ) 
4 127 128 (-3072 2048 1984 ) (-3072 2048 64 ) (-3072 1024 64 ) (-3072 1024 1984 ) 
4 128 134 (-3072 1024 64 ) (-3072 1024 1984 ) (-4096 1024 1984 ) (-4096 1024 64 ) 
4 128 130 (-4096 1024 64 ) (-4096 1024 1984 ) (-4096 2048 1984 ) (-4096 2048 64 ) 
4 129 131 (-5120 2048 64 ) (-5120 2048 1984 ) (-5120 3072 1984 ) (-5120 3072 64 ) 
4 129 130 (-4096 2048 64 ) (-4096 2048 1984 ) (-5120 2048 1984 ) (-5120 2048 64 ) 
4 130 139 (-4096 1024 64 ) (-4096 1024 1984 ) (-5120 1024 1984 ) (-5120 1024 64 ) 
4 130 132 (-5120 1024 64 ) (-5120 1024 1984 ) (-5120 2048 1984 ) (-5120 2048 64 ) 
4 131 132 (-5120 2048 64 ) (-5120 2048 1984 ) (-6080 2048 1984 ) (-6080 2048 64 ) 
4 132 140 (-5120 1024 64 ) (-5120 1024 1984 ) (-6080 1024 1984 ) (-6080 1024 64 ) 
4 133 135 (-2048 0 64 ) (-2048 0 1984 ) (-3072 0 1984 ) (-3072 0 64 ) 
4 133 134 (-3072 1024 1984 ) (-3072 1024 64 ) (-3072 0 64 ) (-3072 0 1984 ) 
4 134 139 (-4096 1024 1984 ) (-4096 1024 64 ) (-4096 0 64 ) (-4096 0 1984 ) 
4 134 136 (-3072 0 64 ) (-3072 0 1984 ) (-4096 0 1984 ) (-4096 0 64 ) 
4 135 137 (-2048 -1024 64 ) (-2048 -1024 1984 ) (-3072 -1024 1984 ) (-3072 -1024 64 ) 
4 135 136 (-3072 -1024 64 ) (-3072 -1024 1984 ) (-3072 0 1984 ) (-3072 0 64 ) 
4 136 141 (-4096 -1024 64 ) (-4096 -1024 1984 ) (-4096 0 1984 ) (-4096 0 64 ) 
4 136 138 (-4096 -1024 1984 ) (-4096 -1024 64 ) (-3072 -1024 64 ) (-3072 -1024 1984 ) 
4 137 145 (-2048 -2048 64 ) (-2048 -2048 1984 ) (-3072 -2048 1984 ) (-3072 -2048 64 ) 
4 137 138 (-3072 -1024 1984 ) (-3072 -1024 64 ) (-3072 -2048 64 ) (-3072 -2048 1984 ) 
4 138 146 (-3072 -2048 64 ) (-3072 -2048 1984 ) (-4096 -2048 1984 ) (-4096 -2048 64 ) 
4 138 142 (-4096 -2048 64 ) (-4096 -2048 1984 ) (-4096 -1024 1984 ) (-4096 -1024 64 ) 
4 139 141 (-4096 0 64 ) (-4096 0 1984 ) (-5120 0 1984 ) (-5120 0 64 ) 
4 139 140 (-5120 1024 1984 ) (-5120 1024 64 ) (-5120 0 64 ) (-5120 0 1984 ) 
4 140 143 (-5120 0 64 ) (-5120 0 1984 ) (-6080 0 1984 ) (-6080 0 64 ) 
4 141 143 (-5120 0 1984 ) (-5120 0 64 ) (-5120 -1024 64 ) (-5120 -1024 1984 ) 
4 141 142 (-4096 -1024 64 ) (-4096 -1024 1984 ) (-5120 -1024 1984 ) (-5120 -1024 64 ) 
4 142 149 (-4096 -2048 64 ) (-4096 -2048 1984 ) (-5120 -2048 1984 ) (-5120 -2048 64 ) 
4 142 144 (-5120 -2048 64 ) (-5120 -2048 1984 ) (-5120 -1024 1984 ) (-5120 -1024 64 ) 
4 143 144 (-5120 -1024 64 ) (-5120 -1024 1984 ) (-6080 -1024 1984 ) (-6080 -1024 64 ) 
4 144 151 (-5120 -2048 64 ) (-5120 -2048 1984 ) (-6080 -2048 1984 ) (-6080 -2048 64 ) 
4 145 147 (-2048 -3072 64 ) (-2048 -3072 1984 ) (-3072 -3072 1984 ) (-3072 -3072 64 ) 
4 145 146 (-3072 -2048 1984 ) (-3072 -2048 64 ) (-3072 -3072 64 ) (-3072 -3072 1984 ) 
4 146 149 (-4096 -2048 1984 ) (-4096 -2048 64 ) (-4096 -3072 64 ) (-4096 -3072 1984 ) 
4 146 148 (-3072 -3072 64 ) (-3072 -3072 1984 ) (-4096 -3072 1984 ) (-4096 -3072 64 ) 
4 147 153 (-2048 -4096 64 ) (-2048 -4096 1984 ) (-3072 -4096 1984 ) (-3072 -4096 64 ) 
4 147 148 (-3072 -3072 1984 ) (-3072 -3072 64 ) (-3072 -4096 64 ) (-3072 -4096 1984 ) 
4 148 154 (-3072 -4096 64 ) (-3072 -4096 1984 ) (-4096 -4096 1984 ) (-4096 -4096 64 ) 
4 148 150 (-4096 -4096 64 ) (-4096 -4096 1984 ) (-4096 -3072 1984 ) (-4096 -3072 64 ) 
4 149 151 (-5120 -3072 64 ) (-5120 -3072 1984 ) (-5120 -2048 1984 ) (-5120 -2048 64 ) 
4 149 150 (-4096 -3072 64 ) (-4096 -3072 1984 ) (-5120 -3072 1984 ) (-5120 -3072 64 ) 
4 150 157 (-4096 -4096 64 ) (-4096 -4096 1984 ) (-5120 -4096 1984 ) (-5120 -4096 64 ) 
4 150 152 (-5120 -4096 64 ) (-5120 -4096 1984 ) (-5120 -3072 1984 ) (-5120 -3072 64 ) 
4 151 152 (-5120 -3072 64 ) (-5120 -3072 1984 ) (-6080 -3072 1984 ) (-6080 -3072 64 ) 
4 152 158 (-5120 -4096 64 ) (-5120 -4096 1984 ) (-6080 -4096 1984 ) (-6080 -4096 64 ) 
4 153 155 (-2048 -5120 64 ) (-2048 -5120 1984 ) (-3072 -5120 1984 ) (-3072 -5120 64 ) 
4 153 154 (-3072 -4096 1984 ) (-3072 -4096 64 ) (-3072 -5120 64 ) (-3072 -5120 1984 ) 
4 154 157 (-4096 -4096 1984 ) (-4096 -4096 64 ) (-4096 -5120 64 ) (-4096 -5120 1984 ) 
4 154 156 (-3072 -5120 64 ) (-3072 -5120 1984 ) (-4096 -5120 1984 ) (-4096 -5120 64 ) 
4 155 156 (-3072 -6080 64 ) (-3072 -6080 1984 ) (-3072 -5120 1984 ) (-3072 -5120 64 ) 
4 156 159 (-4096 -6080 64 ) (-4096 -6080 1984 ) (-4096 -5120 1984 ) (-4096 -5120 64 ) 
4 157 159 (-4096 -5120 64 ) (-4096 -5120 1984 ) (-5120 -5120 1984 ) (-5120 -5120 64 ) 
4 157 158 (-5120 -4096 1984 ) (-5120 -4096 64 ) (-5120 -5120 64 ) (-5120 -5120 1984 ) 
4 158 160 (-5120 -5120 64 ) (-5120 -5120 1984 ) (-6080 -5120 1984 ) (-6080 -5120 64 ) 
4 159 160 (-5120 -5120 1984 ) (-5120 -5120 64 ) (-5120 -6080 64 ) (-5120 -6080 1984 ) 
