PRT1
434
1137
4 0 27 (4128 -5120 1600 ) (4096 -5120 1600 ) (4096 -5120 -1280 ) (4128 -5120 -1280 ) 
4 0 3 (4096 -5120 -1280 ) (4096 -5120 1600 ) (4096 -4992 1600 ) (4096 -4992 -1280 ) 
4 0 1 (4128 -5120 -1280 ) (4096 -5120 -1280 ) (4096 -4992 -1280 ) (4128 -4992 -1280 ) 
4 1 28 (4128 -5120 -1280 ) (4096 -5120 -1280 ) (4096 -5120 -2048 ) (4128 -5120 -2048 ) 
4 1 4 (4096 -5120 -2048 ) (4096 -5120 -1280 ) (4096 -4992 -1280 ) (4096 -4992 -2048 ) 
4 1 2 (4128 -5120 -2048 ) (4096 -5120 -2048 ) (4096 -4992 -2048 ) (4128 -4992 -2048 ) 
4 2 29 (4128 -5120 -2048 ) (4096 -5120 -2048 ) (4096 -5120 -2688 ) (4128 -5120 -2688 ) 
4 2 5 (4096 -5120 -2688 ) (4096 -5120 -2048 ) (4096 -4992 -2048 ) (4096 -4992 -2688 ) 
4 3 30 (4096 -5120 -1280 ) (4096 -5120 1600 ) (3072 -5120 1600 ) (3072 -5120 -1280 ) 
4 3 6 (3072 -5120 -1280 ) (3072 -5120 1600 ) (3072 -4992 1600 ) (3072 -4992 -1280 ) 
4 3 4 (3072 -5120 -1280 ) (3072 -4992 -1280 ) (4096 -4992 -1280 ) (4096 -5120 -1280 ) 
4 4 31 (4096 -5120 -2048 ) (4096 -5120 -1280 ) (3072 -5120 -1280 ) (3072 -5120 -2048 ) 
4 4 7 (3072 -5120 -2048 ) (3072 -5120 -1280 ) (3072 -4992 -1280 ) (3072 -4992 -2048 ) 
4 4 5 (4096 -5120 -2048 ) (3072 -5120 -2048 ) (3072 -4992 -2048 ) (4096 -4992 -2048 ) 
4 5 32 (4096 -5120 -2688 ) (4096 -5120 -2048 ) (3072 -5120 -2048 ) (3072 -5120 -2688 ) 
4 5 8 (3072 -5120 -2688 ) (3072 -5120 -2048 ) (3072 -4992 -2048 ) (3072 -4992 -2688 ) 
4 6 57 (3072 -5120 -1280 ) (3072 -5120 1600 ) (2048 -5120 1600 ) (2048 -5120 -1280 ) 
4 6 9 (2048 -5120 -1280 ) (2048 -5120 1600 ) (2048 -4992 1600 ) (2048 -4992 -1280 ) 
4 6 7 (3072 -5120 -1280 ) (2048 -5120 -1280 ) (2048 -4992 -1280 ) (3072 -4992 -1280 ) 
4 7 58 (3072 -5120 -2048 ) (3072 -5120 -1280 ) (2048 -5120 -1280 ) (2048 -5120 -2048 ) 
4 7 10 (2048 -5120 -2048 ) (2048 -5120 -1280 ) (2048 -4992 -1280 ) (2048 -4992 -2048 ) 
4 7 8 (2048 -5120 -2048 ) (2048 -4992 -2048 ) (3072 -4992 -2048 ) (3072 -5120 -2048 ) 
4 8 59 (3072 -5120 -2688 ) (3072 -5120 -2048 ) (2048 -5120 -2048 ) (2048 -5120 -2688 ) 
4 8 11 (2048 -5120 -2688 ) (2048 -5120 -2048 ) (2048 -4992 -2048 ) (2048 -4992 -2688 ) 
4 9 60 (2048 -5120 -1280 ) (2048 -5120 1600 ) (1024 -5120 1600 ) (1024 -5120 -1280 ) 
4 9 12 (1024 -5120 -1280 ) (1024 -5120 1600 ) (1024 -4992 1600 ) (1024 -4992 -1280 ) 
4 9 10 (1024 -5120 -1280 ) (1024 -4992 -1280 ) (2048 -4992 -1280 ) (2048 -5120 -1280 ) 
4 10 61 (2048 -5120 -2048 ) (2048 -5120 -1280 ) (1024 -5120 -1280 ) (1024 -5120 -2048 ) 
4 10 13 (1024 -5120 -2048 ) (1024 -5120 -1280 ) (1024 -4992 -1280 ) (1024 -4992 -2048 ) 
4 10 11 (2048 -5120 -2048 ) (1024 -5120 -2048 ) (1024 -4992 -2048 ) (2048 -4992 -2048 ) 
4 11 62 (2048 -5120 -2688 ) (2048 -5120 -2048 ) (1024 -5120 -2048 ) (1024 -5120 -2688 ) 
4 11 14 (1024 -5120 -2688 ) (1024 -5120 -2048 ) (1024 -4992 -2048 ) (1024 -4992 -2688 ) 
4 12 71 (1024 -5120 -1280 ) (1024 -5120 1600 ) (0 -5120 1600 ) (0 -5120 -1280 ) 
4 12 15 (0 -5120 -1280 ) (0 -5120 1600 ) (0 -4992 1600 ) (0 -4992 -1280 ) 
4 12 13 (1024 -5120 -1280 ) (0 -5120 -1280 ) (0 -4992 -1280 ) (1024 -4992 -1280 ) 
4 13 72 (1024 -5120 -2048 ) (1024 -5120 -1280 ) (0 -5120 -1280 ) (0 -5120 -2048 ) 
4 13 16 (0 -5120 -2048 ) (0 -5120 -1280 ) (0 -4992 -1280 ) (0 -4992 -2048 ) 
4 13 14 (0 -5120 -2048 ) (0 -4992 -2048 ) (1024 -4992 -2048 ) (1024 -5120 -2048 ) 
4 14 73 (1024 -5120 -2688 ) (1024 -5120 -2048 ) (0 -5120 -2048 ) (0 -5120 -2688 ) 
4 14 17 (0 -5120 -2688 ) (0 -5120 -2048 ) (0 -4992 -2048 ) (0 -4992 -2688 ) 
4 15 74 (0 -5120 -1280 ) (0 -5120 1600 ) (-1024 -5120 1600 ) (-1024 -5120 -1280 ) 
4 15 18 (-1024 -5120 -1280 ) (-1024 -5120 1600 ) (-1024 -4992 1600 ) (-1024 -4992 -1280 ) 
4 15 16 (-1024 -5120 -1280 ) (-1024 -4992 -1280 ) (0 -4992 -1280 ) (0 -5120 -1280 ) 
4 16 75 (0 -5120 -2048 ) (0 -5120 -1280 ) (-1024 -5120 -1280 ) (-1024 -5120 -2048 ) 
4 16 19 (-1024 -5120 -2048 ) (-1024 -5120 -1280 ) (-1024 -4992 -1280 ) (-1024 -4992 -2048 ) 
4 16 17 (0 -5120 -2048 ) (-1024 -5120 -2048 ) (-1024 -4992 -2048 ) (0 -4992 -2048 ) 
4 17 76 (0 -5120 -2688 ) (0 -5120 -2048 ) (-1024 -5120 -2048 ) (-1024 -5120 -2688 ) 
4 17 20 (-1024 -5120 -2688 ) (-1024 -5120 -2048 ) (-1024 -4992 -2048 ) (-1024 -4992 -2688 ) 
4 18 389 (-1024 -5120 -1280 ) (-1024 -5120 1600 ) (-2048 -5120 1600 ) (-2048 -5120 -1280 ) 
4 18 21 (-2048 -5120 -1280 ) (-2048 -5120 1600 ) (-2048 -4992 1600 ) (-2048 -4992 -1280 ) 
4 18 19 (-1024 -5120 -1280 ) (-2048 -5120 -1280 ) (-2048 -4992 -1280 ) (-1024 -4992 -1280 ) 
4 19 390 (-1024 -5120 -2048 ) (-1024 -5120 -1280 ) (-2048 -5120 -1280 ) (-2048 -5120 -2048 ) 
4 19 22 (-2048 -5120 -2048 ) (-2048 -5120 -1280 ) (-2048 -4992 -1280 ) (-2048 -4992 -2048 ) 
4 19 20 (-2048 -5120 -2048 ) (-2048 -4992 -2048 ) (-1024 -4992 -2048 ) (-1024 -5120 -2048 ) 
4 20 391 (-1024 -5120 -2688 ) (-1024 -5120 -2048 ) (-2048 -5120 -2048 ) (-2048 -5120 -2688 ) 
4 20 23 (-2048 -5120 -2688 ) (-2048 -5120 -2048 ) (-2048 -4992 -2048 ) (-2048 -4992 -2688 ) 
4 21 392 (-2048 -5120 -1280 ) (-2048 -5120 1600 ) (-3072 -5120 1600 ) (-3072 -5120 -1280 ) 
4 21 24 (-3072 -5120 -1280 ) (-3072 -5120 1600 ) (-3072 -4992 1600 ) (-3072 -4992 -1280 ) 
4 21 22 (-3072 -5120 -1280 ) (-3072 -4992 -1280 ) (-2048 -4992 -1280 ) (-2048 -5120 -1280 ) 
4 22 393 (-2048 -5120 -2048 ) (-2048 -5120 -1280 ) (-3072 -5120 -1280 ) (-3072 -5120 -2048 ) 
4 22 25 (-3072 -5120 -2048 ) (-3072 -5120 -1280 ) (-3072 -4992 -1280 ) (-3072 -4992 -2048 ) 
4 22 23 (-2048 -5120 -2048 ) (-3072 -5120 -2048 ) (-3072 -4992 -2048 ) (-2048 -4992 -2048 ) 
4 23 394 (-2048 -5120 -2688 ) (-2048 -5120 -2048 ) (-3072 -5120 -2048 ) (-3072 -5120 -2688 ) 
4 23 26 (-3072 -5120 -2688 ) (-3072 -5120 -2048 ) (-3072 -4992 -2048 ) (-3072 -4992 -2688 ) 
4 24 401 (-3072 -5120 -1280 ) (-3072 -5120 1600 ) (-3392 -5120 1600 ) (-3392 -5120 -1280 ) 
4 24 25 (-3072 -5120 -1280 ) (-3392 -5120 -1280 ) (-3392 -4992 -1280 ) (-3072 -4992 -1280 ) 
4 25 402 (-3072 -5120 -2048 ) (-3072 -5120 -1280 ) (-3392 -5120 -1280 ) (-3392 -5120 -2048 ) 
4 25 26 (-3392 -4992 -2048 ) (-3072 -4992 -2048 ) (-3072 -5120 -2048 ) (-3392 -5120 -2048 ) 
4 26 403 (-3072 -5120 -2688 ) (-3072 -5120 -2048 ) (-3392 -5120 -2048 ) (-3392 -5120 -2688 ) 
4 27 33 (4128 -6144 1600 ) (4096 -6144 1600 ) (4096 -6144 -1280 ) (4128 -6144 -1280 ) 
4 27 30 (4096 -5120 1600 ) (4096 -5120 -1280 ) (4096 -6144 -1280 ) (4096 -6144 1600 ) 
4 27 28 (4128 -6144 -1280 ) (4096 -6144 -1280 ) (4096 -5120 -1280 ) (4128 -5120 -1280 ) 
4 28 34 (4128 -6144 -1280 ) (4096 -6144 -1280 ) (4096 -6144 -2048 ) (4128 -6144 -2048 ) 
4 28 31 (4096 -5120 -1280 ) (4096 -5120 -2048 ) (4096 -6144 -2048 ) (4096 -6144 -1280 ) 
4 28 29 (4128 -6144 -2048 ) (4096 -6144 -2048 ) (4096 -5120 -2048 ) (4128 -5120 -2048 ) 
4 29 35 (4128 -6144 -2048 ) (4096 -6144 -2048 ) (4096 -6144 -2688 ) (4128 -6144 -2688 ) 
4 29 32 (4096 -5120 -2048 ) (4096 -5120 -2688 ) (4096 -6144 -2688 ) (4096 -6144 -2048 ) 
4 30 57 (3072 -5120 1600 ) (3072 -5120 -1280 ) (3072 -6144 -1280 ) (3072 -6144 1600 ) 
4 30 36 (4096 -6144 -1280 ) (4096 -6144 1600 ) (3072 -6144 1600 ) (3072 -6144 -1280 ) 
4 30 31 (3072 -5120 -1280 ) (4096 -5120 -1280 ) (4096 -6144 -1280 ) (3072 -6144 -1280 ) 
4 31 58 (3072 -5120 -1280 ) (3072 -5120 -2048 ) (3072 -6144 -2048 ) (3072 -6144 -1280 ) 
4 31 37 (4096 -6144 -2048 ) (4096 -6144 -1280 ) (3072 -6144 -1280 ) (3072 -6144 -2048 ) 
4 31 32 (3072 -5120 -2048 ) (4096 -5120 -2048 ) (4096 -6144 -2048 ) (3072 -6144 -2048 ) 
4 32 59 (3072 -5120 -2048 ) (3072 -5120 -2688 ) (3072 -6144 -2688 ) (3072 -6144 -2048 ) 
4 32 38 (4096 -6144 -2688 ) (4096 -6144 -2048 ) (3072 -6144 -2048 ) (3072 -6144 -2688 ) 
4 33 39 (4128 -7168 1600 ) (4096 -7168 1600 ) (4096 -7168 -1280 ) (4128 -7168 -1280 ) 
4 33 36 (4096 -6144 1600 ) (4096 -6144 -1280 ) (4096 -7168 -1280 ) (4096 -7168 1600 ) 
4 33 34 (4128 -7168 -1280 ) (4096 -7168 -1280 ) (4096 -6144 -1280 ) (4128 -6144 -1280 ) 
4 34 40 (4128 -7168 -1280 ) (4096 -7168 -1280 ) (4096 -7168 -2048 ) (4128 -7168 -2048 ) 
4 34 37 (4096 -6144 -1280 ) (4096 -6144 -2048 ) (4096 -7168 -2048 ) (4096 -7168 -1280 ) 
4 34 35 (4128 -7168 -2048 ) (4096 -7168 -2048 ) (4096 -6144 -2048 ) (4128 -6144 -2048 ) 
4 35 41 (4128 -7168 -2048 ) (4096 -7168 -2048 ) (4096 -7168 -2688 ) (4128 -7168 -2688 ) 
4 35 38 (4096 -6144 -2048 ) (4096 -6144 -2688 ) (4096 -7168 -2688 ) (4096 -7168 -2048 ) 
4 36 63 (3072 -7168 -1280 ) (3072 -7168 1600 ) (3072 -6144 1600 ) (3072 -6144 -1280 ) 
4 36 42 (4096 -7168 -1280 ) (4096 -7168 1600 ) (3072 -7168 1600 ) (3072 -7168 -1280 ) 
4 36 37 (4096 -6144 -1280 ) (4096 -7168 -1280 ) (3072 -7168 -1280 ) (3072 -6144 -1280 ) 
4 37 64 (3072 -7168 -2048 ) (3072 -7168 -1280 ) (3072 -6144 -1280 ) (3072 -6144 -2048 ) 
4 37 43 (4096 -7168 -2048 ) (4096 -7168 -1280 ) (3072 -7168 -1280 ) (3072 -7168 -2048 ) 
4 37 38 (4096 -6144 -2048 ) (4096 -7168 -2048 ) (3072 -7168 -2048 ) (3072 -6144 -2048 ) 
4 38 65 (3072 -7168 -2688 ) (3072 -7168 -2048 ) (3072 -6144 -2048 ) (3072 -6144 -2688 ) 
4 38 44 (4096 -7168 -2688 ) (4096 -7168 -2048 ) (3072 -7168 -2048 ) (3072 -7168 -2688 ) 
4 39 45 (4128 -8192 1600 ) (4096 -8192 1600 ) (4096 -8192 -1280 ) (4128 -8192 -1280 ) 
4 39 42 (4096 -7168 1600 ) (4096 -7168 -1280 ) (4096 -8192 -1280 ) (4096 -8192 1600 ) 
4 39 40 (4128 -8192 -1280 ) (4096 -8192 -1280 ) (4096 -7168 -1280 ) (4128 -7168 -1280 ) 
4 40 46 (4128 -8192 -1280 ) (4096 -8192 -1280 ) (4096 -8192 -2048 ) (4128 -8192 -2048 ) 
4 40 43 (4096 -7168 -1280 ) (4096 -7168 -2048 ) (4096 -8192 -2048 ) (4096 -8192 -1280 ) 
4 40 41 (4128 -8192 -2048 ) (4096 -8192 -2048 ) (4096 -7168 -2048 ) (4128 -7168 -2048 ) 
4 41 47 (4128 -8192 -2048 ) (4096 -8192 -2048 ) (4096 -8192 -2688 ) (4128 -8192 -2688 ) 
4 41 44 (4096 -7168 -2048 ) (4096 -7168 -2688 ) (4096 -8192 -2688 ) (4096 -8192 -2048 ) 
4 42 345 (3072 -8192 -1280 ) (3072 -8192 1600 ) (3072 -7168 1600 ) (3072 -7168 -1280 ) 
4 42 48 (4096 -8192 -1280 ) (4096 -8192 1600 ) (3072 -8192 1600 ) (3072 -8192 -1280 ) 
4 42 43 (4096 -7168 -1280 ) (4096 -8192 -1280 ) (3072 -8192 -1280 ) (3072 -7168 -1280 ) 
4 43 346 (3072 -8192 -2048 ) (3072 -8192 -1280 ) (3072 -7168 -1280 ) (3072 -7168 -2048 ) 
4 43 49 (4096 -8192 -2048 ) (4096 -8192 -1280 ) (3072 -8192 -1280 ) (3072 -8192 -2048 ) 
4 43 44 (4096 -7168 -2048 ) (4096 -8192 -2048 ) (3072 -8192 -2048 ) (3072 -7168 -2048 ) 
4 44 347 (3072 -8192 -2688 ) (3072 -8192 -2048 ) (3072 -7168 -2048 ) (3072 -7168 -2688 ) 
4 44 50 (4096 -8192 -2688 ) (4096 -8192 -2048 ) (3072 -8192 -2048 ) (3072 -8192 -2688 ) 
4 45 51 (4128 -9216 1600 ) (4096 -9216 1600 ) (4096 -9216 -1280 ) (4128 -9216 -1280 ) 
4 45 48 (4096 -9216 -1280 ) (4096 -9216 1600 ) (4096 -8192 1600 ) (4096 -8192 -1280 ) 
4 45 46 (4128 -9216 -1280 ) (4096 -9216 -1280 ) (4096 -8192 -1280 ) (4128 -8192 -1280 ) 
4 46 52 (4128 -9216 -1280 ) (4096 -9216 -1280 ) (4096 -9216 -2048 ) (4128 -9216 -2048 ) 
4 46 49 (4096 -9216 -2048 ) (4096 -9216 -1280 ) (4096 -8192 -1280 ) (4096 -8192 -2048 ) 
4 46 47 (4128 -9216 -2048 ) (4096 -9216 -2048 ) (4096 -8192 -2048 ) (4128 -8192 -2048 ) 
4 47 53 (4128 -9216 -2048 ) (4096 -9216 -2048 ) (4096 -9216 -2688 ) (4128 -9216 -2688 ) 
4 47 50 (4096 -9216 -2688 ) (4096 -9216 -2048 ) (4096 -8192 -2048 ) (4096 -8192 -2688 ) 
4 48 355 (3072 -9216 -1280 ) (3072 -9216 1600 ) (3072 -8192 1600 ) (3072 -8192 -1280 ) 
4 48 54 (3072 -9216 1600 ) (3072 -9216 -1280 ) (4096 -9216 -1280 ) (4096 -9216 1600 ) 
4 48 49 (3072 -8192 -1280 ) (4096 -8192 -1280 ) (4096 -9216 -1280 ) (3072 -9216 -1280 ) 
4 49 356 (3072 -9216 -2048 ) (3072 -9216 -1280 ) (3072 -8192 -1280 ) (3072 -8192 -2048 ) 
4 49 55 (3072 -9216 -1280 ) (3072 -9216 -2048 ) (4096 -9216 -2048 ) (4096 -9216 -1280 ) 
4 49 50 (3072 -8192 -2048 ) (4096 -8192 -2048 ) (4096 -9216 -2048 ) (3072 -9216 -2048 ) 
4 50 357 (3072 -9216 -2688 ) (3072 -9216 -2048 ) (3072 -8192 -2048 ) (3072 -8192 -2688 ) 
4 50 56 (3072 -9216 -2048 ) (3072 -9216 -2688 ) (4096 -9216 -2688 ) (4096 -9216 -2048 ) 
4 51 54 (4096 -9216 1600 ) (4096 -9216 -1280 ) (4096 -10176 -1280 ) (4096 -10176 1600 ) 
4 51 52 (4096 -9216 -1280 ) (4128 -9216 -1280 ) (4128 -10176 -1280 ) (4096 -10176 -1280 ) 
4 52 55 (4096 -9216 -1280 ) (4096 -9216 -2048 ) (4096 -10176 -2048 ) (4096 -10176 -1280 ) 
4 52 53 (4128 -10176 -2048 ) (4096 -10176 -2048 ) (4096 -9216 -2048 ) (4128 -9216 -2048 ) 
4 53 56 (4096 -9216 -2048 ) (4096 -9216 -2688 ) (4096 -10176 -2688 ) (4096 -10176 -2048 ) 
4 54 361 (3072 -10176 1600 ) (3072 -9216 1600 ) (3072 -9216 -1280 ) (3072 -10176 -1280 ) 
4 54 55 (3072 -10176 -1280 ) (3072 -9216 -1280 ) (4096 -9216 -1280 ) (4096 -10176 -1280 ) 
4 55 362 (3072 -10176 -1280 ) (3072 -9216 -1280 ) (3072 -9216 -2048 ) (3072 -10176 -2048 ) 
4 55 56 (4096 -10176 -2048 ) (3072 -10176 -2048 ) (3072 -9216 -2048 ) (4096 -9216 -2048 ) 
4 56 363 (3072 -9216 -2048 ) (3072 -9216 -2688 ) (3072 -10176 -2688 ) (3072 -10176 -2048 ) 
4 57 63 (3072 -6144 -1280 ) (3072 -6144 1600 ) (2048 -6144 1600 ) (2048 -6144 -1280 ) 
4 57 60 (2048 -5120 1600 ) (2048 -5120 -1280 ) (2048 -6144 -1280 ) (2048 -6144 1600 ) 
4 57 58 (3072 -6144 -1280 ) (2048 -6144 -1280 ) (2048 -5120 -1280 ) (3072 -5120 -1280 ) 
4 58 64 (3072 -6144 -2048 ) (3072 -6144 -1280 ) (2048 -6144 -1280 ) (2048 -6144 -2048 ) 
4 58 61 (2048 -5120 -1280 ) (2048 -5120 -2048 ) (2048 -6144 -2048 ) (2048 -6144 -1280 ) 
4 58 59 (3072 -6144 -2048 ) (2048 -6144 -2048 ) (2048 -5120 -2048 ) (3072 -5120 -2048 ) 
4 59 65 (3072 -6144 -2688 ) (3072 -6144 -2048 ) (2048 -6144 -2048 ) (2048 -6144 -2688 ) 
4 59 62 (2048 -5120 -2048 ) (2048 -5120 -2688 ) (2048 -6144 -2688 ) (2048 -6144 -2048 ) 
4 60 71 (1024 -5120 1600 ) (1024 -5120 -1280 ) (1024 -6144 -1280 ) (1024 -6144 1600 ) 
4 60 67 (1320 -6144 1600 ) (1024 -6144 1600 ) (1024 -6144 -1024 ) (1320 -6144 -1024 ) 
4 60 66 (2048 -6144 -1280 ) (2048 -6144 1600 ) (1320 -6144 1600 ) (1320 -6144 -1280 ) 
4 60 61 (1024 -5120 -1280 ) (2048 -5120 -1280 ) (2048 -6144 -1280 ) (1024 -6144 -1280 ) 
4 61 72 (1024 -5120 -1280 ) (1024 -5120 -2048 ) (1024 -6144 -2048 ) (1024 -6144 -1280 ) 
4 61 69 (2048 -6144 -2048 ) (2048 -6144 -1344 ) (1024 -6144 -1344 ) (1024 -6144 -2048 ) 
4 61 68 (2048 -6144 -1344 ) (2048 -6144 -1280 ) (1320 -6144 -1280 ) (1320 -6144 -1344 ) 
4 61 62 (1024 -5120 -2048 ) (2048 -5120 -2048 ) (2048 -6144 -2048 ) (1024 -6144 -2048 ) 
4 62 73 (1024 -5120 -2048 ) (1024 -5120 -2688 ) (1024 -6144 -2688 ) (1024 -6144 -2048 ) 
4 62 70 (2048 -6144 -2688 ) (2048 -6144 -2048 ) (1024 -6144 -2048 ) (1024 -6144 -2688 ) 
4 63 345 (3072 -7168 -1280 ) (3072 -7168 1600 ) (2048 -7168 1600 ) (2048 -7168 -1280 ) 
4 63 66 (2048 -6144 1600 ) (2048 -6144 -1280 ) (2048 -7168 -1280 ) (2048 -7168 1600 ) 
4 63 64 (3072 -7168 -1280 ) (2048 -7168 -1280 ) (2048 -6144 -1280 ) (3072 -6144 -1280 ) 
4 64 346 (3072 -7168 -2048 ) (3072 -7168 -1280 ) (2048 -7168 -1280 ) (2048 -7168 -2048 ) 
4 64 69 (2048 -6144 -1344 ) (2048 -6144 -2048 ) (2048 -7168 -2048 ) (2048 -7168 -1344 ) 
4 64 68 (2048 -6144 -1280 ) (2048 -6144 -1344 ) (2048 -7168 -1344 ) (2048 -7168 -1280 ) 
4 64 65 (3072 -7168 -2048 ) (2048 -7168 -2048 ) (2048 -6144 -2048 ) (3072 -6144 -2048 ) 
4 65 347 (3072 -7168 -2688 ) (3072 -7168 -2048 ) (2048 -7168 -2048 ) (2048 -7168 -2688 ) 
4 65 70 (2048 -6144 -2048 ) (2048 -6144 -2688 ) (2048 -7168 -2688 ) (2048 -7168 -2048 ) 
4 66 348 (2048 -7168 -1280 ) (2048 -7168 1600 ) (1320 -7168 1600 ) (1320 -7168 -1280 ) 
4 66 68 (2048 -6144 -1280 ) (2048 -7168 -1280 ) (1320 -7168 -1280 ) (1320 -6144 -1280 ) 
4 66 67 (1320 -7168 -1024 ) (1320 -7168 1600 ) (1320 -6144 1600 ) (1320 -6144 -1024 ) 
4 67 349 (1320 -7168 1600 ) (1024 -7168 1600 ) (1024 -7168 -1024 ) (1320 -7168 -1024 ) 
4 67 337 (1024 -7168 -1024 ) (1024 -7168 -768 ) (1024 -6144 -768 ) (1024 -6144 -1024 ) 
4 67 332 (1024 -7168 -768 ) (1024 -7168 -736 ) (1024 -6840 -736 ) (1024 -6840 -768 ) 
4 67 331 (1024 -6840 -736 ) (1024 -6456 -736 ) (1024 -6456 -768 ) (1024 -6840 -768 ) 
4 67 328 (1024 -6456 -736 ) (1024 -6144 -736 ) (1024 -6144 -768 ) (1024 -6456 -768 ) 
4 67 306 (1024 -7168 -736 ) (1024 -7168 -608 ) (1024 -6832 -608 ) (1024 -6832 -736 ) 
4 67 250 (1024 -6832 -608 ) (1024 -6144 -608 ) (1024 -6144 -736 ) (1024 -6832 -736 ) 
4 67 182 (1024 -7168 -608 ) (1024 -7168 -480 ) (1024 -6144 -480 ) (1024 -6144 -608 ) 
4 67 91 (1024 -7168 -480 ) (1024 -7168 -352 ) (1024 -6144 -352 ) (1024 -6144 -480 ) 
4 67 82 (1024 -6840 1600 ) (1024 -6584 1600 ) (1024 -6584 -352 ) (1024 -6840 -352 ) 
4 67 81 (1024 -6584 1600 ) (1024 -6456 1600 ) (1024 -6456 -352 ) (1024 -6584 -352 ) 
4 67 83 (1024 -7168 -352 ) (1024 -7168 1600 ) (1024 -6840 1600 ) (1024 -6840 -352 ) 
4 67 78 (1024 -6144 -272 ) (1024 -6144 -352 ) (1024 -6456 -352 ) (1024 -6456 -272 ) 
4 67 77 (1024 -6456 1600 ) (1024 -6144 1600 ) (1024 -6144 -272 ) (1024 -6456 -272 ) 
4 68 351 (2048 -7168 -1344 ) (2048 -7168 -1280 ) (1320 -7168 -1280 ) (1320 -7168 -1344 ) 
4 68 69 (2048 -7168 -1344 ) (1320 -7168 -1344 ) (1320 -6144 -1344 ) (2048 -6144 -1344 ) 
4 69 353 (2048 -7168 -2048 ) (2048 -7168 -1344 ) (1024 -7168 -1344 ) (1024 -7168 -2048 ) 
4 69 340 (1024 -7168 -2048 ) (1024 -7168 -1344 ) (1024 -6144 -1344 ) (1024 -6144 -2048 ) 
4 69 70 (2048 -6144 -2048 ) (2048 -7168 -2048 ) (1024 -7168 -2048 ) (1024 -6144 -2048 ) 
4 70 354 (2048 -7168 -2688 ) (2048 -7168 -2048 ) (1024 -7168 -2048 ) (1024 -7168 -2688 ) 
4 70 341 (1024 -7168 -2688 ) (1024 -7168 -2048 ) (1024 -6144 -2048 ) (1024 -6144 -2688 ) 
4 71 337 (1024 -6144 -1024 ) (1024 -6144 -768 ) (168 -6144 -768 ) (168 -6144 -1024 ) 
4 71 338 (168 -6144 -768 ) (0 -6144 -768 ) (0 -6144 -1280 ) (168 -6144 -1280 ) 
4 71 334 (608 -6144 -736 ) (480 -6144 -736 ) (480 -6144 -768 ) (608 -6144 -768 ) 
4 71 336 (480 -6144 -736 ) (0 -6144 -736 ) (0 -6144 -768 ) (480 -6144 -768 ) 
4 71 329 (848 -6144 -736 ) (752 -6144 -736 ) (752 -6144 -768 ) (848 -6144 -768 ) 
4 71 328 (1024 -6144 -768 ) (1024 -6144 -736 ) (848 -6144 -736 ) (848 -6144 -768 ) 
4 71 330 (752 -6144 -736 ) (608 -6144 -736 ) (608 -6144 -768 ) (752 -6144 -768 ) 
4 71 285 (616 -6144 -608 ) (0 -6144 -608 ) (0 -6144 -736 ) (616 -6144 -736 ) 
4 71 273 (656 -6144 -608 ) (616 -6144 -608 ) (616 -6144 -736 ) (656 -6144 -736 ) 
4 71 272 (656 -6144 -700 ) (656 -6144 -736 ) (688 -6144 -736 ) (688 -6144 -700 ) 
4 71 269 (656 -6144 -636 ) (656 -6144 -700 ) (688 -6144 -700 ) (688 -6144 -636 ) 
4 71 268 (688 -6144 -608 ) (656 -6144 -608 ) (656 -6144 -636 ) (688 -6144 -636 ) 
4 71 267 (752 -6144 -608 ) (688 -6144 -608 ) (688 -6144 -736 ) (752 -6144 -736 ) 
4 71 265 (848 -6144 -608 ) (752 -6144 -608 ) (752 -6144 -736 ) (848 -6144 -736 ) 
4 71 264 (912 -6144 -608 ) (848 -6144 -608 ) (848 -6144 -736 ) (912 -6144 -736 ) 
4 71 263 (912 -6144 -700 ) (912 -6144 -736 ) (944 -6144 -736 ) (944 -6144 -700 ) 
4 71 260 (912 -6144 -636 ) (912 -6144 -700 ) (944 -6144 -700 ) (944 -6144 -636 ) 
4 71 259 (944 -6144 -608 ) (912 -6144 -608 ) (912 -6144 -636 ) (944 -6144 -636 ) 
4 71 258 (984 -6144 -608 ) (944 -6144 -608 ) (944 -6144 -736 ) (984 -6144 -736 ) 
4 71 251 (992 -6144 -608 ) (984 -6144 -608 ) (984 -6144 -736 ) (992 -6144 -736 ) 
4 71 250 (1024 -6144 -736 ) (1024 -6144 -608 ) (992 -6144 -608 ) (992 -6144 -736 ) 
4 71 241 (488 -6144 -480 ) (480 -6144 -480 ) (480 -6144 -608 ) (488 -6144 -608 ) 
4 71 224 (616 -6144 -480 ) (488 -6144 -480 ) (488 -6144 -608 ) (616 -6144 -608 ) 
4 71 249 (480 -6144 -480 ) (0 -6144 -480 ) (0 -6144 -608 ) (480 -6144 -608 ) 
4 71 206 (752 -6144 -480 ) (616 -6144 -480 ) (616 -6144 -608 ) (752 -6144 -608 ) 
4 71 200 (848 -6144 -480 ) (752 -6144 -480 ) (752 -6144 -608 ) (848 -6144 -608 ) 
4 71 194 (912 -6144 -480 ) (848 -6144 -480 ) (848 -6144 -608 ) (912 -6144 -608 ) 
4 71 193 (912 -6144 -572 ) (912 -6144 -608 ) (944 -6144 -608 ) (944 -6144 -572 ) 
4 71 190 (912 -6144 -508 ) (912 -6144 -572 ) (944 -6144 -572 ) (944 -6144 -508 ) 
4 71 189 (944 -6144 -480 ) (912 -6144 -480 ) (912 -6144 -508 ) (944 -6144 -508 ) 
4 71 188 (984 -6144 -480 ) (944 -6144 -480 ) (944 -6144 -608 ) (984 -6144 -608 ) 
4 71 183 (992 -6144 -480 ) (984 -6144 -480 ) (984 -6144 -608 ) (992 -6144 -608 ) 
4 71 182 (1024 -6144 -608 ) (1024 -6144 -480 ) (992 -6144 -480 ) (992 -6144 -608 ) 
4 71 167 (488 -6144 -352 ) (0 -6144 -352 ) (0 -6144 -480 ) (488 -6144 -480 ) 
4 71 160 (528 -6144 -352 ) (488 -6144 -352 ) (488 -6144 -480 ) (528 -6144 -480 ) 
4 71 157 (528 -6144 -444 ) (528 -6144 -480 ) (560 -6144 -480 ) (560 -6144 -444 ) 
4 71 152 (528 -6144 -380 ) (528 -6144 -444 ) (560 -6144 -444 ) (560 -6144 -380 ) 
4 71 147 (560 -6144 -352 ) (528 -6144 -352 ) (528 -6144 -380 ) (560 -6144 -380 ) 
4 71 142 (608 -6144 -352 ) (560 -6144 -352 ) (560 -6144 -480 ) (608 -6144 -480 ) 
4 71 132 (616 -6144 -352 ) (608 -6144 -352 ) (608 -6144 -480 ) (616 -6144 -480 ) 
4 71 130 (736 -6144 -352 ) (616 -6144 -352 ) (616 -6144 -480 ) (736 -6144 -480 ) 
4 71 114 (752 -6144 -352 ) (736 -6144 -352 ) (736 -6144 -480 ) (752 -6144 -480 ) 
4 71 110 (752 -6144 -416 ) (752 -6144 -480 ) (848 -6144 -480 ) (848 -6144 -416 ) 
4 71 109 (752 -6144 -360 ) (752 -6144 -416 ) (848 -6144 -416 ) (848 -6144 -360 ) 
4 71 108 (848 -6144 -352 ) (752 -6144 -352 ) (752 -6144 -360 ) (848 -6144 -360 ) 
4 71 103 (912 -6144 -352 ) (848 -6144 -352 ) (848 -6144 -480 ) (912 -6144 -480 ) 
4 71 102 (912 -6144 -444 ) (912 -6144 -480 ) (944 -6144 -480 ) (944 -6144 -444 ) 
4 71 99 (912 -6144 -380 ) (912 -6144 -444 ) (944 -6144 -444 ) (944 -6144 -380 ) 
4 71 98 (944 -6144 -352 ) (912 -6144 -352 ) (912 -6144 -380 ) (944 -6144 -380 ) 
4 71 97 (984 -6144 -352 ) (944 -6144 -352 ) (944 -6144 -480 ) (984 -6144 -480 ) 
4 71 92 (992 -6144 -352 ) (984 -6144 -352 ) (984 -6144 -480 ) (992 -6144 -480 ) 
4 71 91 (1024 -6144 -480 ) (1024 -6144 -352 ) (992 -6144 -352 ) (992 -6144 -480 ) 
4 71 79 (848 -6144 -272 ) (752 -6144 -272 ) (752 -6144 -352 ) (848 -6144 -352 ) 
4 71 78 (1024 -6144 -352 ) (1024 -6144 -272 ) (848 -6144 -272 ) (848 -6144 -352 ) 
4 71 80 (752 -6144 -272 ) (0 -6144 -272 ) (0 -6144 -352 ) (752 -6144 -352 ) 
4 71 77 (1024 -6144 -272 ) (1024 -6144 1600 ) (0 -6144 1600 ) (0 -6144 -272 ) 
4 71 74 (0 -5120 1600 ) (0 -5120 -1280 ) (0 -6144 -1280 ) (0 -6144 1600 ) 
4 71 72 (1024 -6144 -1280 ) (0 -6144 -1280 ) (0 -5120 -1280 ) (1024 -5120 -1280 ) 
4 72 340 (1024 -6144 -2048 ) (1024 -6144 -1344 ) (0 -6144 -1344 ) (0 -6144 -2048 ) 
4 72 339 (168 -6144 -1280 ) (0 -6144 -1280 ) (0 -6144 -1344 ) (168 -6144 -1344 ) 
4 72 75 (0 -5120 -1280 ) (0 -5120 -2048 ) (0 -6144 -2048 ) (0 -6144 -1280 ) 
4 72 73 (1024 -6144 -2048 ) (0 -6144 -2048 ) (0 -5120 -2048 ) (1024 -5120 -2048 ) 
4 73 341 (1024 -6144 -2688 ) (1024 -6144 -2048 ) (0 -6144 -2048 ) (0 -6144 -2688 ) 
4 73 76 (0 -5120 -2048 ) (0 -5120 -2688 ) (0 -6144 -2688 ) (0 -6144 -2048 ) 
4 74 389 (-1024 -5120 1600 ) (-1024 -5120 -1280 ) (-1024 -6144 -1280 ) (-1024 -6144 1600 ) 
4 74 342 (0 -6144 -1280 ) (0 -6144 1600 ) (-1024 -6144 1600 ) (-1024 -6144 -1280 ) 
4 74 75 (-1024 -5120 -1280 ) (0 -5120 -1280 ) (0 -6144 -1280 ) (-1024 -6144 -1280 ) 
4 75 390 (-1024 -5120 -1280 ) (-1024 -5120 -2048 ) (-1024 -6144 -2048 ) (-1024 -6144 -1280 ) 
4 75 343 (0 -6144 -2048 ) (0 -6144 -1280 ) (-1024 -6144 -1280 ) (-1024 -6144 -2048 ) 
4 75 76 (-1024 -5120 -2048 ) (0 -5120 -2048 ) (0 -6144 -2048 ) (-1024 -6144 -2048 ) 
4 76 391 (-1024 -5120 -2048 ) (-1024 -5120 -2688 ) (-1024 -6144 -2688 ) (-1024 -6144 -2048 ) 
4 76 344 (0 -6144 -2688 ) (0 -6144 -2048 ) (-1024 -6144 -2048 ) (-1024 -6144 -2688 ) 
4 77 342 (0 -6144 1600 ) (0 -6144 -272 ) (0 -6456 -272 ) (0 -6456 1600 ) 
4 77 84 (0 -6456 1600 ) (0 -6456 -272 ) (800 -6456 -272 ) (800 -6456 1600 ) 
4 77 81 (800 -6456 -272 ) (1024 -6456 -272 ) (1024 -6456 1600 ) (800 -6456 1600 ) 
4 77 79 (752 -6424 -272 ) (752 -6144 -272 ) (848 -6144 -272 ) (848 -6424 -272 ) 
4 77 78 (1024 -6456 -272 ) (848 -6456 -272 ) (848 -6144 -272 ) (1024 -6144 -272 ) 
4 77 80 (752 -6456 -272 ) (0 -6456 -272 ) (0 -6144 -272 ) (752 -6144 -272 ) 
4 78 103 (848 -6144 -352 ) (912 -6144 -352 ) (912 -6456 -352 ) (848 -6456 -352 ) 
4 78 98 (912 -6144 -352 ) (944 -6144 -352 ) (944 -6456 -352 ) (912 -6456 -352 ) 
4 78 97 (944 -6144 -352 ) (984 -6144 -352 ) (984 -6456 -352 ) (944 -6456 -352 ) 
4 78 92 (984 -6144 -352 ) (992 -6144 -352 ) (992 -6456 -352 ) (984 -6456 -352 ) 
4 78 91 (992 -6144 -352 ) (1024 -6144 -352 ) (1024 -6456 -352 ) (992 -6456 -352 ) 
4 78 81 (848 -6456 -352 ) (1024 -6456 -352 ) (1024 -6456 -272 ) (848 -6456 -272 ) 
4 78 79 (848 -6144 -352 ) (848 -6424 -352 ) (848 -6424 -272 ) (848 -6144 -272 ) 
4 79 108 (752 -6144 -352 ) (848 -6144 -352 ) (848 -6424 -352 ) (752 -6424 -352 ) 
4 79 80 (752 -6144 -352 ) (752 -6424 -352 ) (752 -6424 -272 ) (752 -6144 -272 ) 
4 80 342 (0 -6144 -272 ) (0 -6144 -352 ) (0 -6456 -352 ) (0 -6456 -272 ) 
4 80 167 (0 -6144 -352 ) (488 -6144 -352 ) (488 -6456 -352 ) (0 -6456 -352 ) 
4 80 160 (488 -6144 -352 ) (528 -6144 -352 ) (528 -6456 -352 ) (488 -6456 -352 ) 
4 80 147 (528 -6144 -352 ) (560 -6144 -352 ) (560 -6456 -352 ) (528 -6456 -352 ) 
4 80 142 (560 -6144 -352 ) (608 -6144 -352 ) (608 -6456 -352 ) (560 -6456 -352 ) 
4 80 132 (608 -6144 -352 ) (616 -6144 -352 ) (616 -6456 -352 ) (608 -6456 -352 ) 
4 80 130 (616 -6144 -352 ) (736 -6144 -352 ) (736 -6456 -352 ) (616 -6456 -352 ) 
4 80 114 (736 -6144 -352 ) (752 -6144 -352 ) (752 -6456 -352 ) (736 -6456 -352 ) 
5 80 84 (0 -6456 -272 ) (0 -6456 -352 ) (608 -6456 -352 ) (752 -6456 -304 ) (752 -6456 -272 ) 
4 81 104 (876 -6464 -352 ) (984 -6464 -352 ) (984 -6564 -352 ) (876 -6564 -352 ) 
4 81 91 (1024 -6456 -352 ) (1024 -6584 -352 ) (992 -6584 -352 ) (992 -6456 -352 ) 
4 81 84 (800 -6456 1600 ) (800 -6456 -288 ) (800 -6584 -288 ) (800 -6584 1600 ) 
5 81 82 (1024 -6584 1600 ) (800 -6584 1600 ) (800 -6584 -288 ) (992 -6584 -352 ) (1024 -6584 -352 ) 
4 82 91 (1024 -6584 -352 ) (1024 -6840 -352 ) (992 -6840 -352 ) (992 -6584 -352 ) 
4 82 86 (800 -6840 -288 ) (800 -6840 -200.299484 ) (800 -6712 -200.300171 ) (800 -6712 -288 ) 
4 82 85 (800 -6840 -200.299484 ) (800 -6840 1600 ) (800 -6712 1600 ) (800 -6712 -200.300171 ) 
4 82 84 (800 -6712 1600 ) (800 -6584 1600 ) (800 -6584 -288 ) (800 -6712 -288 ) 
5 82 83 (1024 -6840 1600 ) (800 -6840 1600 ) (800 -6840 -288 ) (992 -6840 -352 ) (1024 -6840 -352 ) 
4 83 367 (1024 -7168 -352 ) (1024 -7168 1600 ) (800 -7168 1600 ) (800 -7168 -352 ) 
4 83 122 (984 -7168 -352 ) (800 -7168 -352 ) (800 -6840 -352 ) (984 -6840 -352 ) 
4 83 96 (992 -7168 -352 ) (984 -7168 -352 ) (984 -6840 -352 ) (992 -6840 -352 ) 
4 83 91 (1024 -6840 -352 ) (1024 -7168 -352 ) (992 -7168 -352 ) (992 -6840 -352 ) 
4 83 88 (800 -6840 -352 ) (800 -6956 -352 ) (800 -6956 -200.298737 ) (800 -6840 -200.299438 ) 
4 83 85 (800 -6956 -200.298737 ) (800 -6956 1600 ) (800 -6840 1600 ) (800 -6840 -200.299438 ) 
4 83 90 (800 -6956 -352 ) (800 -7168 -352 ) (800 -7168 1600 ) (800 -6956 1600 ) 
4 84 342 (0 -6456 -352 ) (0 -6712 -352 ) (0 -6712 1600 ) (0 -6456 1600 ) 
4 84 167 (0 -6712 -352 ) (0 -6456 -352 ) (488 -6456 -352 ) (488 -6712 -352 ) 
4 84 160 (488 -6456 -352 ) (528 -6456 -352 ) (528 -6712 -352 ) (488 -6712 -352 ) 
4 84 147 (528 -6456 -352 ) (560 -6456 -352 ) (560 -6712 -352 ) (528 -6712 -352 ) 
4 84 142 (560 -6456 -352 ) (608 -6456 -352 ) (607.997986 -6712 -352 ) (560 -6712 -352 ) 
3 84 87 (665.820007 -6712 -312 ) (665.820007 -6712 -263.911377 ) (615.004028 -6712 -288.001892 ) 
4 84 86 (665.820007 -6712 -332.725983 ) (800 -6712 -288 ) (800 -6712 -200.300171 ) (665.820007 -6712 -263.911377 ) 
5 84 85 (0 -6712 -352 ) (480.007965 -6712 -352 ) (800 -6712 -200.300171 ) (800 -6712 1600 ) (0 -6712 1600 ) 
4 85 342 (0 -6712 -352 ) (0 -6956 -352 ) (0 -6956 1600 ) (0 -6712 1600 ) 
4 85 174 (0 -6956 -352 ) (0 -6804 -352 ) (480.006836 -6804 -352 ) (480.004913 -6956 -352 ) 
4 85 169 (0 -6804 -352 ) (0 -6748 -352 ) (480.007538 -6748 -352 ) (480.006836 -6804 -352 ) 
4 85 168 (0 -6748 -352 ) (0 -6712 -352 ) (480.007996 -6712 -352 ) (480.007538 -6748 -352 ) 
4 85 89 (665.820007 -6956 -263.909790 ) (615.002319 -6956 -288.001099 ) (615.004211 -6840 -288.001984 ) (665.820007 -6840 -263.911621 ) 
4 85 88 (800 -6956 -200.298584 ) (665.820007 -6956 -263.909790 ) (665.820007 -6840 -263.911621 ) (800 -6840 -200.300552 ) 
4 85 87 (615.006287 -6712 -288.002960 ) (665.820007 -6712 -263.913635 ) (665.820007 -6840 -263.911621 ) (615.004211 -6840 -288.001984 ) 
4 85 86 (665.820007 -6712 -263.913635 ) (800 -6712 -200.302734 ) (800 -6840 -200.300552 ) (665.820007 -6840 -263.911621 ) 
5 85 90 (0 -6956 -352 ) (480.004883 -6956 -352 ) (800 -6956 -200.298737 ) (800 -6956 1600 ) (0 -6956 1600 ) 
4 86 88 (800 -6840 -288 ) (800 -6840 -200.303833 ) (665.820007 -6840 -263.915009 ) (665.820007 -6840 -332.725708 ) 
4 86 87 (665.820007 -6840 -312 ) (665.820007 -6840 -263.914063 ) (665.820007 -6712 -263.914795 ) (665.820007 -6712 -312 ) 
3 87 89 (665.820007 -6840 -263.915009 ) (615.007874 -6840 -288.003723 ) (665.820007 -6840 -312 ) 
4 88 122 (800 -6840 -352 ) (800 -6956 -352 ) (744 -6956 -352 ) (744 -6840 -352 ) 
4 88 89 (665.820007 -6840 -263.910156 ) (665.820007 -6840 -312 ) (665.820007 -6956 -312 ) (665.820007 -6956 -263.909485 ) 
4 88 90 (665.820007 -6956 -352 ) (800 -6956 -352 ) (800 -6956 -200.298737 ) (665.820007 -6956 -263.909943 ) 
3 89 90 (665.820007 -6956 -312 ) (665.820007 -6956 -263.909943 ) (615.002502 -6956 -288.001190 ) 
4 90 367 (168 -7168 -352 ) (800 -7168 -352 ) (800 -7168 1600 ) (168 -7168 1600 ) 
4 90 369 (0 -7168 1600 ) (0 -7168 -352 ) (168 -7168 -352 ) (168 -7168 1600 ) 
4 90 342 (0 -6956 -352 ) (0 -7168 -352 ) (0 -7168 1600 ) (0 -6956 1600 ) 
4 90 180 (0 -7096 -352 ) (0 -7060 -352 ) (480 -7060 -352 ) (480 -7096 -352 ) 
4 90 181 (488 -7168 -352 ) (0 -7168 -352 ) (0 -7096 -352 ) (488 -7096 -352 ) 
4 90 175 (0 -7060 -352 ) (0 -7004 -352 ) (480 -7004 -352 ) (480 -7060 -352 ) 
4 90 174 (0 -7004 -352 ) (0 -6956 -352 ) (480 -6956 -352 ) (480 -7004 -352 ) 
4 90 166 (528 -7168 -352 ) (488 -7168 -352 ) (488 -7096 -352 ) (528 -7096 -352 ) 
4 90 162 (488 -7088 -352 ) (488 -6968 -352 ) (528 -6968 -352 ) (528 -7088 -352 ) 
4 90 151 (560 -7168 -352 ) (528 -7168 -352 ) (528 -7096 -352 ) (560 -7096 -352 ) 
4 90 149 (528 -7088 -352 ) (528 -6968 -352 ) (560 -6968 -352 ) (560 -7088 -352 ) 
4 90 146 (608 -7168 -352 ) (560 -7168 -352 ) (560 -7096 -352 ) (608 -7096 -352 ) 
4 90 144 (560 -7088 -352 ) (560 -6968 -352 ) (608 -6968 -352 ) (608 -7088 -352 ) 
4 90 141 (736 -7168 -352 ) (608 -7168 -352 ) (608 -7096 -352 ) (736 -7096 -352 ) 
4 90 139 (608 -7088 -352 ) (608 -6968 -352 ) (612 -6968 -352 ) (612 -7088 -352 ) 
4 90 129 (744 -7168 -352 ) (736 -7168 -352 ) (736 -7096 -352 ) (744 -7096 -352 ) 
4 90 122 (800 -7168 -352 ) (744 -7168 -352 ) (744 -6956 -352 ) (800 -6956 -352 ) 
4 91 367 (1024 -7168 -480 ) (1024 -7168 -352 ) (992 -7168 -352 ) (992 -7168 -480 ) 
4 91 182 (1024 -7168 -480 ) (992 -7168 -480 ) (992 -6144 -480 ) (1024 -6144 -480 ) 
4 91 96 (992 -6840 -480 ) (992 -7168 -480 ) (992 -7168 -352 ) (992 -6840 -352 ) 
4 91 93 (992 -6536 -444 ) (992 -6536 -380 ) (992 -6504 -380 ) (992 -6504 -444 ) 
4 91 92 (992 -6144 -480 ) (992 -6456 -480 ) (992 -6456 -352 ) (992 -6144 -352 ) 
4 92 183 (984 -6456 -480 ) (984 -6144 -480 ) (992 -6144 -480 ) (992 -6456 -480 ) 
4 92 97 (984 -6144 -480 ) (984 -6456 -480 ) (984 -6456 -352 ) (984 -6144 -352 ) 
4 93 94 (989.559998 -6504 -444 ) (989.559998 -6536 -444 ) (989.559998 -6536 -380 ) (989.559998 -6504 -380 ) 
4 94 95 (989.440063 -6504 -444 ) (989.440063 -6536 -444 ) (989.440063 -6536 -380 ) (989.440063 -6504 -380 ) 
4 95 105 (984 -6536 -444 ) (984 -6536 -380 ) (984 -6504 -380 ) (984 -6504 -444 ) 
4 96 367 (992 -7168 -352 ) (984 -7168 -352 ) (984 -7168 -480 ) (992 -7168 -480 ) 
4 96 187 (992 -7168 -480 ) (984 -7168 -480 ) (984 -6840 -480 ) (992 -6840 -480 ) 
4 96 122 (984 -6840 -480 ) (984 -7168 -480 ) (984 -7168 -352 ) (984 -6840 -352 ) 
4 97 188 (944 -6144 -480 ) (984 -6144 -480 ) (984 -6456 -480 ) (944 -6456 -480 ) 
4 97 102 (944 -6144 -480 ) (944 -6456 -480 ) (944 -6456 -444 ) (944 -6144 -444 ) 
4 97 99 (944 -6456 -444 ) (944 -6456 -380 ) (944 -6144 -380 ) (944 -6144 -444 ) 
4 97 98 (944 -6456 -380 ) (944 -6456 -352 ) (944 -6144 -352 ) (944 -6144 -380 ) 
4 98 103 (912 -6456 -352 ) (912 -6144 -352 ) (912 -6144 -380 ) (912 -6456 -380 ) 
4 98 99 (912 -6456 -380 ) (912 -6144 -380 ) (944 -6144 -380 ) (944 -6456 -380 ) 
4 99 103 (912 -6456 -380 ) (912 -6144 -380 ) (912 -6144 -444 ) (912 -6456 -444 ) 
4 99 102 (912 -6456 -444 ) (912 -6144 -444 ) (944 -6144 -444 ) (944 -6456 -444 ) 
4 99 100 (912 -6458.440430 -444 ) (944 -6458.440430 -444 ) (944 -6458.440430 -380 ) (912 -6458.440430 -380 ) 
4 100 101 (912 -6458.560059 -444 ) (944 -6458.560059 -444 ) (944 -6458.560059 -380 ) (912 -6458.560059 -380 ) 
4 101 105 (944 -6464 -444 ) (944 -6464 -380 ) (912 -6464 -380 ) (912 -6464 -444 ) 
4 102 189 (912 -6144 -480 ) (944 -6144 -480 ) (944 -6456 -480 ) (912 -6456 -480 ) 
4 102 103 (912 -6144 -480 ) (912 -6456 -480 ) (912 -6456 -444 ) (912 -6144 -444 ) 
4 103 194 (848 -6144 -480 ) (912 -6144 -480 ) (912 -6456 -480 ) (848 -6456 -480 ) 
4 103 110 (848 -6144 -480 ) (848 -6424 -480 ) (848 -6424 -416 ) (848 -6144 -416 ) 
4 103 109 (848 -6424 -360 ) (848 -6144 -360 ) (848 -6144 -416 ) (848 -6424 -416 ) 
4 103 108 (848 -6424 -352 ) (848 -6144 -352 ) (848 -6144 -360 ) (848 -6424 -360 ) 
4 104 105 (984 -6564 -356 ) (876 -6564 -356 ) (876 -6464 -356 ) (984 -6464 -356 ) 
4 105 107 (876 -6564 -480 ) (984 -6564 -480 ) (984 -6564 -360 ) (876 -6564 -360 ) 
4 105 106 (876 -6464 -360 ) (876 -6464 -480 ) (876 -6564 -480 ) (876 -6564 -360 ) 
4 106 116 (848 -6484 -472 ) (848 -6484 -360 ) (848 -6476 -360 ) (848 -6476 -472 ) 
4 106 117 (848 -6484 -480 ) (848 -6564 -480 ) (848 -6564 -360 ) (848 -6484 -360 ) 
4 106 107 (848 -6564 -360 ) (848 -6564 -480 ) (876 -6564 -480 ) (876 -6564 -360 ) 
4 107 196 (984 -6568 -480 ) (984 -6760 -480 ) (920 -6760 -480 ) (920 -6568 -480 ) 
4 107 119 (944 -6832 -444 ) (944 -6832 -380 ) (912 -6832 -380 ) (912 -6832 -444 ) 
4 107 117 (848 -6564 -480 ) (848 -6832 -480 ) (848 -6832 -360 ) (848 -6564 -360 ) 
4 108 114 (752 -6424 -352 ) (752 -6144 -352 ) (752 -6144 -360 ) (752 -6424 -360 ) 
4 108 109 (752 -6424 -360 ) (752 -6144 -360 ) (848 -6144 -360 ) (848 -6424 -360 ) 
4 109 114 (752 -6424 -360 ) (752 -6144 -360 ) (752 -6144 -416 ) (752 -6424 -416 ) 
4 109 110 (752 -6424 -416 ) (752 -6144 -416 ) (848 -6144 -416 ) (848 -6424 -416 ) 
4 110 200 (752 -6144 -480 ) (848 -6144 -480 ) (848 -6424 -480 ) (752 -6424 -480 ) 
4 110 114 (752 -6144 -480 ) (752 -6424 -480 ) (752 -6424 -416 ) (752 -6144 -416 ) 
4 111 113 (768 -6472 -472 ) (768 -6432 -472 ) (832 -6432 -472 ) (832 -6472 -472 ) 
4 111 112 (768 -6472 -416 ) (768 -6472 -472 ) (832 -6472 -472 ) (832 -6472 -416 ) 
4 112 116 (832 -6476 -472 ) (832 -6476 -416 ) (768 -6476 -416 ) (768 -6476 -472 ) 
4 113 201 (768 -6472 -480 ) (768 -6432 -480 ) (832 -6432 -480 ) (832 -6472 -480 ) 
4 114 206 (736 -6456 -480 ) (736 -6144 -480 ) (752 -6144 -480 ) (752 -6456 -480 ) 
4 114 130 (736 -6144 -480 ) (736 -6456 -480 ) (736 -6456 -352 ) (736 -6144 -352 ) 
4 115 131 (736 -6464 -480 ) (736 -6476 -480 ) (736 -6476 -360 ) (736 -6464 -360 ) 
4 115 118 (736 -6476 -360 ) (736 -6476 -480 ) (752 -6476 -480 ) (752 -6476 -360 ) 
4 116 117 (752 -6484 -360 ) (752 -6484 -472 ) (848 -6484 -472 ) (848 -6484 -360 ) 
4 116 118 (752 -6484 -360 ) (752 -6476 -360 ) (752 -6476 -472 ) (752 -6484 -472 ) 
4 117 118 (752 -6832 -480 ) (752 -6832 -360 ) (752 -6484 -360 ) (752 -6484 -480 ) 
4 118 137 (736 -6720 -480 ) (736 -6832 -480 ) (736 -6832 -360 ) (736 -6720 -360 ) 
4 118 133 (736 -6620 -480 ) (736 -6720 -480 ) (736 -6720 -360 ) (736 -6620 -360 ) 
4 118 131 (736 -6476 -480 ) (736 -6620 -480 ) (736 -6620 -360 ) (736 -6476 -360 ) 
4 119 120 (912 -6837.440430 -444 ) (944 -6837.440430 -444 ) (944 -6837.440430 -380 ) (912 -6837.440430 -380 ) 
4 120 121 (912 -6837.560059 -444 ) (944 -6837.560059 -444 ) (944 -6837.560059 -380 ) (912 -6837.560059 -380 ) 
4 121 122 (944 -6840 -444 ) (944 -6840 -380 ) (912 -6840 -380 ) (912 -6840 -444 ) 
4 122 367 (984 -7168 -352 ) (744 -7168 -352 ) (744 -7168 -480 ) (984 -7168 -480 ) 
4 122 215 (864 -7168 -480 ) (744 -7168 -480 ) (744 -7096 -480 ) (864 -7096 -480 ) 
4 122 214 (984 -7168 -480 ) (864 -7168 -480 ) (864 -6840 -480 ) (984 -6840 -480 ) 
4 122 129 (744 -7096 -480 ) (744 -7168 -480 ) (744 -7168 -352 ) (744 -7096 -352 ) 
4 122 126 (744 -7048 -444 ) (744 -7048 -380 ) (744 -7016 -380 ) (744 -7016 -444 ) 
4 122 123 (744 -6920 -444 ) (744 -6920 -380 ) (744 -6888 -380 ) (744 -6888 -444 ) 
4 123 124 (741.559998 -6888 -444 ) (741.559998 -6920 -444 ) (741.559998 -6920 -380 ) (741.559998 -6888 -380 ) 
4 124 125 (741.440063 -6888 -444 ) (741.440063 -6920 -444 ) (741.440063 -6920 -380 ) (741.440063 -6888 -380 ) 
4 125 137 (736 -6920 -444 ) (736 -6920 -380 ) (736 -6888 -380 ) (736 -6888 -444 ) 
4 126 127 (741.559998 -7016 -444 ) (741.559998 -7048 -444 ) (741.559998 -7048 -380 ) (741.559998 -7016 -380 ) 
4 127 128 (741.440063 -7016 -444 ) (741.440063 -7048 -444 ) (741.440063 -7048 -380 ) (741.440063 -7016 -380 ) 
4 128 138 (736 -7048 -444 ) (736 -7048 -380 ) (736 -7016 -380 ) (736 -7016 -444 ) 
4 129 367 (744 -7168 -352 ) (736 -7168 -352 ) (736 -7168 -480 ) (744 -7168 -480 ) 
4 129 215 (744 -7168 -480 ) (736 -7168 -480 ) (736 -7096 -480 ) (744 -7096 -480 ) 
4 129 141 (736 -7096 -480 ) (736 -7168 -480 ) (736 -7168 -352 ) (736 -7096 -352 ) 
4 130 206 (616 -6144 -480 ) (736 -6144 -480 ) (736 -6456 -480 ) (616 -6456 -480 ) 
4 130 132 (616 -6144 -480 ) (616 -6456 -480 ) (616 -6456 -352 ) (616 -6144 -352 ) 
4 131 133 (616 -6620 -480 ) (736 -6620 -480 ) (736 -6620 -360 ) (616 -6620 -360 ) 
4 132 224 (608 -6456 -480 ) (608 -6144 -480 ) (616 -6144 -480 ) (616 -6456 -480 ) 
4 132 142 (608 -6144 -480 ) (608 -6456 -480 ) (608 -6456 -352 ) (608 -6144 -352 ) 
4 133 137 (616 -6720 -480 ) (736 -6720 -480 ) (736 -6720 -360 ) (616 -6720 -360 ) 
4 133 134 (616 -6620 -380 ) (616 -6620 -444 ) (616 -6676 -444 ) (616 -6676 -380 ) 
4 134 135 (610.559998 -6620 -444 ) (610.559998 -6676 -444 ) (610.559998 -6676 -380 ) (610.559998 -6620 -380 ) 
4 135 136 (610.440063 -6620 -444 ) (610.440063 -6676 -444 ) (610.440063 -6676 -380 ) (610.440063 -6620 -380 ) 
4 136 142 (608 -6676 -444 ) (608 -6676 -380 ) (608 -6620 -380 ) (608 -6620 -444 ) 
4 137 218 (700 -6968 -480 ) (636 -6968 -480 ) (636 -6956 -480 ) (700 -6956 -480 ) 
4 137 143 (608 -6720 -480 ) (608 -6968 -480 ) (608 -6968 -360 ) (608 -6720 -360 ) 
4 137 140 (608 -6968 -360 ) (608 -6968 -480 ) (612 -6968 -480 ) (612 -6968 -360 ) 
4 137 138 (612 -6968 -480 ) (736 -6968 -480 ) (736 -6968 -360 ) (612 -6968 -360 ) 
4 138 218 (636 -6968 -480 ) (700 -6968 -480 ) (700 -7016 -480 ) (636 -7016 -480 ) 
4 138 140 (612 -6968 -360 ) (612 -6968 -480 ) (612 -7088 -480 ) (612 -7088 -360 ) 
4 139 144 (608 -7088 -356 ) (608 -7088 -352 ) (608 -6968 -352 ) (608 -6968 -356 ) 
4 139 140 (608 -6968 -356 ) (612 -6968 -356 ) (612 -7088 -356 ) (608 -7088 -356 ) 
4 140 145 (608 -6968 -480 ) (608 -7088 -480 ) (608 -7088 -356 ) (608 -6968 -356 ) 
4 141 367 (736 -7168 -352 ) (608 -7168 -352 ) (608 -7168 -480 ) (736 -7168 -480 ) 
4 141 240 (616 -7168 -480 ) (608 -7168 -480 ) (608 -7096 -480 ) (616 -7096 -480 ) 
4 141 223 (736 -7168 -480 ) (616 -7168 -480 ) (616 -7096 -480 ) (736 -7096 -480 ) 
4 141 146 (608 -7096 -480 ) (608 -7168 -480 ) (608 -7168 -352 ) (608 -7096 -352 ) 
4 142 232 (560 -6712 -480 ) (560 -6584 -480 ) (608 -6584 -480 ) (608 -6712 -480 ) 
4 142 231 (560 -6584 -480 ) (560 -6548 -480 ) (608 -6548 -480 ) (608 -6584 -480 ) 
4 142 226 (560 -6548 -480 ) (560 -6492 -480 ) (608 -6492 -480 ) (608 -6548 -480 ) 
4 142 225 (560 -6492 -480 ) (560 -6456 -480 ) (608 -6456 -480 ) (608 -6492 -480 ) 
4 142 224 (560 -6456 -480 ) (560 -6144 -480 ) (608 -6144 -480 ) (608 -6456 -480 ) 
4 142 157 (560 -6144 -480 ) (560 -6712 -480 ) (560 -6712 -444 ) (560 -6144 -444 ) 
4 142 152 (560 -6712 -444 ) (560 -6712 -380 ) (560 -6144 -380 ) (560 -6144 -444 ) 
4 142 147 (560 -6712 -380 ) (560 -6712 -352 ) (560 -6144 -352 ) (560 -6144 -380 ) 
4 143 158 (560 -6720 -480 ) (560 -6968 -480 ) (560 -6968 -444 ) (560 -6720 -444 ) 
4 143 154 (560 -6968 -444 ) (560 -6968 -380 ) (560 -6720 -380 ) (560 -6720 -444 ) 
4 143 148 (560 -6968 -380 ) (560 -6968 -360 ) (560 -6720 -360 ) (560 -6720 -380 ) 
4 143 145 (560 -6968 -360 ) (560 -6968 -480 ) (608 -6968 -480 ) (608 -6968 -360 ) 
4 144 149 (560 -7088 -356 ) (560 -7088 -352 ) (560 -6968 -352 ) (560 -6968 -356 ) 
4 144 145 (608 -7088 -356 ) (560 -7088 -356 ) (560 -6968 -356 ) (608 -6968 -356 ) 
4 145 158 (560 -6968 -480 ) (560 -7088 -480 ) (560 -7088 -444 ) (560 -6968 -444 ) 
4 145 154 (560 -7088 -444 ) (560 -7088 -380 ) (560 -6968 -380 ) (560 -6968 -444 ) 
4 145 150 (560 -7088 -380 ) (560 -7088 -356 ) (560 -6968 -356 ) (560 -6968 -380 ) 
4 146 367 (608 -7168 -352 ) (560 -7168 -352 ) (560 -7168 -480 ) (608 -7168 -480 ) 
4 146 240 (608 -7168 -480 ) (560 -7168 -480 ) (560 -7096 -480 ) (608 -7096 -480 ) 
4 146 159 (560 -7096 -480 ) (560 -7168 -480 ) (560 -7168 -444 ) (560 -7096 -444 ) 
4 146 156 (560 -7168 -444 ) (560 -7168 -380 ) (560 -7096 -380 ) (560 -7096 -444 ) 
4 146 151 (560 -7168 -380 ) (560 -7168 -352 ) (560 -7096 -352 ) (560 -7096 -380 ) 
4 147 160 (528 -6712 -352 ) (528 -6144 -352 ) (528 -6144 -380 ) (528 -6712 -380 ) 
4 147 152 (528 -6712 -380 ) (528 -6144 -380 ) (560 -6144 -380 ) (560 -6712 -380 ) 
4 148 161 (528 -6720 -360 ) (528 -6720 -380 ) (528 -6968 -380 ) (528 -6968 -360 ) 
4 148 154 (528 -6968 -380 ) (528 -6720 -380 ) (560 -6720 -380 ) (560 -6968 -380 ) 
4 148 150 (528 -6968 -360 ) (528 -6968 -380 ) (560 -6968 -380 ) (560 -6968 -360 ) 
4 149 162 (528 -7088 -352 ) (528 -6968 -352 ) (528 -6968 -356 ) (528 -7088 -356 ) 
4 149 150 (560 -7088 -356 ) (528 -7088 -356 ) (528 -6968 -356 ) (560 -6968 -356 ) 
4 150 164 (528 -6968 -360 ) (528 -6968 -380 ) (528 -7088 -380 ) (528 -7088 -360 ) 
4 150 163 (528 -6968 -356 ) (528 -6968 -360 ) (528 -7088 -360 ) (528 -7088 -356 ) 
4 150 154 (528 -7088 -380 ) (528 -6968 -380 ) (560 -6968 -380 ) (560 -7088 -380 ) 
4 151 367 (560 -7168 -352 ) (528 -7168 -352 ) (528 -7168 -380 ) (560 -7168 -380 ) 
4 151 166 (528 -7168 -380 ) (528 -7168 -352 ) (528 -7096 -352 ) (528 -7096 -380 ) 
4 151 156 (528 -7168 -380 ) (528 -7096 -380 ) (560 -7096 -380 ) (560 -7168 -380 ) 
4 152 160 (528 -6712 -380 ) (528 -6144 -380 ) (528 -6144 -444 ) (528 -6712 -444 ) 
4 152 157 (528 -6712 -444 ) (528 -6144 -444 ) (560 -6144 -444 ) (560 -6712 -444 ) 
4 152 153 (528 -6714.440430 -444 ) (560 -6714.440430 -444 ) (560 -6714.440430 -380 ) (528 -6714.440430 -380 ) 
4 153 154 (528 -6714.560059 -444 ) (560 -6714.560059 -444 ) (560 -6714.560059 -380 ) (528 -6714.560059 -380 ) 
4 154 164 (528 -7088 -380 ) (528 -6968 -380 ) (528 -6968 -444 ) (528 -7088 -444 ) 
4 154 161 (528 -6968 -380 ) (528 -6720 -380 ) (528 -6720 -444 ) (528 -6968 -444 ) 
4 154 158 (528 -7088 -444 ) (528 -6720 -444 ) (560 -6720 -444 ) (560 -7088 -444 ) 
4 154 155 (528 -7093.440430 -444 ) (560 -7093.440430 -444 ) (560 -7093.440430 -380 ) (528 -7093.440430 -380 ) 
4 155 156 (528 -7093.560059 -444 ) (560 -7093.560059 -444 ) (560 -7093.560059 -380 ) (528 -7093.560059 -380 ) 
4 156 367 (528 -7168 -380 ) (528 -7168 -444 ) (560 -7168 -444 ) (560 -7168 -380 ) 
4 156 166 (528 -7168 -444 ) (528 -7168 -380 ) (528 -7096 -380 ) (528 -7096 -444 ) 
4 156 159 (528 -7168 -444 ) (528 -7096 -444 ) (560 -7096 -444 ) (560 -7168 -444 ) 
4 157 232 (528 -6712 -480 ) (528 -6584 -480 ) (560 -6584 -480 ) (560 -6712 -480 ) 
4 157 231 (528 -6584 -480 ) (528 -6548 -480 ) (560 -6548 -480 ) (560 -6584 -480 ) 
4 157 226 (528 -6548 -480 ) (528 -6492 -480 ) (560 -6492 -480 ) (560 -6548 -480 ) 
4 157 225 (528 -6492 -480 ) (528 -6456 -480 ) (560 -6456 -480 ) (560 -6492 -480 ) 
4 157 224 (528 -6456 -480 ) (528 -6144 -480 ) (560 -6144 -480 ) (560 -6456 -480 ) 
4 157 160 (528 -6144 -480 ) (528 -6712 -480 ) (528 -6712 -444 ) (528 -6144 -444 ) 
4 158 164 (528 -6968 -480 ) (528 -7088 -480 ) (528 -7088 -444 ) (528 -6968 -444 ) 
4 158 161 (528 -6720 -480 ) (528 -6968 -480 ) (528 -6968 -444 ) (528 -6720 -444 ) 
4 159 367 (528 -7168 -444 ) (528 -7168 -480 ) (560 -7168 -480 ) (560 -7168 -444 ) 
4 159 240 (560 -7168 -480 ) (528 -7168 -480 ) (528 -7096 -480 ) (560 -7096 -480 ) 
4 159 166 (528 -7096 -480 ) (528 -7168 -480 ) (528 -7168 -444 ) (528 -7096 -444 ) 
4 160 232 (488 -6712 -480 ) (488 -6584 -480 ) (528 -6584 -480 ) (528 -6712 -480 ) 
4 160 231 (488 -6584 -480 ) (488 -6548 -480 ) (528 -6548 -480 ) (528 -6584 -480 ) 
4 160 226 (488 -6548 -480 ) (488 -6492 -480 ) (528 -6492 -480 ) (528 -6548 -480 ) 
4 160 225 (488 -6492 -480 ) (488 -6456 -480 ) (528 -6456 -480 ) (528 -6492 -480 ) 
4 160 224 (488 -6456 -480 ) (488 -6144 -480 ) (528 -6144 -480 ) (528 -6456 -480 ) 
4 160 167 (488 -6144 -480 ) (488 -6712 -480 ) (488 -6712 -352 ) (488 -6144 -352 ) 
4 161 170 (488 -6804 -444 ) (488 -6804 -380 ) (488 -6748 -380 ) (488 -6748 -444 ) 
4 161 164 (492 -6968 -480 ) (528 -6968 -480 ) (528 -6968 -360 ) (492 -6968 -360 ) 
4 162 163 (528 -7088 -356 ) (488 -7088 -356 ) (488 -6968 -356 ) (528 -6968 -356 ) 
4 163 165 (492 -7088 -360 ) (488 -7088 -360 ) (488 -6976 -360 ) (492 -6976 -360 ) 
4 163 164 (528 -7088 -360 ) (492 -7088 -360 ) (492 -6968 -360 ) (528 -6968 -360 ) 
4 164 165 (492 -7088 -480 ) (492 -7088 -360 ) (492 -6976 -360 ) (492 -6976 -480 ) 
4 165 176 (488 -7060 -444 ) (488 -7060 -380 ) (488 -7004 -380 ) (488 -7004 -444 ) 
4 166 367 (528 -7168 -352 ) (488 -7168 -352 ) (488 -7168 -480 ) (528 -7168 -480 ) 
4 166 240 (528 -7168 -480 ) (488 -7168 -480 ) (488 -7096 -480 ) (528 -7096 -480 ) 
4 166 181 (488 -7096 -480 ) (488 -7168 -480 ) (488 -7168 -352 ) (488 -7096 -352 ) 
4 167 342 (0 -6144 -352 ) (0 -6144 -480 ) (0 -6712 -480 ) (0 -6712 -352 ) 
4 167 242 (488 -6584 -480 ) (488 -6712 -480 ) (480 -6712 -480 ) (480 -6584 -480 ) 
4 167 241 (480 -6144 -480 ) (488 -6144 -480 ) (488 -6584 -480 ) (480 -6584 -480 ) 
4 167 249 (0 -6712 -480 ) (0 -6144 -480 ) (480 -6144 -480 ) (480 -6712 -480 ) 
4 167 168 (0 -6712 -480 ) (480 -6712 -480 ) (480 -6712 -352 ) (0 -6712 -352 ) 
4 168 342 (0 -6712 -480 ) (0 -6748 -480 ) (0 -6748 -352 ) (0 -6712 -352 ) 
4 168 249 (0 -6748 -480 ) (0 -6712 -480 ) (480 -6712 -480 ) (480 -6748 -480 ) 
4 168 173 (0 -6748 -480 ) (480 -6748 -480 ) (480 -6748 -444 ) (0 -6748 -444 ) 
4 168 172 (480 -6748 -444 ) (480 -6748 -380 ) (0 -6748 -380 ) (0 -6748 -444 ) 
4 168 169 (480 -6748 -380 ) (480 -6748 -352 ) (0 -6748 -352 ) (0 -6748 -380 ) 
4 169 342 (0 -6804 -380 ) (0 -6804 -352 ) (0 -6748 -352 ) (0 -6748 -380 ) 
4 169 174 (480 -6804 -352 ) (0 -6804 -352 ) (0 -6804 -380 ) (480 -6804 -380 ) 
4 169 172 (480 -6804 -380 ) (0 -6804 -380 ) (0 -6748 -380 ) (480 -6748 -380 ) 
4 170 171 (482.559998 -6748 -444 ) (482.559998 -6804 -444 ) (482.559998 -6804 -380 ) (482.559998 -6748 -380 ) 
4 171 172 (482.440033 -6748 -444 ) (482.440033 -6804 -444 ) (482.440033 -6804 -380 ) (482.440033 -6748 -380 ) 
4 172 342 (0 -6804 -444 ) (0 -6804 -380 ) (0 -6748 -380 ) (0 -6748 -444 ) 
4 172 174 (480 -6804 -380 ) (0 -6804 -380 ) (0 -6804 -444 ) (480 -6804 -444 ) 
4 172 173 (480 -6804 -444 ) (0 -6804 -444 ) (0 -6748 -444 ) (480 -6748 -444 ) 
4 173 342 (0 -6748 -480 ) (0 -6804 -480 ) (0 -6804 -444 ) (0 -6748 -444 ) 
4 173 249 (0 -6804 -480 ) (0 -6748 -480 ) (480 -6748 -480 ) (480 -6804 -480 ) 
4 173 174 (0 -6804 -480 ) (480 -6804 -480 ) (480 -6804 -444 ) (0 -6804 -444 ) 
4 174 342 (0 -6804 -480 ) (0 -7004 -480 ) (0 -7004 -352 ) (0 -6804 -352 ) 
4 174 249 (0 -7004 -480 ) (0 -6804 -480 ) (480 -6804 -480 ) (480 -7004 -480 ) 
4 174 179 (0 -7004 -480 ) (480 -7004 -480 ) (480 -7004 -444 ) (0 -7004 -444 ) 
4 174 178 (480 -7004 -444 ) (480 -7004 -380 ) (0 -7004 -380 ) (0 -7004 -444 ) 
4 174 175 (480 -7004 -380 ) (480 -7004 -352 ) (0 -7004 -352 ) (0 -7004 -380 ) 
4 175 342 (0 -7060 -380 ) (0 -7060 -352 ) (0 -7004 -352 ) (0 -7004 -380 ) 
4 175 180 (480 -7060 -352 ) (0 -7060 -352 ) (0 -7060 -380 ) (480 -7060 -380 ) 
4 175 178 (480 -7060 -380 ) (0 -7060 -380 ) (0 -7004 -380 ) (480 -7004 -380 ) 
4 176 177 (482.559998 -7004 -444 ) (482.559998 -7060 -444 ) (482.559998 -7060 -380 ) (482.559998 -7004 -380 ) 
4 177 178 (482.440033 -7004 -444 ) (482.440033 -7060 -444 ) (482.440033 -7060 -380 ) (482.440033 -7004 -380 ) 
4 178 342 (0 -7060 -444 ) (0 -7060 -380 ) (0 -7004 -380 ) (0 -7004 -444 ) 
4 178 180 (480 -7060 -380 ) (0 -7060 -380 ) (0 -7060 -444 ) (480 -7060 -444 ) 
4 178 179 (480 -7060 -444 ) (0 -7060 -444 ) (0 -7004 -444 ) (480 -7004 -444 ) 
4 179 342 (0 -7004 -480 ) (0 -7060 -480 ) (0 -7060 -444 ) (0 -7004 -444 ) 
4 179 249 (0 -7060 -480 ) (0 -7004 -480 ) (480 -7004 -480 ) (480 -7060 -480 ) 
4 179 180 (0 -7060 -480 ) (480 -7060 -480 ) (480 -7060 -444 ) (0 -7060 -444 ) 
4 180 342 (0 -7060 -480 ) (0 -7096 -480 ) (0 -7096 -352 ) (0 -7060 -352 ) 
4 180 249 (0 -7096 -480 ) (0 -7060 -480 ) (480 -7060 -480 ) (480 -7096 -480 ) 
4 180 181 (0 -7096 -480 ) (480 -7096 -480 ) (480 -7096 -352 ) (0 -7096 -352 ) 
4 181 367 (488 -7168 -352 ) (168 -7168 -352 ) (168 -7168 -480 ) (488 -7168 -480 ) 
4 181 369 (168 -7168 -352 ) (0 -7168 -352 ) (0 -7168 -480 ) (168 -7168 -480 ) 
4 181 342 (0 -7096 -480 ) (0 -7168 -480 ) (0 -7168 -352 ) (0 -7096 -352 ) 
4 181 248 (488 -7168 -480 ) (480 -7168 -480 ) (480 -7096 -480 ) (488 -7096 -480 ) 
4 181 249 (480 -7168 -480 ) (0 -7168 -480 ) (0 -7096 -480 ) (480 -7096 -480 ) 
4 182 367 (1024 -7168 -608 ) (1024 -7168 -480 ) (992 -7168 -480 ) (992 -7168 -608 ) 
4 182 306 (1024 -6832 -608 ) (1024 -7168 -608 ) (992 -7168 -608 ) (992 -6832 -608 ) 
4 182 250 (992 -6144 -608 ) (1024 -6144 -608 ) (1024 -6832 -608 ) (992 -6832 -608 ) 
4 182 187 (992 -6840 -608 ) (992 -7168 -608 ) (992 -7168 -480 ) (992 -6840 -480 ) 
4 182 184 (992 -6792 -572 ) (992 -6792 -508 ) (992 -6760 -508 ) (992 -6760 -572 ) 
4 182 183 (992 -6144 -608 ) (992 -6456 -608 ) (992 -6456 -480 ) (992 -6144 -480 ) 
4 183 251 (984 -6144 -608 ) (992 -6144 -608 ) (992 -6456 -608 ) (984 -6456 -608 ) 
4 183 188 (984 -6144 -608 ) (984 -6456 -608 ) (984 -6456 -480 ) (984 -6144 -480 ) 
4 184 185 (989.559998 -6760 -572 ) (989.559998 -6792 -572 ) (989.559998 -6792 -508 ) (989.559998 -6760 -508 ) 
4 185 186 (989.440063 -6760 -572 ) (989.440063 -6792 -572 ) (989.440063 -6792 -508 ) (989.440063 -6760 -508 ) 
4 186 198 (984 -6792 -572 ) (984 -6792 -508 ) (984 -6760 -508 ) (984 -6760 -572 ) 
4 187 367 (992 -7168 -480 ) (984 -7168 -480 ) (984 -7168 -608 ) (992 -7168 -608 ) 
4 187 307 (992 -6840 -608 ) (992 -7168 -608 ) (984 -7168 -608 ) (984 -6840 -608 ) 
4 187 214 (984 -6840 -608 ) (984 -7168 -608 ) (984 -7168 -480 ) (984 -6840 -480 ) 
4 188 258 (944 -6144 -608 ) (984 -6144 -608 ) (984 -6456 -608 ) (944 -6456 -608 ) 
4 188 193 (944 -6144 -608 ) (944 -6456 -608 ) (944 -6456 -572 ) (944 -6144 -572 ) 
4 188 190 (944 -6456 -572 ) (944 -6456 -508 ) (944 -6144 -508 ) (944 -6144 -572 ) 
4 188 189 (944 -6456 -508 ) (944 -6456 -480 ) (944 -6144 -480 ) (944 -6144 -508 ) 
4 189 194 (912 -6456 -480 ) (912 -6144 -480 ) (912 -6144 -508 ) (912 -6456 -508 ) 
4 189 190 (912 -6456 -508 ) (912 -6144 -508 ) (944 -6144 -508 ) (944 -6456 -508 ) 
4 190 194 (912 -6456 -508 ) (912 -6144 -508 ) (912 -6144 -572 ) (912 -6456 -572 ) 
4 190 193 (912 -6456 -572 ) (912 -6144 -572 ) (944 -6144 -572 ) (944 -6456 -572 ) 
4 190 191 (912 -6458.440430 -572 ) (944 -6458.440430 -572 ) (944 -6458.440430 -508 ) (912 -6458.440430 -508 ) 
4 191 192 (912 -6458.560059 -572 ) (944 -6458.560059 -572 ) (944 -6458.560059 -508 ) (912 -6458.560059 -508 ) 
4 192 195 (944 -6464 -572 ) (944 -6464 -508 ) (912 -6464 -508 ) (912 -6464 -572 ) 
4 193 259 (912 -6144 -608 ) (944 -6144 -608 ) (944 -6456 -608 ) (912 -6456 -608 ) 
4 193 194 (912 -6144 -608 ) (912 -6456 -608 ) (912 -6456 -572 ) (912 -6144 -572 ) 
4 194 264 (848 -6144 -608 ) (912 -6144 -608 ) (912 -6456 -608 ) (848 -6456 -608 ) 
4 194 200 (848 -6144 -608 ) (848 -6424 -608 ) (848 -6424 -480 ) (848 -6144 -480 ) 
4 195 208 (848 -6484 -600 ) (848 -6484 -488 ) (848 -6476 -488 ) (848 -6476 -600 ) 
4 195 209 (848 -6484 -608 ) (848 -6568 -608 ) (848 -6568 -488 ) (848 -6484 -488 ) 
4 195 199 (848 -6568 -488 ) (848 -6568 -608 ) (920 -6568 -608 ) (920 -6568 -488 ) 
4 195 197 (920 -6568 -608 ) (984 -6568 -608 ) (984 -6568 -488 ) (920 -6568 -488 ) 
4 196 197 (984 -6760 -484 ) (920 -6760 -484 ) (920 -6568 -484 ) (984 -6568 -484 ) 
4 197 199 (920 -6568 -488 ) (920 -6568 -608 ) (920 -6760 -608 ) (920 -6760 -488 ) 
4 197 198 (920 -6760 -488 ) (920 -6760 -608 ) (984 -6760 -608 ) (984 -6760 -488 ) 
4 198 211 (944 -6832 -572 ) (944 -6832 -508 ) (920 -6832 -508 ) (920 -6832 -572 ) 
4 198 199 (920 -6760 -608 ) (920 -6832 -608 ) (920 -6832 -488 ) (920 -6760 -488 ) 
4 199 278 (848 -6660 -608 ) (848 -6600 -608 ) (884 -6600 -608 ) (884 -6660 -608 ) 
4 199 211 (920 -6832 -572 ) (920 -6832 -508 ) (912 -6832 -508 ) (912 -6832 -572 ) 
4 199 209 (848 -6568 -608 ) (848 -6832 -608 ) (848 -6832 -488 ) (848 -6568 -488 ) 
4 200 265 (752 -6144 -608 ) (848 -6144 -608 ) (848 -6424 -608 ) (752 -6424 -608 ) 
4 200 206 (752 -6144 -608 ) (752 -6424 -608 ) (752 -6424 -480 ) (752 -6144 -480 ) 
4 201 205 (768 -6472 -544 ) (768 -6472 -600 ) (832 -6472 -600 ) (832 -6472 -544 ) 
4 201 202 (832 -6472 -604 ) (768 -6472 -604 ) (768 -6432 -604 ) (832 -6432 -604 ) 
4 202 203 (832 -6472 -605 ) (768 -6472 -605 ) (768 -6432 -605 ) (832 -6432 -605 ) 
4 203 204 (832 -6472 -606 ) (768 -6472 -606 ) (768 -6432 -606 ) (832 -6432 -606 ) 
4 204 275 (768 -6472 -608 ) (768 -6464 -608 ) (832 -6464 -608 ) (832 -6472 -608 ) 
4 204 266 (768 -6464 -608 ) (768 -6432 -608 ) (832 -6432 -608 ) (832 -6464 -608 ) 
4 205 208 (832 -6476 -600 ) (832 -6476 -544 ) (768 -6476 -544 ) (768 -6476 -600 ) 
4 206 273 (616 -6144 -608 ) (656 -6144 -608 ) (656 -6456 -608 ) (616 -6456 -608 ) 
4 206 268 (656 -6144 -608 ) (688 -6144 -608 ) (688 -6456 -608 ) (656 -6456 -608 ) 
4 206 267 (688 -6144 -608 ) (752 -6144 -608 ) (752 -6456 -608 ) (688 -6456 -608 ) 
4 206 224 (616 -6144 -608 ) (616 -6456 -608 ) (616 -6456 -480 ) (616 -6144 -480 ) 
4 207 210 (616 -6476 -488 ) (616 -6476 -608 ) (752 -6476 -608 ) (752 -6476 -488 ) 
4 208 209 (752 -6484 -488 ) (752 -6484 -600 ) (848 -6484 -600 ) (848 -6484 -488 ) 
4 208 210 (752 -6484 -488 ) (752 -6476 -488 ) (752 -6476 -600 ) (752 -6484 -600 ) 
4 209 278 (848 -6600 -608 ) (848 -6660 -608 ) (820 -6660 -608 ) (820 -6600 -608 ) 
4 209 210 (752 -6832 -608 ) (752 -6832 -488 ) (752 -6484 -488 ) (752 -6484 -608 ) 
4 210 236 (616 -6720 -608 ) (616 -6832 -608 ) (616 -6832 -488 ) (616 -6720 -488 ) 
4 210 227 (616 -6548 -572 ) (616 -6548 -508 ) (616 -6492 -508 ) (616 -6492 -572 ) 
4 210 216 (616 -6832 -488 ) (616 -6832 -608 ) (736 -6832 -608 ) (736 -6832 -488 ) 
4 211 212 (912 -6837.440430 -572 ) (944 -6837.440430 -572 ) (944 -6837.440430 -508 ) (912 -6837.440430 -508 ) 
4 212 213 (912 -6837.560059 -572 ) (944 -6837.560059 -572 ) (944 -6837.560059 -508 ) (912 -6837.560059 -508 ) 
4 213 214 (944 -6840 -572 ) (944 -6840 -508 ) (912 -6840 -508 ) (912 -6840 -572 ) 
4 214 367 (984 -7168 -480 ) (864 -7168 -480 ) (864 -7168 -608 ) (984 -7168 -608 ) 
4 214 313 (900 -7168 -608 ) (864 -7168 -608 ) (864 -6840 -608 ) (900 -6840 -608 ) 
4 214 308 (956 -7168 -608 ) (900 -7168 -608 ) (900 -6840 -608 ) (956 -6840 -608 ) 
4 214 307 (984 -6840 -608 ) (984 -7168 -608 ) (956 -7168 -608 ) (956 -6840 -608 ) 
4 214 215 (864 -7096 -608 ) (864 -7168 -608 ) (864 -7168 -480 ) (864 -7096 -480 ) 
4 215 367 (864 -7168 -480 ) (736 -7168 -480 ) (736 -7168 -608 ) (864 -7168 -608 ) 
4 215 327 (856 -7168 -608 ) (736 -7168 -608 ) (736 -7096 -608 ) (856 -7096 -608 ) 
4 215 316 (864 -7168 -608 ) (856 -7168 -608 ) (856 -7096 -608 ) (864 -7096 -608 ) 
4 215 223 (736 -7096 -608 ) (736 -7168 -608 ) (736 -7168 -480 ) (736 -7096 -480 ) 
4 216 236 (616 -6832 -608 ) (616 -6956 -608 ) (616 -6956 -488 ) (616 -6832 -488 ) 
4 216 221 (616 -6956 -488 ) (616 -6956 -608 ) (636 -6956 -608 ) (636 -6956 -488 ) 
4 216 220 (636 -6956 -608 ) (700 -6956 -608 ) (700 -6956 -488 ) (636 -6956 -488 ) 
4 216 217 (700 -6956 -608 ) (736 -6956 -608 ) (736 -6956 -488 ) (700 -6956 -488 ) 
4 217 222 (700 -7016 -608 ) (736 -7016 -608 ) (736 -7016 -488 ) (700 -7016 -488 ) 
4 217 220 (700 -6956 -488 ) (700 -6956 -608 ) (700 -7016 -608 ) (700 -7016 -488 ) 
4 218 219 (636 -7016 -482 ) (636 -6956 -482 ) (700 -6956 -482 ) (700 -7016 -482 ) 
4 219 220 (636 -7016 -484 ) (636 -6956 -484 ) (700 -6956 -484 ) (700 -7016 -484 ) 
4 220 222 (636 -7016 -608 ) (700 -7016 -608 ) (700 -7016 -488 ) (636 -7016 -488 ) 
4 220 221 (636 -6956 -488 ) (636 -6956 -608 ) (636 -7016 -608 ) (636 -7016 -488 ) 
4 221 236 (616 -6956 -608 ) (616 -7016 -608 ) (616 -7016 -488 ) (616 -6956 -488 ) 
4 221 222 (616 -7016 -488 ) (616 -7016 -608 ) (636 -7016 -608 ) (636 -7016 -488 ) 
4 222 236 (616 -7016 -608 ) (616 -7088 -608 ) (616 -7088 -488 ) (616 -7016 -488 ) 
4 223 367 (736 -7168 -480 ) (616 -7168 -480 ) (616 -7168 -608 ) (736 -7168 -608 ) 
4 223 327 (736 -7168 -608 ) (616 -7168 -608 ) (616 -7096 -608 ) (736 -7096 -608 ) 
4 223 240 (616 -7096 -608 ) (616 -7168 -608 ) (616 -7168 -480 ) (616 -7096 -480 ) 
4 224 285 (488 -6144 -608 ) (616 -6144 -608 ) (616 -6456 -608 ) (488 -6456 -608 ) 
4 224 241 (488 -6144 -608 ) (488 -6456 -608 ) (488 -6456 -480 ) (488 -6144 -480 ) 
4 224 225 (488 -6456 -480 ) (488 -6456 -608 ) (608 -6456 -608 ) (608 -6456 -480 ) 
4 225 286 (608 -6492 -608 ) (488 -6492 -608 ) (488 -6456 -608 ) (608 -6456 -608 ) 
4 225 241 (488 -6456 -608 ) (488 -6492 -608 ) (488 -6492 -480 ) (488 -6456 -480 ) 
4 225 230 (488 -6492 -572 ) (488 -6492 -608 ) (608 -6492 -608 ) (608 -6492 -572 ) 
4 225 229 (488 -6492 -508 ) (488 -6492 -572 ) (608 -6492 -572 ) (608 -6492 -508 ) 
4 225 226 (488 -6492 -480 ) (488 -6492 -508 ) (608 -6492 -508 ) (608 -6492 -480 ) 
4 226 241 (488 -6548 -508 ) (488 -6548 -480 ) (488 -6492 -480 ) (488 -6492 -508 ) 
4 226 231 (488 -6548 -480 ) (488 -6548 -508 ) (608 -6548 -508 ) (608 -6548 -480 ) 
4 226 229 (608 -6548 -508 ) (488 -6548 -508 ) (488 -6492 -508 ) (608 -6492 -508 ) 
4 227 228 (610.559998 -6492 -572 ) (610.559998 -6548 -572 ) (610.559998 -6548 -508 ) (610.559998 -6492 -508 ) 
4 228 229 (610.440063 -6492 -572 ) (610.440063 -6548 -572 ) (610.440063 -6548 -508 ) (610.440063 -6492 -508 ) 
4 229 241 (488 -6548 -572 ) (488 -6548 -508 ) (488 -6492 -508 ) (488 -6492 -572 ) 
4 229 231 (488 -6548 -508 ) (488 -6548 -572 ) (608 -6548 -572 ) (608 -6548 -508 ) 
4 229 230 (608 -6548 -572 ) (488 -6548 -572 ) (488 -6492 -572 ) (608 -6492 -572 ) 
4 230 292 (608 -6548 -608 ) (488 -6548 -608 ) (488 -6536 -608 ) (608 -6536 -608 ) 
4 230 287 (488 -6536 -608 ) (488 -6504 -608 ) (608 -6504 -608 ) (608 -6536 -608 ) 
4 230 286 (488 -6504 -608 ) (488 -6492 -608 ) (608 -6492 -608 ) (608 -6504 -608 ) 
4 230 241 (488 -6492 -608 ) (488 -6548 -608 ) (488 -6548 -572 ) (488 -6492 -572 ) 
4 230 231 (488 -6548 -572 ) (488 -6548 -608 ) (608 -6548 -608 ) (608 -6548 -572 ) 
4 231 292 (608 -6584 -608 ) (488 -6584 -608 ) (488 -6548 -608 ) (608 -6548 -608 ) 
4 231 241 (488 -6548 -608 ) (488 -6584 -608 ) (488 -6584 -480 ) (488 -6548 -480 ) 
4 231 232 (488 -6584 -480 ) (488 -6584 -604 ) (608 -6584 -544 ) (608 -6584 -480 ) 
4 232 242 (488 -6712 -604 ) (488 -6712 -480 ) (488 -6584 -480 ) (488 -6584 -604 ) 
5 232 233 (552.001099 -6712 -572 ) (560 -6712 -568 ) (560 -6712 -508 ) (528 -6712 -508 ) (528 -6712 -572 ) 
4 233 234 (528 -6714.440430 -572 ) (560 -6714.440430 -572 ) (560 -6714.440430 -508 ) (528 -6714.440430 -508 ) 
4 234 235 (528 -6714.560059 -572 ) (560 -6714.560059 -572 ) (560 -6714.560059 -508 ) (528 -6714.560059 -508 ) 
4 235 236 (560 -6720 -572 ) (560 -6720 -508 ) (528 -6720 -508 ) (528 -6720 -572 ) 
4 236 320 (488 -7024 -608 ) (488 -6832 -608 ) (552 -6832 -608 ) (552 -7024 -608 ) 
4 236 246 (488 -7060 -572 ) (488 -7060 -508 ) (488 -7004 -508 ) (488 -7004 -572 ) 
4 236 243 (488 -6804 -572 ) (488 -6804 -508 ) (488 -6748 -508 ) (488 -6748 -572 ) 
4 236 237 (572 -7088 -572 ) (572 -7088 -508 ) (516 -7088 -508 ) (516 -7088 -572 ) 
4 237 238 (516 -7093.440430 -572 ) (572 -7093.440430 -572 ) (572 -7093.440430 -508 ) (516 -7093.440430 -508 ) 
4 238 239 (516 -7093.560059 -572 ) (572 -7093.560059 -572 ) (572 -7093.560059 -508 ) (516 -7093.560059 -508 ) 
4 239 240 (572 -7096 -572 ) (572 -7096 -508 ) (516 -7096 -508 ) (516 -7096 -572 ) 
4 240 367 (616 -7168 -480 ) (488 -7168 -480 ) (488 -7168 -608 ) (616 -7168 -608 ) 
4 240 327 (616 -7096 -608 ) (616 -7168 -608 ) (488 -7168 -608 ) (488 -7096 -608 ) 
4 240 248 (488 -7096 -608 ) (488 -7168 -608 ) (488 -7168 -480 ) (488 -7096 -480 ) 
4 241 292 (488 -6536 -608 ) (488 -6584 -608 ) (480 -6584 -608 ) (480 -6536 -608 ) 
4 241 287 (488 -6504 -608 ) (488 -6536 -608 ) (480 -6536 -608 ) (480 -6504 -608 ) 
4 241 286 (488 -6456 -608 ) (488 -6504 -608 ) (480 -6504 -608 ) (480 -6456 -608 ) 
4 241 285 (480 -6144 -608 ) (488 -6144 -608 ) (488 -6456 -608 ) (480 -6456 -608 ) 
4 241 242 (480 -6584 -480 ) (480 -6584 -608 ) (488 -6584 -604 ) (488 -6584 -480 ) 
4 241 249 (480 -6144 -608 ) (480 -6584 -608 ) (480 -6584 -480 ) (480 -6144 -480 ) 
4 242 249 (480 -6584 -608 ) (480 -6712 -608 ) (480 -6712 -480 ) (480 -6584 -480 ) 
4 243 244 (482.559998 -6748 -572 ) (482.559998 -6804 -572 ) (482.559998 -6804 -508 ) (482.559998 -6748 -508 ) 
4 244 245 (482.440033 -6748 -572 ) (482.440033 -6804 -572 ) (482.440033 -6804 -508 ) (482.440033 -6748 -508 ) 
4 245 249 (480 -6804 -572 ) (480 -6804 -508 ) (480 -6748 -508 ) (480 -6748 -572 ) 
4 247 249 (480 -7060 -572 ) (480 -7060 -508 ) (480 -7004 -508 ) (480 -7004 -572 ) 
4 248 367 (488 -7168 -480 ) (480 -7168 -480 ) (480 -7168 -608 ) (488 -7168 -608 ) 
4 248 327 (488 -7096 -608 ) (488 -7168 -608 ) (480 -7168 -608 ) (480 -7096 -608 ) 
4 248 249 (480 -7096 -608 ) (480 -7168 -608 ) (480 -7168 -480 ) (480 -7096 -480 ) 
4 249 367 (480 -7168 -480 ) (168 -7168 -480 ) (168 -7168 -608 ) (480 -7168 -608 ) 
4 249 369 (168 -7168 -480 ) (0 -7168 -480 ) (0 -7168 -608 ) (168 -7168 -608 ) 
4 249 342 (0 -6144 -480 ) (0 -6144 -608 ) (0 -7168 -608 ) (0 -7168 -480 ) 
4 249 326 (480 -7088 -608 ) (480 -7096 -608 ) (0 -7096 -608 ) (0 -7088 -608 ) 
4 249 327 (480 -7096 -608 ) (480 -7168 -608 ) (0 -7168 -608 ) (0 -7096 -608 ) 
4 249 322 (480 -6832 -608 ) (480 -7088 -608 ) (0 -7088 -608 ) (0 -6832 -608 ) 
4 249 305 (480 -6720 -608 ) (480 -6832 -608 ) (0 -6832 -608 ) (0 -6720 -608 ) 
4 249 303 (480 -6712 -608 ) (480 -6720 -608 ) (0 -6720 -608 ) (0 -6712 -608 ) 
4 249 301 (480 -6584 -608 ) (480 -6712 -608 ) (0 -6712 -608 ) (0 -6584 -608 ) 
4 249 292 (480 -6536 -608 ) (480 -6584 -608 ) (0 -6584 -608 ) (0 -6536 -608 ) 
4 249 287 (480 -6504 -608 ) (480 -6536 -608 ) (0 -6536 -608 ) (0 -6504 -608 ) 
4 249 286 (480 -6456 -608 ) (480 -6504 -608 ) (0 -6504 -608 ) (0 -6456 -608 ) 
4 249 285 (0 -6144 -608 ) (480 -6144 -608 ) (480 -6456 -608 ) (0 -6456 -608 ) 
4 250 331 (1024 -6456 -736 ) (1024 -6832 -736 ) (992 -6832 -736 ) (992 -6456 -736 ) 
4 250 328 (992 -6144 -736 ) (1024 -6144 -736 ) (1024 -6456 -736 ) (992 -6456 -736 ) 
4 250 306 (992 -6832 -736 ) (1024 -6832 -736 ) (1024 -6832 -608 ) (992 -6832 -608 ) 
4 250 255 (992 -6792 -700 ) (992 -6792 -636 ) (992 -6760 -636 ) (992 -6760 -700 ) 
4 250 252 (992 -6568 -736 ) (992 -6728 -736 ) (992 -6728 -616 ) (992 -6568 -616 ) 
4 250 251 (992 -6144 -736 ) (992 -6456 -736 ) (992 -6456 -608 ) (992 -6144 -608 ) 
4 251 328 (984 -6144 -736 ) (992 -6144 -736 ) (992 -6456 -736 ) (984 -6456 -736 ) 
4 251 258 (984 -6144 -736 ) (984 -6456 -736 ) (984 -6456 -608 ) (984 -6144 -608 ) 
4 252 253 (990 -6728 -736 ) (990 -6728 -616 ) (990 -6568 -616 ) (990 -6568 -736 ) 
4 253 254 (986 -6728 -736 ) (986 -6728 -616 ) (986 -6568 -616 ) (986 -6568 -736 ) 
4 254 281 (984 -6568 -736 ) (984 -6728 -736 ) (984 -6728 -616 ) (984 -6568 -616 ) 
4 255 256 (989.559998 -6760 -700 ) (989.559998 -6792 -700 ) (989.559998 -6792 -636 ) (989.559998 -6760 -636 ) 
4 256 257 (989.440063 -6760 -700 ) (989.440063 -6792 -700 ) (989.440063 -6792 -636 ) (989.440063 -6760 -636 ) 
4 257 281 (984 -6792 -700 ) (984 -6792 -636 ) (984 -6760 -636 ) (984 -6760 -700 ) 
4 258 328 (944 -6144 -736 ) (984 -6144 -736 ) (984 -6456 -736 ) (944 -6456 -736 ) 
4 258 263 (944 -6144 -736 ) (944 -6456 -736 ) (944 -6456 -700 ) (944 -6144 -700 ) 
4 258 260 (944 -6456 -700 ) (944 -6456 -636 ) (944 -6144 -636 ) (944 -6144 -700 ) 
4 258 259 (944 -6456 -636 ) (944 -6456 -608 ) (944 -6144 -608 ) (944 -6144 -636 ) 
4 259 264 (912 -6456 -608 ) (912 -6144 -608 ) (912 -6144 -636 ) (912 -6456 -636 ) 
4 259 260 (912 -6456 -636 ) (912 -6144 -636 ) (944 -6144 -636 ) (944 -6456 -636 ) 
4 260 264 (912 -6456 -636 ) (912 -6144 -636 ) (912 -6144 -700 ) (912 -6456 -700 ) 
4 260 263 (912 -6456 -700 ) (912 -6144 -700 ) (944 -6144 -700 ) (944 -6456 -700 ) 
4 260 261 (912 -6458.440430 -700 ) (944 -6458.440430 -700 ) (944 -6458.440430 -636 ) (912 -6458.440430 -636 ) 
4 261 262 (912 -6458.560059 -700 ) (944 -6458.560059 -700 ) (944 -6458.560059 -636 ) (912 -6458.560059 -636 ) 
4 262 274 (944 -6464 -700 ) (944 -6464 -636 ) (912 -6464 -636 ) (912 -6464 -700 ) 
4 263 328 (912 -6144 -736 ) (944 -6144 -736 ) (944 -6456 -736 ) (912 -6456 -736 ) 
4 263 264 (912 -6144 -736 ) (912 -6456 -736 ) (912 -6456 -700 ) (912 -6144 -700 ) 
4 264 328 (848 -6144 -736 ) (912 -6144 -736 ) (912 -6456 -736 ) (848 -6456 -736 ) 
4 264 265 (848 -6144 -736 ) (848 -6424 -736 ) (848 -6424 -608 ) (848 -6144 -608 ) 
4 265 329 (752 -6144 -736 ) (848 -6144 -736 ) (848 -6424 -736 ) (752 -6424 -736 ) 
4 265 267 (752 -6144 -736 ) (752 -6424 -736 ) (752 -6424 -608 ) (752 -6144 -608 ) 
4 266 275 (832 -6464 -608 ) (768 -6464 -608 ) (768 -6464 -720 ) (832 -6464 -720 ) 
4 267 330 (688 -6144 -736 ) (752 -6144 -736 ) (752 -6456 -736 ) (688 -6456 -736 ) 
4 267 272 (688 -6144 -736 ) (688 -6456 -736 ) (688 -6456 -700 ) (688 -6144 -700 ) 
4 267 269 (688 -6456 -700 ) (688 -6456 -636 ) (688 -6144 -636 ) (688 -6144 -700 ) 
4 267 268 (688 -6456 -636 ) (688 -6456 -608 ) (688 -6144 -608 ) (688 -6144 -636 ) 
4 268 273 (656 -6456 -608 ) (656 -6144 -608 ) (656 -6144 -636 ) (656 -6456 -636 ) 
4 268 269 (656 -6456 -636 ) (656 -6144 -636 ) (688 -6144 -636 ) (688 -6456 -636 ) 
4 269 273 (656 -6456 -636 ) (656 -6144 -636 ) (656 -6144 -700 ) (656 -6456 -700 ) 
4 269 272 (656 -6456 -700 ) (656 -6144 -700 ) (688 -6144 -700 ) (688 -6456 -700 ) 
4 269 270 (656 -6458.440430 -700 ) (688 -6458.440430 -700 ) (688 -6458.440430 -636 ) (656 -6458.440430 -636 ) 
4 270 271 (656 -6458.560059 -700 ) (688 -6458.560059 -700 ) (688 -6458.560059 -636 ) (656 -6458.560059 -636 ) 
4 271 277 (688 -6464 -700 ) (688 -6464 -636 ) (656 -6464 -636 ) (656 -6464 -700 ) 
4 272 330 (656 -6144 -736 ) (688 -6144 -736 ) (688 -6456 -736 ) (656 -6456 -736 ) 
4 272 273 (656 -6144 -736 ) (656 -6456 -736 ) (656 -6456 -700 ) (656 -6144 -700 ) 
4 273 330 (616 -6144 -736 ) (656 -6144 -736 ) (656 -6456 -736 ) (616 -6456 -736 ) 
4 273 285 (616 -6144 -736 ) (616 -6456 -736 ) (616 -6456 -608 ) (616 -6144 -608 ) 
4 274 281 (848 -6476 -736 ) (984 -6476 -736 ) (984 -6476 -616 ) (848 -6476 -616 ) 
4 275 276 (768 -6472 -672 ) (768 -6472 -720 ) (832 -6472 -720 ) (832 -6472 -672 ) 
4 276 282 (768 -6476 -672 ) (768 -6476 -720 ) (832 -6476 -720 ) (832 -6476 -672 ) 
4 277 284 (616 -6476 -616 ) (616 -6476 -736 ) (752 -6476 -736 ) (752 -6476 -616 ) 
4 278 279 (820 -6660 -610 ) (820 -6600 -610 ) (884 -6600 -610 ) (884 -6660 -610 ) 
4 279 280 (820 -6660 -614 ) (820 -6600 -614 ) (884 -6600 -614 ) (884 -6660 -614 ) 
4 280 283 (820 -6600 -616 ) (848 -6600 -616 ) (848 -6660 -616 ) (820 -6660 -616 ) 
4 280 281 (848 -6600 -616 ) (884 -6600 -616 ) (884 -6660 -616 ) (848 -6660 -616 ) 
4 281 309 (956 -6832 -700 ) (956 -6832 -636 ) (900 -6832 -636 ) (900 -6832 -700 ) 
4 281 282 (848 -6484 -616 ) (848 -6476 -616 ) (848 -6476 -720 ) (848 -6484 -720 ) 
4 281 283 (848 -6832 -736 ) (848 -6832 -616 ) (848 -6484 -616 ) (848 -6484 -736 ) 
4 282 283 (752 -6484 -616 ) (752 -6484 -720 ) (848 -6484 -720 ) (848 -6484 -616 ) 
4 282 284 (752 -6484 -616 ) (752 -6476 -616 ) (752 -6476 -720 ) (752 -6484 -720 ) 
4 283 284 (752 -6832 -736 ) (752 -6832 -616 ) (752 -6484 -616 ) (752 -6484 -736 ) 
4 284 317 (680 -6832 -736 ) (736 -6832 -736 ) (736 -6832 -624 ) (680 -6832 -624 ) 
4 284 304 (616 -6720 -736 ) (616 -6832 -736 ) (616 -6832 -616 ) (616 -6720 -616 ) 
4 284 288 (616 -6536 -700 ) (616 -6536 -636 ) (616 -6504 -636 ) (616 -6504 -700 ) 
4 285 342 (0 -6144 -608 ) (0 -6144 -736 ) (0 -6456 -736 ) (0 -6456 -608 ) 
4 285 334 (480 -6144 -736 ) (608 -6144 -736 ) (608 -6456 -736 ) (480 -6456 -736 ) 
4 285 336 (0 -6456 -736 ) (0 -6144 -736 ) (480 -6144 -736 ) (480 -6456 -736 ) 
4 285 330 (608 -6144 -736 ) (616 -6144 -736 ) (616 -6456 -736 ) (608 -6456 -736 ) 
4 285 286 (0 -6456 -736 ) (608 -6456 -736 ) (608 -6456 -608 ) (0 -6456 -608 ) 
4 286 342 (0 -6456 -736 ) (0 -6504 -736 ) (0 -6504 -608 ) (0 -6456 -608 ) 
4 286 334 (480 -6456 -736 ) (608 -6456 -736 ) (608 -6504 -736 ) (480 -6504 -736 ) 
4 286 336 (0 -6504 -736 ) (0 -6456 -736 ) (480 -6456 -736 ) (480 -6504 -736 ) 
4 286 291 (0 -6504 -736 ) (608 -6504 -736 ) (608 -6504 -700 ) (0 -6504 -700 ) 
4 286 290 (608 -6504 -700 ) (608 -6504 -636 ) (0 -6504 -636 ) (0 -6504 -700 ) 
4 286 287 (608 -6504 -636 ) (608 -6504 -608 ) (0 -6504 -608 ) (0 -6504 -636 ) 
4 287 342 (0 -6536 -636 ) (0 -6536 -608 ) (0 -6504 -608 ) (0 -6504 -636 ) 
4 287 292 (608 -6536 -608 ) (0 -6536 -608 ) (0 -6536 -636 ) (608 -6536 -636 ) 
4 287 290 (608 -6536 -636 ) (0 -6536 -636 ) (0 -6504 -636 ) (608 -6504 -636 ) 
4 288 289 (610.559998 -6504 -700 ) (610.559998 -6536 -700 ) (610.559998 -6536 -636 ) (610.559998 -6504 -636 ) 
4 289 290 (610.440063 -6504 -700 ) (610.440063 -6536 -700 ) (610.440063 -6536 -636 ) (610.440063 -6504 -636 ) 
4 290 342 (0 -6536 -700 ) (0 -6536 -636 ) (0 -6504 -636 ) (0 -6504 -700 ) 
4 290 292 (608 -6536 -636 ) (0 -6536 -636 ) (0 -6536 -700 ) (608 -6536 -700 ) 
4 290 291 (608 -6536 -700 ) (0 -6536 -700 ) (0 -6504 -700 ) (608 -6504 -700 ) 
4 291 342 (0 -6504 -736 ) (0 -6536 -736 ) (0 -6536 -700 ) (0 -6504 -700 ) 
4 291 334 (480 -6504 -736 ) (608 -6504 -736 ) (608 -6536 -736 ) (480 -6536 -736 ) 
4 291 336 (0 -6536 -736 ) (0 -6504 -736 ) (480 -6504 -736 ) (480 -6536 -736 ) 
4 291 292 (0 -6536 -736 ) (608 -6536 -736 ) (608 -6536 -700 ) (0 -6536 -700 ) 
4 292 342 (0 -6536 -736 ) (0 -6584 -736 ) (0 -6584 -608 ) (0 -6536 -608 ) 
4 292 334 (480 -6536 -736 ) (608 -6536 -736 ) (608 -6584 -736 ) (480 -6584 -736 ) 
4 292 336 (0 -6584 -736 ) (0 -6536 -736 ) (480 -6536 -736 ) (480 -6584 -736 ) 
4 292 295 (520 -6584 -736 ) (568 -6584 -736 ) (568 -6584 -628 ) (520 -6584 -628 ) 
4 292 301 (0 -6584 -736 ) (480 -6584 -736 ) (480 -6584 -608 ) (0 -6584 -608 ) 
4 293 298 (568 -6632 -736 ) (608 -6632 -736 ) (608 -6632 -608 ) (568 -6632 -608 ) 
4 293 296 (568 -6596 -736 ) (568 -6632 -736 ) (568 -6632 -628 ) (568 -6596 -628 ) 
4 293 294 (568 -6632 -628 ) (568 -6632 -608 ) (568 -6596 -608 ) (568 -6596 -628 ) 
4 294 298 (568 -6632 -628 ) (568 -6632 -608 ) (520 -6632 -608 ) (520 -6632 -628 ) 
4 294 297 (520 -6596 -628 ) (520 -6632 -628 ) (520 -6632 -608 ) (520 -6596 -608 ) 
4 294 296 (520 -6632 -628 ) (520 -6596 -628 ) (568 -6596 -628 ) (568 -6632 -628 ) 
4 296 298 (520 -6632 -736 ) (568 -6632 -736 ) (568 -6632 -628 ) (520 -6632 -628 ) 
4 296 297 (520 -6596 -736 ) (520 -6632 -736 ) (520 -6632 -628 ) (520 -6596 -628 ) 
4 297 298 (488 -6632 -736 ) (520 -6632 -736 ) (520 -6632 -608 ) (488 -6632 -608 ) 
4 298 300 (488 -6664 -736 ) (608 -6664 -736 ) (608 -6664 -608 ) (488 -6664 -608 ) 
4 298 299 (488 -6632 -636 ) (488 -6632 -700 ) (488 -6664 -700 ) (488 -6664 -636 ) 
4 300 302 (520 -6712 -736 ) (568 -6712 -736 ) (568 -6712 -628 ) (520 -6712 -628 ) 
4 301 342 (0 -6584 -736 ) (0 -6712 -736 ) (0 -6712 -608 ) (0 -6584 -608 ) 
4 301 336 (0 -6712 -736 ) (0 -6584 -736 ) (480 -6584 -736 ) (480 -6712 -736 ) 
4 301 303 (0 -6712 -736 ) (480 -6712 -736 ) (480 -6712 -608 ) (0 -6712 -608 ) 
4 302 304 (520 -6720 -736 ) (568 -6720 -736 ) (568 -6720 -628 ) (520 -6720 -628 ) 
4 303 342 (0 -6712 -736 ) (0 -6720 -736 ) (0 -6720 -608 ) (0 -6712 -608 ) 
4 303 336 (0 -6720 -736 ) (0 -6712 -736 ) (480 -6712 -736 ) (480 -6720 -736 ) 
4 303 305 (0 -6720 -736 ) (480 -6720 -736 ) (480 -6720 -608 ) (0 -6720 -608 ) 
4 304 321 (488 -6832 -736 ) (552 -6832 -736 ) (552 -6832 -616 ) (488 -6832 -616 ) 
4 304 319 (552 -6832 -736 ) (608 -6832 -736 ) (608 -6832 -616 ) (552 -6832 -616 ) 
4 305 342 (0 -6720 -736 ) (0 -6832 -736 ) (0 -6832 -608 ) (0 -6720 -608 ) 
4 305 336 (0 -6832 -736 ) (0 -6720 -736 ) (480 -6720 -736 ) (480 -6832 -736 ) 
4 305 322 (0 -6832 -736 ) (480 -6832 -736 ) (480 -6832 -608 ) (0 -6832 -608 ) 
4 306 367 (1024 -7168 -736 ) (1024 -7168 -608 ) (992 -7168 -608 ) (992 -7168 -736 ) 
4 306 332 (1024 -7168 -736 ) (992 -7168 -736 ) (992 -6840 -736 ) (1024 -6840 -736 ) 
4 306 331 (992 -6840 -736 ) (992 -6832 -736 ) (1024 -6832 -736 ) (1024 -6840 -736 ) 
4 306 307 (992 -6840 -736 ) (992 -7168 -736 ) (992 -7168 -608 ) (992 -6840 -608 ) 
4 307 367 (992 -7168 -608 ) (956 -7168 -608 ) (956 -7168 -736 ) (992 -7168 -736 ) 
4 307 332 (992 -7168 -736 ) (956 -7168 -736 ) (956 -6840 -736 ) (992 -6840 -736 ) 
4 307 312 (956 -6840 -736 ) (956 -7168 -736 ) (956 -7168 -700 ) (956 -6840 -700 ) 
4 307 311 (956 -7168 -700 ) (956 -7168 -636 ) (956 -6840 -636 ) (956 -6840 -700 ) 
4 307 308 (956 -7168 -636 ) (956 -7168 -608 ) (956 -6840 -608 ) (956 -6840 -636 ) 
4 308 367 (956 -7168 -608 ) (900 -7168 -608 ) (900 -7168 -636 ) (956 -7168 -636 ) 
4 308 313 (900 -6840 -636 ) (900 -7168 -636 ) (900 -7168 -608 ) (900 -6840 -608 ) 
4 308 311 (900 -7168 -636 ) (900 -6840 -636 ) (956 -6840 -636 ) (956 -7168 -636 ) 
4 309 310 (900 -6837.440430 -700 ) (956 -6837.440430 -700 ) (956 -6837.440430 -636 ) (900 -6837.440430 -636 ) 
4 310 311 (900 -6837.560059 -700 ) (956 -6837.560059 -700 ) (956 -6837.560059 -636 ) (900 -6837.560059 -636 ) 
4 311 367 (900 -7168 -636 ) (900 -7168 -700 ) (956 -7168 -700 ) (956 -7168 -636 ) 
4 311 313 (900 -6840 -700 ) (900 -7168 -700 ) (900 -7168 -636 ) (900 -6840 -636 ) 
4 311 312 (900 -7168 -700 ) (900 -6840 -700 ) (956 -6840 -700 ) (956 -7168 -700 ) 
4 312 367 (900 -7168 -700 ) (900 -7168 -736 ) (956 -7168 -736 ) (956 -7168 -700 ) 
4 312 332 (956 -7168 -736 ) (900 -7168 -736 ) (900 -6840 -736 ) (956 -6840 -736 ) 
4 312 313 (900 -6840 -736 ) (900 -7168 -736 ) (900 -7168 -700 ) (900 -6840 -700 ) 
4 313 367 (900 -7168 -608 ) (864 -7168 -608 ) (864 -7168 -736 ) (900 -7168 -736 ) 
4 313 332 (900 -7168 -736 ) (864 -7168 -736 ) (864 -6840 -736 ) (900 -6840 -736 ) 
4 313 316 (864 -7096 -736 ) (864 -7168 -736 ) (864 -7168 -608 ) (864 -7096 -608 ) 
4 313 315 (864 -7048 -700 ) (864 -7048 -636 ) (864 -7016 -636 ) (864 -7016 -700 ) 
4 313 314 (864 -6920 -700 ) (864 -6920 -636 ) (864 -6888 -636 ) (864 -6888 -700 ) 
4 314 318 (856 -6920 -700 ) (856 -6920 -636 ) (856 -6888 -636 ) (856 -6888 -700 ) 
4 315 318 (856 -7048 -700 ) (856 -7048 -636 ) (856 -7016 -636 ) (856 -7016 -700 ) 
4 316 367 (864 -7168 -608 ) (856 -7168 -608 ) (856 -7168 -736 ) (864 -7168 -736 ) 
4 316 333 (864 -7168 -736 ) (856 -7168 -736 ) (856 -7096 -736 ) (864 -7096 -736 ) 
4 316 327 (856 -7096 -736 ) (856 -7168 -736 ) (856 -7168 -608 ) (856 -7096 -608 ) 
4 317 318 (680 -6840 -736 ) (736 -6840 -736 ) (736 -6840 -624 ) (680 -6840 -624 ) 
4 318 323 (816 -7088 -700 ) (816 -7088 -636 ) (784 -7088 -636 ) (784 -7088 -700 ) 
4 319 321 (552 -6832 -616 ) (552 -6832 -736 ) (552 -7024 -736 ) (552 -7024 -616 ) 
4 320 321 (552 -6832 -612 ) (552 -7024 -612 ) (488 -7024 -612 ) (488 -6832 -612 ) 
4 322 342 (0 -6832 -736 ) (0 -7088 -736 ) (0 -7088 -608 ) (0 -6832 -608 ) 
4 322 336 (0 -7088 -736 ) (0 -6832 -736 ) (480 -6832 -736 ) (480 -7088 -736 ) 
4 322 326 (0 -7088 -736 ) (480 -7088 -736 ) (480 -7088 -608 ) (0 -7088 -608 ) 
4 323 324 (784 -7093.440430 -700 ) (816 -7093.440430 -700 ) (816 -7093.440430 -636 ) (784 -7093.440430 -636 ) 
4 324 325 (784 -7093.560059 -700 ) (816 -7093.560059 -700 ) (816 -7093.560059 -636 ) (784 -7093.560059 -636 ) 
4 325 327 (816 -7096 -700 ) (816 -7096 -636 ) (784 -7096 -636 ) (784 -7096 -700 ) 
4 326 342 (0 -7088 -736 ) (0 -7096 -736 ) (0 -7096 -608 ) (0 -7088 -608 ) 
4 326 336 (0 -7096 -736 ) (0 -7088 -736 ) (480 -7088 -736 ) (480 -7096 -736 ) 
4 326 327 (0 -7096 -736 ) (480 -7096 -736 ) (480 -7096 -608 ) (0 -7096 -608 ) 
4 327 367 (856 -7168 -608 ) (168 -7168 -608 ) (168 -7168 -736 ) (856 -7168 -736 ) 
4 327 369 (168 -7168 -608 ) (0 -7168 -608 ) (0 -7168 -736 ) (168 -7168 -736 ) 
4 327 342 (0 -7096 -736 ) (0 -7168 -736 ) (0 -7168 -608 ) (0 -7096 -608 ) 
4 327 335 (608 -7168 -736 ) (480 -7168 -736 ) (480 -7096 -736 ) (608 -7096 -736 ) 
4 327 336 (480 -7168 -736 ) (0 -7168 -736 ) (0 -7096 -736 ) (480 -7096 -736 ) 
4 327 333 (856 -7168 -736 ) (608 -7168 -736 ) (608 -7096 -736 ) (856 -7096 -736 ) 
4 328 337 (848 -6144 -768 ) (1024 -6144 -768 ) (1024 -6456 -768 ) (848 -6456 -768 ) 
4 328 331 (992 -6456 -768 ) (1024 -6456 -768 ) (1024 -6456 -736 ) (992 -6456 -736 ) 
4 328 329 (848 -6144 -768 ) (848 -6424 -768 ) (848 -6424 -736 ) (848 -6144 -736 ) 
4 329 337 (752 -6144 -768 ) (848 -6144 -768 ) (848 -6424 -768 ) (752 -6424 -768 ) 
4 329 330 (752 -6144 -768 ) (752 -6424 -768 ) (752 -6424 -736 ) (752 -6144 -736 ) 
4 330 337 (608 -6144 -768 ) (752 -6144 -768 ) (752 -6456 -768 ) (608 -6456 -768 ) 
4 330 334 (608 -6144 -768 ) (608 -6456 -768 ) (608 -6456 -736 ) (608 -6144 -736 ) 
4 331 337 (1024 -6456 -768 ) (1024 -6840 -768 ) (992 -6840 -768 ) (992 -6456 -768 ) 
4 331 332 (992 -6840 -768 ) (1024 -6840 -768 ) (1024 -6840 -736 ) (992 -6840 -736 ) 
4 332 367 (1024 -7168 -768 ) (1024 -7168 -736 ) (864 -7168 -736 ) (864 -7168 -768 ) 
4 332 337 (1024 -6840 -768 ) (1024 -7168 -768 ) (864 -7168 -768 ) (864 -6840 -768 ) 
4 332 333 (864 -7096 -768 ) (864 -7168 -768 ) (864 -7168 -736 ) (864 -7096 -736 ) 
4 333 367 (864 -7168 -736 ) (608 -7168 -736 ) (608 -7168 -768 ) (864 -7168 -768 ) 
4 333 337 (864 -7168 -768 ) (608 -7168 -768 ) (608 -7096 -768 ) (864 -7096 -768 ) 
4 333 335 (608 -7096 -768 ) (608 -7168 -768 ) (608 -7168 -736 ) (608 -7096 -736 ) 
4 334 337 (480 -6144 -768 ) (608 -6144 -768 ) (608 -6584 -768 ) (480 -6584 -768 ) 
4 334 336 (480 -6144 -768 ) (480 -6584 -768 ) (480 -6584 -736 ) (480 -6144 -736 ) 
4 335 367 (608 -7168 -736 ) (480 -7168 -736 ) (480 -7168 -768 ) (608 -7168 -768 ) 
4 335 337 (608 -7096 -768 ) (608 -7168 -768 ) (480 -7168 -768 ) (480 -7096 -768 ) 
4 335 336 (480 -7096 -768 ) (480 -7168 -768 ) (480 -7168 -736 ) (480 -7096 -736 ) 
4 336 367 (480 -7168 -736 ) (168 -7168 -736 ) (168 -7168 -768 ) (480 -7168 -768 ) 
4 336 369 (168 -7168 -736 ) (0 -7168 -736 ) (0 -7168 -768 ) (168 -7168 -768 ) 
4 336 342 (0 -6144 -736 ) (0 -6144 -768 ) (0 -7168 -768 ) (0 -7168 -736 ) 
4 336 337 (168 -6144 -768 ) (480 -6144 -768 ) (480 -7168 -768 ) (168 -7168 -768 ) 
4 336 338 (0 -6144 -768 ) (168 -6144 -768 ) (168 -7168 -768 ) (0 -7168 -768 ) 
4 337 367 (1024 -7168 -1024 ) (1024 -7168 -768 ) (168 -7168 -768 ) (168 -7168 -1024 ) 
4 337 338 (168 -7168 -1024 ) (168 -7168 -768 ) (168 -6144 -768 ) (168 -6144 -1024 ) 
4 338 369 (168 -7168 -768 ) (0 -7168 -768 ) (0 -7168 -1280 ) (168 -7168 -1280 ) 
4 338 342 (0 -6144 -768 ) (0 -6144 -1280 ) (0 -7168 -1280 ) (0 -7168 -768 ) 
4 338 339 (0 -6144 -1280 ) (168 -6144 -1280 ) (168 -7168 -1280 ) (0 -7168 -1280 ) 
4 339 371 (168 -7168 -1280 ) (0 -7168 -1280 ) (0 -7168 -1344 ) (168 -7168 -1344 ) 
4 339 343 (0 -6144 -1280 ) (0 -6144 -1344 ) (0 -7168 -1344 ) (0 -7168 -1280 ) 
4 339 340 (168 -7168 -1344 ) (0 -7168 -1344 ) (0 -6144 -1344 ) (168 -6144 -1344 ) 
4 340 372 (1024 -7168 -2048 ) (1024 -7168 -1344 ) (0 -7168 -1344 ) (0 -7168 -2048 ) 
4 340 343 (0 -6144 -1344 ) (0 -6144 -2048 ) (0 -7168 -2048 ) (0 -7168 -1344 ) 
4 340 341 (1024 -7168 -2048 ) (0 -7168 -2048 ) (0 -6144 -2048 ) (1024 -6144 -2048 ) 
4 341 373 (1024 -7168 -2688 ) (1024 -7168 -2048 ) (0 -7168 -2048 ) (0 -7168 -2688 ) 
4 341 344 (0 -6144 -2048 ) (0 -6144 -2688 ) (0 -7168 -2688 ) (0 -7168 -2048 ) 
4 342 395 (-1024 -7168 -1280 ) (-1024 -7168 1600 ) (-1024 -6144 1600 ) (-1024 -6144 -1280 ) 
4 342 374 (0 -7168 -1280 ) (0 -7168 1600 ) (-1024 -7168 1600 ) (-1024 -7168 -1280 ) 
4 342 343 (0 -6144 -1280 ) (0 -7168 -1280 ) (-1024 -7168 -1280 ) (-1024 -6144 -1280 ) 
4 343 396 (-1024 -7168 -2048 ) (-1024 -7168 -1280 ) (-1024 -6144 -1280 ) (-1024 -6144 -2048 ) 
4 343 375 (0 -7168 -2048 ) (0 -7168 -1280 ) (-1024 -7168 -1280 ) (-1024 -7168 -2048 ) 
4 343 344 (0 -6144 -2048 ) (0 -7168 -2048 ) (-1024 -7168 -2048 ) (-1024 -6144 -2048 ) 
4 344 397 (-1024 -7168 -2688 ) (-1024 -7168 -2048 ) (-1024 -6144 -2048 ) (-1024 -6144 -2688 ) 
4 344 376 (0 -7168 -2688 ) (0 -7168 -2048 ) (-1024 -7168 -2048 ) (-1024 -7168 -2688 ) 
4 345 355 (3072 -8192 -1280 ) (3072 -8192 1600 ) (2048 -8192 1600 ) (2048 -8192 -1280 ) 
4 345 348 (2048 -7168 1600 ) (2048 -7168 -1280 ) (2048 -8192 -1280 ) (2048 -8192 1600 ) 
4 345 346 (3072 -8192 -1280 ) (2048 -8192 -1280 ) (2048 -7168 -1280 ) (3072 -7168 -1280 ) 
4 346 356 (3072 -8192 -2048 ) (3072 -8192 -1280 ) (2048 -8192 -1280 ) (2048 -8192 -2048 ) 
4 346 353 (2048 -7168 -1344 ) (2048 -7168 -2048 ) (2048 -8192 -2048 ) (2048 -8192 -1344 ) 
4 346 351 (2048 -7168 -1280 ) (2048 -7168 -1344 ) (2048 -8192 -1344 ) (2048 -8192 -1280 ) 
4 346 347 (3072 -8192 -2048 ) (2048 -8192 -2048 ) (2048 -7168 -2048 ) (3072 -7168 -2048 ) 
4 347 357 (3072 -8192 -2688 ) (3072 -8192 -2048 ) (2048 -8192 -2048 ) (2048 -8192 -2688 ) 
4 347 354 (2048 -7168 -2048 ) (2048 -7168 -2688 ) (2048 -8192 -2688 ) (2048 -8192 -2048 ) 
4 348 358 (2048 -8192 -1280 ) (2048 -8192 1600 ) (1320 -8192 1600 ) (1320 -8192 -1280 ) 
4 348 351 (1320 -7168 -1280 ) (2048 -7168 -1280 ) (2048 -8192 -1280 ) (1320 -8192 -1280 ) 
4 348 349 (1320 -7360 -1024 ) (1320 -7360 1600 ) (1320 -7168 1600 ) (1320 -7168 -1024 ) 
4 348 350 (1320 -7360 -1280 ) (1320 -8192 -1280 ) (1320 -8192 1600 ) (1320 -7360 1600 ) 
4 349 367 (1024 -7168 1600 ) (1024 -7168 -1024 ) (1024 -7360 -1024 ) (1024 -7360 1600 ) 
4 349 350 (1320 -7360 -1024 ) (1320 -7360 1600 ) (1024 -7360 1600 ) (1024 -7360 -1024 ) 
4 350 368 (1024 -7360 -1280 ) (1024 -8192 -1280 ) (1024 -8192 1600 ) (1024 -7360 1600 ) 
4 350 358 (1320 -8192 1600 ) (1024 -8192 1600 ) (1024 -8192 -1280 ) (1320 -8192 -1280 ) 
4 350 352 (1320 -7360 -1280 ) (1320 -8192 -1280 ) (1024 -8192 -1280 ) (1024 -7360 -1280 ) 
4 351 359 (2048 -8192 -1344 ) (2048 -8192 -1280 ) (1320 -8192 -1280 ) (1320 -8192 -1344 ) 
4 351 353 (2048 -8192 -1344 ) (1320 -8192 -1344 ) (1320 -7168 -1344 ) (2048 -7168 -1344 ) 
4 351 352 (1320 -7360 -1344 ) (1320 -8192 -1344 ) (1320 -8192 -1280 ) (1320 -7360 -1280 ) 
4 352 370 (1024 -7360 -1344 ) (1024 -8192 -1344 ) (1024 -8192 -1280 ) (1024 -7360 -1280 ) 
4 352 359 (1320 -8192 -1280 ) (1024 -8192 -1280 ) (1024 -8192 -1344 ) (1320 -8192 -1344 ) 
4 352 353 (1320 -8192 -1344 ) (1024 -8192 -1344 ) (1024 -7360 -1344 ) (1320 -7360 -1344 ) 
4 353 372 (1024 -7168 -1344 ) (1024 -7168 -2048 ) (1024 -8192 -2048 ) (1024 -8192 -1344 ) 
4 353 359 (2048 -8192 -2048 ) (2048 -8192 -1344 ) (1024 -8192 -1344 ) (1024 -8192 -2048 ) 
4 353 354 (1024 -7168 -2048 ) (2048 -7168 -2048 ) (2048 -8192 -2048 ) (1024 -8192 -2048 ) 
4 354 373 (1024 -7168 -2048 ) (1024 -7168 -2688 ) (1024 -8192 -2688 ) (1024 -8192 -2048 ) 
4 354 360 (2048 -8192 -2688 ) (2048 -8192 -2048 ) (1024 -8192 -2048 ) (1024 -8192 -2688 ) 
4 355 361 (3072 -9216 -1280 ) (3072 -9216 1600 ) (2048 -9216 1600 ) (2048 -9216 -1280 ) 
4 355 358 (2048 -9216 -1280 ) (2048 -9216 1600 ) (2048 -8192 1600 ) (2048 -8192 -1280 ) 
4 355 356 (3072 -9216 -1280 ) (2048 -9216 -1280 ) (2048 -8192 -1280 ) (3072 -8192 -1280 ) 
4 356 362 (3072 -9216 -2048 ) (3072 -9216 -1280 ) (2048 -9216 -1280 ) (2048 -9216 -2048 ) 
4 356 359 (2048 -9216 -2048 ) (2048 -9216 -1280 ) (2048 -8192 -1280 ) (2048 -8192 -2048 ) 
4 356 357 (3072 -9216 -2048 ) (2048 -9216 -2048 ) (2048 -8192 -2048 ) (3072 -8192 -2048 ) 
4 357 363 (3072 -9216 -2688 ) (3072 -9216 -2048 ) (2048 -9216 -2048 ) (2048 -9216 -2688 ) 
4 357 360 (2048 -9216 -2688 ) (2048 -9216 -2048 ) (2048 -8192 -2048 ) (2048 -8192 -2688 ) 
4 358 377 (1024 -9216 -1280 ) (1024 -9216 1600 ) (1024 -8192 1600 ) (1024 -8192 -1280 ) 
4 358 364 (1024 -9216 1600 ) (1024 -9216 -1280 ) (2048 -9216 -1280 ) (2048 -9216 1600 ) 
4 358 359 (1024 -8192 -1280 ) (2048 -8192 -1280 ) (2048 -9216 -1280 ) (1024 -9216 -1280 ) 
4 359 378 (1024 -9216 -2048 ) (1024 -9216 -1280 ) (1024 -8192 -1280 ) (1024 -8192 -2048 ) 
4 359 365 (1024 -9216 -1280 ) (1024 -9216 -2048 ) (2048 -9216 -2048 ) (2048 -9216 -1280 ) 
4 359 360 (1024 -8192 -2048 ) (2048 -8192 -2048 ) (2048 -9216 -2048 ) (1024 -9216 -2048 ) 
4 360 379 (1024 -9216 -2688 ) (1024 -9216 -2048 ) (1024 -8192 -2048 ) (1024 -8192 -2688 ) 
4 360 366 (1024 -9216 -2048 ) (1024 -9216 -2688 ) (2048 -9216 -2688 ) (2048 -9216 -2048 ) 
4 361 364 (2048 -9216 1600 ) (2048 -9216 -1280 ) (2048 -10176 -1280 ) (2048 -10176 1600 ) 
4 361 362 (2048 -10176 -1280 ) (2048 -9216 -1280 ) (3072 -9216 -1280 ) (3072 -10176 -1280 ) 
4 362 365 (2048 -9216 -1280 ) (2048 -9216 -2048 ) (2048 -10176 -2048 ) (2048 -10176 -1280 ) 
4 362 363 (3072 -10176 -2048 ) (2048 -10176 -2048 ) (2048 -9216 -2048 ) (3072 -9216 -2048 ) 
4 363 366 (2048 -9216 -2048 ) (2048 -9216 -2688 ) (2048 -10176 -2688 ) (2048 -10176 -2048 ) 
4 364 383 (1024 -10176 1600 ) (1024 -9216 1600 ) (1024 -9216 -1280 ) (1024 -10176 -1280 ) 
4 364 365 (1024 -10176 -1280 ) (1024 -9216 -1280 ) (2048 -9216 -1280 ) (2048 -10176 -1280 ) 
4 365 384 (1024 -10176 -1280 ) (1024 -9216 -1280 ) (1024 -9216 -2048 ) (1024 -10176 -2048 ) 
4 365 366 (2048 -10176 -2048 ) (1024 -10176 -2048 ) (1024 -9216 -2048 ) (2048 -9216 -2048 ) 
4 366 385 (1024 -9216 -2048 ) (1024 -9216 -2688 ) (1024 -10176 -2688 ) (1024 -10176 -2048 ) 
4 367 368 (168 -7360 1600 ) (168 -7360 -1024 ) (1024 -7360 -1024 ) (1024 -7360 1600 ) 
4 367 369 (168 -7360 -1024 ) (168 -7360 1600 ) (168 -7168 1600 ) (168 -7168 -1024 ) 
4 368 377 (1024 -8192 -1280 ) (1024 -8192 1600 ) (168 -8192 1600 ) (168 -8192 -1280 ) 
4 368 370 (1024 -8192 -1280 ) (168 -8192 -1280 ) (168 -7360 -1280 ) (1024 -7360 -1280 ) 
4 368 369 (168 -7360 -1280 ) (168 -8192 -1280 ) (168 -8192 1600 ) (168 -7360 1600 ) 
4 369 377 (168 -8192 1600 ) (0 -8192 1600 ) (0 -8192 -1280 ) (168 -8192 -1280 ) 
4 369 374 (0 -7168 1600 ) (0 -7168 -1280 ) (0 -8192 -1280 ) (0 -8192 1600 ) 
4 369 371 (168 -8192 -1280 ) (0 -8192 -1280 ) (0 -7168 -1280 ) (168 -7168 -1280 ) 
4 370 378 (1024 -8192 -1344 ) (1024 -8192 -1280 ) (168 -8192 -1280 ) (168 -8192 -1344 ) 
4 370 372 (1024 -7360 -1344 ) (1024 -8192 -1344 ) (168 -8192 -1344 ) (168 -7360 -1344 ) 
4 370 371 (168 -7360 -1344 ) (168 -8192 -1344 ) (168 -8192 -1280 ) (168 -7360 -1280 ) 
4 371 378 (168 -8192 -1280 ) (0 -8192 -1280 ) (0 -8192 -1344 ) (168 -8192 -1344 ) 
4 371 375 (0 -7168 -1280 ) (0 -7168 -1344 ) (0 -8192 -1344 ) (0 -8192 -1280 ) 
4 371 372 (0 -8192 -1344 ) (0 -7168 -1344 ) (168 -7168 -1344 ) (168 -8192 -1344 ) 
4 372 378 (1024 -8192 -2048 ) (1024 -8192 -1344 ) (0 -8192 -1344 ) (0 -8192 -2048 ) 
4 372 375 (0 -7168 -1344 ) (0 -7168 -2048 ) (0 -8192 -2048 ) (0 -8192 -1344 ) 
4 372 373 (1024 -8192 -2048 ) (0 -8192 -2048 ) (0 -7168 -2048 ) (1024 -7168 -2048 ) 
4 373 379 (1024 -8192 -2688 ) (1024 -8192 -2048 ) (0 -8192 -2048 ) (0 -8192 -2688 ) 
4 373 376 (0 -7168 -2048 ) (0 -7168 -2688 ) (0 -8192 -2688 ) (0 -8192 -2048 ) 
4 374 407 (-1024 -8192 -1280 ) (-1024 -8192 1600 ) (-1024 -7168 1600 ) (-1024 -7168 -1280 ) 
4 374 380 (0 -8192 -1280 ) (0 -8192 1600 ) (-1024 -8192 1600 ) (-1024 -8192 -1280 ) 
4 374 375 (0 -7168 -1280 ) (0 -8192 -1280 ) (-1024 -8192 -1280 ) (-1024 -7168 -1280 ) 
4 375 408 (-1024 -8192 -2048 ) (-1024 -8192 -1280 ) (-1024 -7168 -1280 ) (-1024 -7168 -2048 ) 
4 375 381 (0 -8192 -2048 ) (0 -8192 -1280 ) (-1024 -8192 -1280 ) (-1024 -8192 -2048 ) 
4 375 376 (0 -7168 -2048 ) (0 -8192 -2048 ) (-1024 -8192 -2048 ) (-1024 -7168 -2048 ) 
4 376 409 (-1024 -8192 -2688 ) (-1024 -8192 -2048 ) (-1024 -7168 -2048 ) (-1024 -7168 -2688 ) 
4 376 382 (0 -8192 -2688 ) (0 -8192 -2048 ) (-1024 -8192 -2048 ) (-1024 -8192 -2688 ) 
4 377 383 (1024 -9216 -1280 ) (1024 -9216 1600 ) (0 -9216 1600 ) (0 -9216 -1280 ) 
4 377 380 (0 -9216 -1280 ) (0 -9216 1600 ) (0 -8192 1600 ) (0 -8192 -1280 ) 
4 377 378 (1024 -9216 -1280 ) (0 -9216 -1280 ) (0 -8192 -1280 ) (1024 -8192 -1280 ) 
4 378 384 (1024 -9216 -2048 ) (1024 -9216 -1280 ) (0 -9216 -1280 ) (0 -9216 -2048 ) 
4 378 381 (0 -9216 -2048 ) (0 -9216 -1280 ) (0 -8192 -1280 ) (0 -8192 -2048 ) 
4 378 379 (1024 -9216 -2048 ) (0 -9216 -2048 ) (0 -8192 -2048 ) (1024 -8192 -2048 ) 
4 379 385 (1024 -9216 -2688 ) (1024 -9216 -2048 ) (0 -9216 -2048 ) (0 -9216 -2688 ) 
4 379 382 (0 -9216 -2688 ) (0 -9216 -2048 ) (0 -8192 -2048 ) (0 -8192 -2688 ) 
4 380 413 (-1024 -9216 -1280 ) (-1024 -9216 1600 ) (-1024 -8192 1600 ) (-1024 -8192 -1280 ) 
4 380 386 (-1024 -9216 1600 ) (-1024 -9216 -1280 ) (0 -9216 -1280 ) (0 -9216 1600 ) 
4 380 381 (-1024 -8192 -1280 ) (0 -8192 -1280 ) (0 -9216 -1280 ) (-1024 -9216 -1280 ) 
4 381 414 (-1024 -9216 -2048 ) (-1024 -9216 -1280 ) (-1024 -8192 -1280 ) (-1024 -8192 -2048 ) 
4 381 387 (-1024 -9216 -1280 ) (-1024 -9216 -2048 ) (0 -9216 -2048 ) (0 -9216 -1280 ) 
4 381 382 (-1024 -8192 -2048 ) (0 -8192 -2048 ) (0 -9216 -2048 ) (-1024 -9216 -2048 ) 
4 382 415 (-1024 -9216 -2688 ) (-1024 -9216 -2048 ) (-1024 -8192 -2048 ) (-1024 -8192 -2688 ) 
4 382 388 (-1024 -9216 -2048 ) (-1024 -9216 -2688 ) (0 -9216 -2688 ) (0 -9216 -2048 ) 
4 383 386 (0 -9216 1600 ) (0 -9216 -1280 ) (0 -10176 -1280 ) (0 -10176 1600 ) 
4 383 384 (0 -10176 -1280 ) (0 -9216 -1280 ) (1024 -9216 -1280 ) (1024 -10176 -1280 ) 
4 384 387 (0 -9216 -1280 ) (0 -9216 -2048 ) (0 -10176 -2048 ) (0 -10176 -1280 ) 
4 384 385 (1024 -10176 -2048 ) (0 -10176 -2048 ) (0 -9216 -2048 ) (1024 -9216 -2048 ) 
4 385 388 (0 -9216 -2048 ) (0 -9216 -2688 ) (0 -10176 -2688 ) (0 -10176 -2048 ) 
4 386 419 (-1024 -10176 1600 ) (-1024 -9216 1600 ) (-1024 -9216 -1280 ) (-1024 -10176 -1280 ) 
4 386 387 (-1024 -10176 -1280 ) (-1024 -9216 -1280 ) (0 -9216 -1280 ) (0 -10176 -1280 ) 
4 387 420 (-1024 -10176 -1280 ) (-1024 -9216 -1280 ) (-1024 -9216 -2048 ) (-1024 -10176 -2048 ) 
4 387 388 (0 -10176 -2048 ) (-1024 -10176 -2048 ) (-1024 -9216 -2048 ) (0 -9216 -2048 ) 
4 388 421 (-1024 -9216 -2048 ) (-1024 -9216 -2688 ) (-1024 -10176 -2688 ) (-1024 -10176 -2048 ) 
4 389 395 (-1024 -6144 -1280 ) (-1024 -6144 1600 ) (-2048 -6144 1600 ) (-2048 -6144 -1280 ) 
4 389 392 (-2048 -5120 1600 ) (-2048 -5120 -1280 ) (-2048 -6144 -1280 ) (-2048 -6144 1600 ) 
4 389 390 (-1024 -6144 -1280 ) (-2048 -6144 -1280 ) (-2048 -5120 -1280 ) (-1024 -5120 -1280 ) 
4 390 396 (-1024 -6144 -2048 ) (-1024 -6144 -1280 ) (-2048 -6144 -1280 ) (-2048 -6144 -2048 ) 
4 390 393 (-2048 -5120 -1280 ) (-2048 -5120 -2048 ) (-2048 -6144 -2048 ) (-2048 -6144 -1280 ) 
4 390 391 (-1024 -6144 -2048 ) (-2048 -6144 -2048 ) (-2048 -5120 -2048 ) (-1024 -5120 -2048 ) 
4 391 397 (-1024 -6144 -2688 ) (-1024 -6144 -2048 ) (-2048 -6144 -2048 ) (-2048 -6144 -2688 ) 
4 391 394 (-2048 -5120 -2048 ) (-2048 -5120 -2688 ) (-2048 -6144 -2688 ) (-2048 -6144 -2048 ) 
4 392 401 (-3072 -5120 1600 ) (-3072 -5120 -1280 ) (-3072 -6144 -1280 ) (-3072 -6144 1600 ) 
4 392 398 (-2048 -6144 -1280 ) (-2048 -6144 1600 ) (-3072 -6144 1600 ) (-3072 -6144 -1280 ) 
4 392 393 (-3072 -5120 -1280 ) (-2048 -5120 -1280 ) (-2048 -6144 -1280 ) (-3072 -6144 -1280 ) 
4 393 402 (-3072 -5120 -1280 ) (-3072 -5120 -2048 ) (-3072 -6144 -2048 ) (-3072 -6144 -1280 ) 
4 393 399 (-2048 -6144 -2048 ) (-2048 -6144 -1280 ) (-3072 -6144 -1280 ) (-3072 -6144 -2048 ) 
4 393 394 (-3072 -5120 -2048 ) (-2048 -5120 -2048 ) (-2048 -6144 -2048 ) (-3072 -6144 -2048 ) 
4 394 403 (-3072 -5120 -2048 ) (-3072 -5120 -2688 ) (-3072 -6144 -2688 ) (-3072 -6144 -2048 ) 
4 394 400 (-2048 -6144 -2688 ) (-2048 -6144 -2048 ) (-3072 -6144 -2048 ) (-3072 -6144 -2688 ) 
4 395 407 (-1024 -7168 -1280 ) (-1024 -7168 1600 ) (-2048 -7168 1600 ) (-2048 -7168 -1280 ) 
4 395 398 (-2048 -6144 1600 ) (-2048 -6144 -1280 ) (-2048 -7168 -1280 ) (-2048 -7168 1600 ) 
4 395 396 (-1024 -7168 -1280 ) (-2048 -7168 -1280 ) (-2048 -6144 -1280 ) (-1024 -6144 -1280 ) 
4 396 408 (-1024 -7168 -2048 ) (-1024 -7168 -1280 ) (-2048 -7168 -1280 ) (-2048 -7168 -2048 ) 
4 396 399 (-2048 -6144 -1280 ) (-2048 -6144 -2048 ) (-2048 -7168 -2048 ) (-2048 -7168 -1280 ) 
4 396 397 (-1024 -7168 -2048 ) (-2048 -7168 -2048 ) (-2048 -6144 -2048 ) (-1024 -6144 -2048 ) 
4 397 409 (-1024 -7168 -2688 ) (-1024 -7168 -2048 ) (-2048 -7168 -2048 ) (-2048 -7168 -2688 ) 
4 397 400 (-2048 -6144 -2048 ) (-2048 -6144 -2688 ) (-2048 -7168 -2688 ) (-2048 -7168 -2048 ) 
4 398 410 (-2048 -7168 -1280 ) (-2048 -7168 1600 ) (-3072 -7168 1600 ) (-3072 -7168 -1280 ) 
4 398 404 (-3072 -7168 -1280 ) (-3072 -7168 1600 ) (-3072 -6144 1600 ) (-3072 -6144 -1280 ) 
4 398 399 (-2048 -6144 -1280 ) (-2048 -7168 -1280 ) (-3072 -7168 -1280 ) (-3072 -6144 -1280 ) 
4 399 411 (-2048 -7168 -2048 ) (-2048 -7168 -1280 ) (-3072 -7168 -1280 ) (-3072 -7168 -2048 ) 
4 399 405 (-3072 -7168 -2048 ) (-3072 -7168 -1280 ) (-3072 -6144 -1280 ) (-3072 -6144 -2048 ) 
4 399 400 (-2048 -6144 -2048 ) (-2048 -7168 -2048 ) (-3072 -7168 -2048 ) (-3072 -6144 -2048 ) 
4 400 412 (-2048 -7168 -2688 ) (-2048 -7168 -2048 ) (-3072 -7168 -2048 ) (-3072 -7168 -2688 ) 
4 400 406 (-3072 -7168 -2688 ) (-3072 -7168 -2048 ) (-3072 -6144 -2048 ) (-3072 -6144 -2688 ) 
4 401 404 (-3072 -6144 -1280 ) (-3072 -6144 1600 ) (-3392 -6144 1600 ) (-3392 -6144 -1280 ) 
4 401 402 (-3072 -6144 -1280 ) (-3392 -6144 -1280 ) (-3392 -5120 -1280 ) (-3072 -5120 -1280 ) 
4 402 405 (-3072 -6144 -2048 ) (-3072 -6144 -1280 ) (-3392 -6144 -1280 ) (-3392 -6144 -2048 ) 
4 402 403 (-3072 -6144 -2048 ) (-3392 -6144 -2048 ) (-3392 -5120 -2048 ) (-3072 -5120 -2048 ) 
4 403 406 (-3072 -6144 -2688 ) (-3072 -6144 -2048 ) (-3392 -6144 -2048 ) (-3392 -6144 -2688 ) 
4 404 425 (-3072 -7168 -1280 ) (-3072 -7168 1600 ) (-3392 -7168 1600 ) (-3392 -7168 -1280 ) 
4 404 405 (-3392 -6144 -1280 ) (-3072 -6144 -1280 ) (-3072 -7168 -1280 ) (-3392 -7168 -1280 ) 
4 405 426 (-3072 -7168 -2048 ) (-3072 -7168 -1280 ) (-3392 -7168 -1280 ) (-3392 -7168 -2048 ) 
4 405 406 (-3392 -6144 -2048 ) (-3072 -6144 -2048 ) (-3072 -7168 -2048 ) (-3392 -7168 -2048 ) 
4 406 427 (-3072 -7168 -2688 ) (-3072 -7168 -2048 ) (-3392 -7168 -2048 ) (-3392 -7168 -2688 ) 
4 407 413 (-1024 -8192 -1280 ) (-1024 -8192 1600 ) (-2048 -8192 1600 ) (-2048 -8192 -1280 ) 
4 407 410 (-2048 -7168 1600 ) (-2048 -7168 -1280 ) (-2048 -8192 -1280 ) (-2048 -8192 1600 ) 
4 407 408 (-1024 -8192 -1280 ) (-2048 -8192 -1280 ) (-2048 -7168 -1280 ) (-1024 -7168 -1280 ) 
4 408 414 (-1024 -8192 -2048 ) (-1024 -8192 -1280 ) (-2048 -8192 -1280 ) (-2048 -8192 -2048 ) 
4 408 411 (-2048 -7168 -1280 ) (-2048 -7168 -2048 ) (-2048 -8192 -2048 ) (-2048 -8192 -1280 ) 
4 408 409 (-1024 -8192 -2048 ) (-2048 -8192 -2048 ) (-2048 -7168 -2048 ) (-1024 -7168 -2048 ) 
4 409 415 (-1024 -8192 -2688 ) (-1024 -8192 -2048 ) (-2048 -8192 -2048 ) (-2048 -8192 -2688 ) 
4 409 412 (-2048 -7168 -2048 ) (-2048 -7168 -2688 ) (-2048 -8192 -2688 ) (-2048 -8192 -2048 ) 
4 410 425 (-3072 -7168 1600 ) (-3072 -7168 -1280 ) (-3072 -8192 -1280 ) (-3072 -8192 1600 ) 
4 410 416 (-2048 -8192 -1280 ) (-2048 -8192 1600 ) (-3072 -8192 1600 ) (-3072 -8192 -1280 ) 
4 410 411 (-3072 -7168 -1280 ) (-2048 -7168 -1280 ) (-2048 -8192 -1280 ) (-3072 -8192 -1280 ) 
4 411 426 (-3072 -7168 -1280 ) (-3072 -7168 -2048 ) (-3072 -8192 -2048 ) (-3072 -8192 -1280 ) 
4 411 417 (-2048 -8192 -2048 ) (-2048 -8192 -1280 ) (-3072 -8192 -1280 ) (-3072 -8192 -2048 ) 
4 411 412 (-3072 -7168 -2048 ) (-2048 -7168 -2048 ) (-2048 -8192 -2048 ) (-3072 -8192 -2048 ) 
4 412 427 (-3072 -7168 -2048 ) (-3072 -7168 -2688 ) (-3072 -8192 -2688 ) (-3072 -8192 -2048 ) 
4 412 418 (-2048 -8192 -2688 ) (-2048 -8192 -2048 ) (-3072 -8192 -2048 ) (-3072 -8192 -2688 ) 
4 413 419 (-1024 -9216 -1280 ) (-1024 -9216 1600 ) (-2048 -9216 1600 ) (-2048 -9216 -1280 ) 
4 413 416 (-2048 -9216 -1280 ) (-2048 -9216 1600 ) (-2048 -8192 1600 ) (-2048 -8192 -1280 ) 
4 413 414 (-1024 -9216 -1280 ) (-2048 -9216 -1280 ) (-2048 -8192 -1280 ) (-1024 -8192 -1280 ) 
4 414 420 (-1024 -9216 -2048 ) (-1024 -9216 -1280 ) (-2048 -9216 -1280 ) (-2048 -9216 -2048 ) 
4 414 417 (-2048 -9216 -2048 ) (-2048 -9216 -1280 ) (-2048 -8192 -1280 ) (-2048 -8192 -2048 ) 
4 414 415 (-1024 -9216 -2048 ) (-2048 -9216 -2048 ) (-2048 -8192 -2048 ) (-1024 -8192 -2048 ) 
4 415 421 (-1024 -9216 -2688 ) (-1024 -9216 -2048 ) (-2048 -9216 -2048 ) (-2048 -9216 -2688 ) 
4 415 418 (-2048 -9216 -2688 ) (-2048 -9216 -2048 ) (-2048 -8192 -2048 ) (-2048 -8192 -2688 ) 
4 416 428 (-3072 -9216 -1280 ) (-3072 -9216 1600 ) (-3072 -8192 1600 ) (-3072 -8192 -1280 ) 
4 416 422 (-3072 -9216 1600 ) (-3072 -9216 -1280 ) (-2048 -9216 -1280 ) (-2048 -9216 1600 ) 
4 416 417 (-3072 -8192 -1280 ) (-2048 -8192 -1280 ) (-2048 -9216 -1280 ) (-3072 -9216 -1280 ) 
4 417 429 (-3072 -9216 -2048 ) (-3072 -9216 -1280 ) (-3072 -8192 -1280 ) (-3072 -8192 -2048 ) 
4 417 423 (-3072 -9216 -1280 ) (-3072 -9216 -2048 ) (-2048 -9216 -2048 ) (-2048 -9216 -1280 ) 
4 417 418 (-3072 -8192 -2048 ) (-2048 -8192 -2048 ) (-2048 -9216 -2048 ) (-3072 -9216 -2048 ) 
4 418 430 (-3072 -9216 -2688 ) (-3072 -9216 -2048 ) (-3072 -8192 -2048 ) (-3072 -8192 -2688 ) 
4 418 424 (-3072 -9216 -2048 ) (-3072 -9216 -2688 ) (-2048 -9216 -2688 ) (-2048 -9216 -2048 ) 
4 419 422 (-2048 -9216 1600 ) (-2048 -9216 -1280 ) (-2048 -10176 -1280 ) (-2048 -10176 1600 ) 
4 419 420 (-2048 -9216 -1280 ) (-1024 -9216 -1280 ) (-1024 -10176 -1280 ) (-2048 -10176 -1280 ) 
4 420 423 (-2048 -9216 -1280 ) (-2048 -9216 -2048 ) (-2048 -10176 -2048 ) (-2048 -10176 -1280 ) 
4 420 421 (-1024 -10176 -2048 ) (-2048 -10176 -2048 ) (-2048 -9216 -2048 ) (-1024 -9216 -2048 ) 
4 421 424 (-2048 -9216 -2048 ) (-2048 -9216 -2688 ) (-2048 -10176 -2688 ) (-2048 -10176 -2048 ) 
4 422 431 (-3072 -10176 1600 ) (-3072 -9216 1600 ) (-3072 -9216 -1280 ) (-3072 -10176 -1280 ) 
4 422 423 (-3072 -10176 -1280 ) (-3072 -9216 -1280 ) (-2048 -9216 -1280 ) (-2048 -10176 -1280 ) 
4 423 432 (-3072 -10176 -1280 ) (-3072 -9216 -1280 ) (-3072 -9216 -2048 ) (-3072 -10176 -2048 ) 
4 423 424 (-2048 -10176 -2048 ) (-3072 -10176 -2048 ) (-3072 -9216 -2048 ) (-2048 -9216 -2048 ) 
4 424 433 (-3072 -9216 -2048 ) (-3072 -9216 -2688 ) (-3072 -10176 -2688 ) (-3072 -10176 -2048 ) 
4 425 428 (-3072 -8192 -1280 ) (-3072 -8192 1600 ) (-3392 -8192 1600 ) (-3392 -8192 -1280 ) 
4 425 426 (-3072 -8192 -1280 ) (-3392 -8192 -1280 ) (-3392 -7168 -1280 ) (-3072 -7168 -1280 ) 
4 426 429 (-3072 -8192 -2048 ) (-3072 -8192 -1280 ) (-3392 -8192 -1280 ) (-3392 -8192 -2048 ) 
4 426 427 (-3072 -8192 -2048 ) (-3392 -8192 -2048 ) (-3392 -7168 -2048 ) (-3072 -7168 -2048 ) 
4 427 430 (-3072 -8192 -2688 ) (-3072 -8192 -2048 ) (-3392 -8192 -2048 ) (-3392 -8192 -2688 ) 
4 428 431 (-3072 -9216 -1280 ) (-3072 -9216 1600 ) (-3392 -9216 1600 ) (-3392 -9216 -1280 ) 
4 428 429 (-3072 -9216 -1280 ) (-3392 -9216 -1280 ) (-3392 -8192 -1280 ) (-3072 -8192 -1280 ) 
4 429 432 (-3072 -9216 -2048 ) (-3072 -9216 -1280 ) (-3392 -9216 -1280 ) (-3392 -9216 -2048 ) 
4 429 430 (-3072 -9216 -2048 ) (-3392 -9216 -2048 ) (-3392 -8192 -2048 ) (-3072 -8192 -2048 ) 
4 430 433 (-3072 -9216 -2688 ) (-3072 -9216 -2048 ) (-3392 -9216 -2048 ) (-3392 -9216 -2688 ) 
4 431 432 (-3392 -9216 -1280 ) (-3072 -9216 -1280 ) (-3072 -10176 -1280 ) (-3392 -10176 -1280 ) 
4 432 433 (-3072 -10176 -2048 ) (-3392 -10176 -2048 ) (-3392 -9216 -2048 ) (-3072 -9216 -2048 ) 
