PRT1
115
269
4 1 55 (-4096 -5120 384 ) (-4096 -5120 896 ) (-4096 -4544 896 ) (-4096 -4544 384 ) 
4 1 3 (-4096 -4656 384 ) (-4096 -4544 384 ) (-3776 -4544 384 ) (-3776 -4656 384 ) 
4 1 4 (-4096 -4678 384 ) (-4096 -4672 384 ) (-3776 -4672 384 ) (-3776 -4678 384 ) 
4 1 5 (-4096 -5120 384 ) (-4096 -4998 384 ) (-3776 -4998 384 ) (-3776 -5120 384 ) 
4 1 2 (-3776 -4544 384 ) (-3648 -4544 384 ) (-3648 -5120 384 ) (-3776 -5120 384 ) 
4 2 29 (-3766 -5120 376 ) (-3768 -5120 376 ) (-3768 -5002 376 ) (-3766 -5002 376 ) 
4 2 28 (-3648 -5120 376 ) (-3766 -5120 376 ) (-3766 -4998 376 ) (-3648 -4998 376 ) 
4 2 30 (-3768 -5120 376 ) (-3776 -5120 376 ) (-3776 -4998 376 ) (-3768 -4998 376 ) 
4 2 17 (-3768 -4686 376 ) (-3766 -4686 376 ) (-3766 -4994 376 ) (-3768 -4994 376 ) 
4 2 16 (-3766 -4686 376 ) (-3648 -4686 376 ) (-3648 -4998 376 ) (-3766 -4998 376 ) 
4 2 18 (-3776 -4998 376 ) (-3776 -4686 376 ) (-3768 -4686 376 ) (-3768 -4998 376 ) 
4 2 10 (-3776 -4686 376 ) (-3776 -4678 376 ) (-3648 -4678 376 ) (-3648 -4686 376 ) 
4 2 7 (-3776 -4678 376 ) (-3776 -4656 376 ) (-3648 -4656 376 ) (-3648 -4678 376 ) 
4 2 6 (-3776 -4656 376 ) (-3776 -4544 376 ) (-3648 -4544 376 ) (-3648 -4656 376 ) 
4 2 3 (-3776 -4544 376 ) (-3776 -4656 376 ) (-3776 -4656 384 ) (-3776 -4544 384 ) 
4 2 4 (-3776 -4672 376 ) (-3776 -4678 376 ) (-3776 -4678 384 ) (-3776 -4672 384 ) 
4 2 5 (-3776 -4998 376 ) (-3776 -5120 376 ) (-3776 -5120 384 ) (-3776 -4998 384 ) 
4 3 61 (-4096 -4544 380 ) (-4096 -4544 376 ) (-4096 -4656 376 ) (-4096 -4656 380 ) 
4 3 56 (-4096 -4656 384 ) (-4096 -4544 384 ) (-4096 -4544 380 ) (-4096 -4656 380 ) 
4 3 6 (-4096 -4656 376 ) (-4096 -4544 376 ) (-3776 -4544 376 ) (-3776 -4656 376 ) 
4 4 62 (-4096 -4672 380 ) (-4096 -4672 376 ) (-4096 -4678 376 ) (-4096 -4678 380 ) 
4 4 57 (-4096 -4678 384 ) (-4096 -4672 384 ) (-4096 -4672 380 ) (-4096 -4678 380 ) 
4 4 9 (-4096 -4678 376 ) (-4096 -4672 376 ) (-3776 -4672 376 ) (-3776 -4678 376 ) 
4 5 65 (-4096 -5120 376 ) (-4096 -5120 380 ) (-4096 -4998 380 ) (-4096 -4998 376 ) 
4 5 60 (-4096 -5120 380 ) (-4096 -5120 384 ) (-4096 -4998 384 ) (-4096 -4998 380 ) 
4 5 41 (-4064 -5014 376 ) (-4064 -5006 376 ) (-4000 -5006 376 ) (-4000 -5014 376 ) 
4 5 42 (-4000 -5120 376 ) (-4064 -5120 376 ) (-4064 -5014 376 ) (-4000 -5014 376 ) 
4 5 40 (-3999 -5120 376 ) (-4000 -5120 376 ) (-4000 -5006 376 ) (-3999 -5006 376 ) 
4 5 43 (-4064 -5120 376 ) (-4096 -5120 376 ) (-4096 -5006 376 ) (-4064 -5006 376 ) 
4 5 37 (-3999 -5013.899902 376 ) (-3999 -5006 376 ) (-3940 -5006 376 ) (-3940 -5013.899902 376 ) 
4 5 36 (-3938 -5006 376 ) (-3938 -5013.899902 376 ) (-3940 -5013.899902 376 ) (-3940 -5006 376 ) 
4 5 34 (-3882 -5006 376 ) (-3882 -5013.899902 376 ) (-3938 -5013.899902 376 ) (-3938 -5006 376 ) 
4 5 32 (-3876 -5006 376 ) (-3876 -5013.899902 376 ) (-3882 -5013.899902 376 ) (-3882 -5006 376 ) 
4 5 31 (-3776 -5006 376 ) (-3776 -5013.899902 376 ) (-3876 -5013.899902 376 ) (-3876 -5006 376 ) 
4 5 38 (-3776 -5120 376 ) (-3999 -5120 376 ) (-3999 -5013.899902 376 ) (-3776 -5013.899902 376 ) 
4 6 66 (-4096 -4656 376 ) (-4096 -4544 376 ) (-4096 -4544 256 ) (-4096 -4656 256 ) 
4 6 44 (-4096 -4656 256 ) (-4096 -4544 256 ) (-3648 -4544 256 ) (-3648 -4656 256 ) 
4 6 8 (-4096 -4656 256 ) (-3776 -4656 256 ) (-3776 -4656 272 ) (-4096 -4656 272 ) 
4 6 7 (-3776 -4656 256 ) (-3648 -4656 256 ) (-3648 -4656 376 ) (-3776 -4656 376 ) 
4 7 44 (-3776 -4656 256 ) (-3648 -4656 256 ) (-3648 -4678 256 ) (-3776 -4678 256 ) 
4 7 10 (-3776 -4678 256 ) (-3648 -4678 256 ) (-3648 -4678 376 ) (-3776 -4678 376 ) 
4 7 8 (-3776 -4656 272 ) (-3776 -4656 256 ) (-3776 -4672 256 ) (-3776 -4672 272 ) 
4 7 9 (-3776 -4672 256 ) (-3776 -4678 256 ) (-3776 -4678 376 ) (-3776 -4672 376 ) 
4 8 67 (-4096 -4656 272 ) (-4096 -4656 256 ) (-4096 -4672 256 ) (-4096 -4672 272 ) 
4 8 44 (-4096 -4672 256 ) (-4096 -4656 256 ) (-3776 -4656 256 ) (-3776 -4672 256 ) 
4 8 9 (-4096 -4672 256 ) (-3776 -4672 256 ) (-3776 -4672 272 ) (-4096 -4672 272 ) 
4 9 68 (-4096 -4678 376 ) (-4096 -4672 376 ) (-4096 -4672 256 ) (-4096 -4678 256 ) 
4 9 44 (-4096 -4678 256 ) (-4096 -4672 256 ) (-3776 -4672 256 ) (-3776 -4678 256 ) 
4 9 15 (-4053 -4678 288 ) (-4053 -4678 360 ) (-4091 -4678 360 ) (-4091 -4678 288 ) 
4 9 14 (-3989 -4678 288 ) (-3989 -4678 360 ) (-4027 -4678 360 ) (-4027 -4678 288 ) 
4 9 13 (-3925 -4678 288 ) (-3925 -4678 360 ) (-3963 -4678 360 ) (-3963 -4678 288 ) 
4 9 12 (-3861 -4678 288 ) (-3861 -4678 360 ) (-3899 -4678 360 ) (-3899 -4678 288 ) 
4 9 11 (-3797 -4678 288 ) (-3797 -4678 360 ) (-3835 -4678 360 ) (-3835 -4678 288 ) 
4 10 45 (-3776 -4678 256 ) (-3648 -4678 256 ) (-3648 -4686 256 ) (-3776 -4686 256 ) 
4 10 17 (-3768 -4686 256 ) (-3766 -4686 256 ) (-3766 -4686 376 ) (-3768 -4686 376 ) 
4 10 16 (-3766 -4686 256 ) (-3648 -4686 256 ) (-3648 -4686 376 ) (-3766 -4686 376 ) 
4 10 18 (-3776 -4686 256 ) (-3768 -4686 256 ) (-3768 -4686 376 ) (-3776 -4686 376 ) 
4 11 19 (-3797 -4686 288 ) (-3797 -4686 360 ) (-3835 -4686 360 ) (-3835 -4686 288 ) 
4 12 19 (-3861 -4686 288 ) (-3861 -4686 360 ) (-3899 -4686 360 ) (-3899 -4686 288 ) 
4 13 22 (-3960 -4686 360 ) (-3963 -4686 360 ) (-3963 -4686 288 ) (-3960 -4686 288 ) 
4 13 19 (-3925 -4686 288 ) (-3925 -4686 360 ) (-3960 -4686 360 ) (-3960 -4686 288 ) 
4 14 27 (-3989 -4686 288 ) (-3989 -4686 360 ) (-4027 -4686 360 ) (-4027 -4686 288 ) 
4 15 27 (-4053 -4686 288 ) (-4053 -4686 360 ) (-4091 -4686 360 ) (-4091 -4686 288 ) 
4 16 47 (-3648 -4824 256 ) (-3648 -4998 256 ) (-3766 -4998 256 ) (-3766 -4824 256 ) 
4 16 46 (-3648 -4798 256 ) (-3648 -4824 256 ) (-3766 -4824 256 ) (-3766 -4798 256 ) 
4 16 45 (-3766 -4686 256 ) (-3648 -4686 256 ) (-3648 -4798 256 ) (-3766 -4798 256 ) 
4 16 28 (-3766 -4998 256 ) (-3648 -4998 256 ) (-3648 -4998 376 ) (-3766 -4998 376 ) 
4 16 17 (-3766 -4686 376 ) (-3766 -4686 256 ) (-3766 -4994 256 ) (-3766 -4994 376 ) 
4 17 47 (-3766 -4824 256 ) (-3766 -4994 256 ) (-3768 -4994 256 ) (-3768 -4824 256 ) 
4 17 46 (-3766 -4798 256 ) (-3766 -4824 256 ) (-3768 -4824 256 ) (-3768 -4798 256 ) 
4 17 45 (-3768 -4686 256 ) (-3766 -4686 256 ) (-3766 -4798 256 ) (-3768 -4798 256 ) 
4 17 18 (-3768 -4686 376 ) (-3768 -4686 256 ) (-3768 -4994 256 ) (-3768 -4994 376 ) 
4 18 47 (-3768 -4824 256 ) (-3768 -4998 256 ) (-3776 -4998 256 ) (-3776 -4824 256 ) 
4 18 46 (-3768 -4798 256 ) (-3768 -4824 256 ) (-3776 -4824 256 ) (-3776 -4798 256 ) 
4 18 45 (-3776 -4686 256 ) (-3768 -4686 256 ) (-3768 -4798 256 ) (-3776 -4798 256 ) 
4 18 30 (-3776 -4998 256 ) (-3768 -4998 256 ) (-3768 -4998 376 ) (-3776 -4998 376 ) 
4 19 22 (-3960 -4686 376 ) (-3960 -4686 256 ) (-3960 -4798 256 ) (-3960 -4798 376 ) 
4 19 20 (-3952 -4798 256 ) (-3792 -4798 256 ) (-3792 -4798 376 ) (-3952 -4798 376 ) 
4 20 46 (-3854 -4798 256 ) (-3792 -4798 256 ) (-3792 -4824 256 ) (-3854 -4824 256 ) 
4 20 21 (-3938 -4990 256 ) (-3882 -4990 256 ) (-3882 -4990 376 ) (-3938 -4990 376 ) 
4 21 35 (-3938 -4998 256 ) (-3882 -4998 256 ) (-3882 -4998 364.941010 ) (-3938 -4998 364.941010 ) 
4 21 33 (-3882 -4998 364.941010 ) (-3882 -4998 368 ) (-3938 -4998 368 ) (-3938 -4998 364.941010 ) 
4 22 23 (-3968 -4698 256 ) (-3968 -4798 256 ) (-3968 -4798 376 ) (-3968 -4698 376 ) 
4 23 24 (-3976 -4718 256 ) (-3976 -4782 256 ) (-3976 -4782 368 ) (-3976 -4718 368 ) 
4 24 26 (-3984 -4718 256 ) (-3984 -4782 256 ) (-3984 -4782 368 ) (-3984 -4718 368 ) 
4 25 26 (-3984 -4970 276 ) (-3984 -4970 356 ) (-3984 -4846 356 ) (-3984 -4846 276 ) 
4 26 27 (-3988 -4698 256 ) (-3988 -4998 256 ) (-3988 -4998 376 ) (-3988 -4698 376 ) 
4 27 80 (-4096 -4998 376 ) (-4096 -4686 376 ) (-4096 -4686 256 ) (-4096 -4998 256 ) 
4 27 39 (-4067 -4998 256 ) (-3999 -4998 256 ) (-3999 -4998 368 ) (-4067 -4998 368 ) 
4 28 47 (-3766 -4998 256 ) (-3648 -4998 256 ) (-3648 -5120 256 ) (-3766 -5120 256 ) 
4 28 29 (-3766 -5002 256 ) (-3766 -5120 256 ) (-3766 -5120 376 ) (-3766 -5002 376 ) 
4 29 47 (-3766 -5002 256 ) (-3766 -5120 256 ) (-3768 -5120 256 ) (-3768 -5002 256 ) 
4 29 30 (-3768 -5002 256 ) (-3768 -5120 256 ) (-3768 -5120 376 ) (-3768 -5002 376 ) 
4 30 47 (-3776 -4998 256 ) (-3768 -4998 256 ) (-3768 -5120 256 ) (-3776 -5120 256 ) 
4 30 31 (-3776 -5006 256 ) (-3776 -5013.899902 256 ) (-3776 -5013.899902 376 ) (-3776 -5006 376 ) 
4 30 38 (-3776 -5013.899902 256 ) (-3776 -5120 256 ) (-3776 -5120 376 ) (-3776 -5013.899902 376 ) 
4 31 48 (-3776 -5006 256 ) (-3776 -5013.899902 256 ) (-3876 -5013.899902 256 ) (-3876 -5006 256 ) 
4 31 32 (-3876 -5013.899902 364.941010 ) (-3876 -5013.899902 376 ) (-3876 -5006 376 ) (-3876 -5006 364.941010 ) 
4 31 38 (-3876 -5013.899902 256 ) (-3776 -5013.899902 256 ) (-3776 -5013.899902 376 ) (-3876 -5013.899902 376 ) 
4 32 34 (-3882 -5006 364.941010 ) (-3882 -5013.899902 364.941010 ) (-3882 -5013.899902 376 ) (-3882 -5006 376 ) 
4 32 38 (-3876 -5013.899902 364.941010 ) (-3876 -5013.899902 376 ) (-3882 -5013.899902 376 ) (-3882 -5013.899902 364.941010 ) 
4 33 35 (-3938 -5006 364.941010 ) (-3938 -4998 364.941010 ) (-3882 -4998 364.941010 ) (-3882 -5006 364.941010 ) 
4 33 34 (-3938 -5006 368 ) (-3938 -5006 364.941010 ) (-3882 -5006 364.941010 ) (-3882 -5006 368 ) 
4 34 36 (-3938 -5006 364.941010 ) (-3938 -5013.899902 364.941010 ) (-3938 -5013.899902 376 ) (-3938 -5006 376 ) 
4 34 38 (-3882 -5013.899902 364.941010 ) (-3882 -5013.899902 376 ) (-3938 -5013.899902 376 ) (-3938 -5013.899902 364.941010 ) 
4 35 49 (-3938 -4998 256 ) (-3882 -4998 256 ) (-3882 -5005.899902 256 ) (-3938 -5005.899902 256 ) 
4 36 37 (-3940 -5006 364.941010 ) (-3940 -5013.899902 364.941010 ) (-3940 -5013.899902 376 ) (-3940 -5006 376 ) 
4 36 38 (-3938 -5013.899902 364.941010 ) (-3938 -5013.899902 376 ) (-3940 -5013.899902 376 ) (-3940 -5013.899902 364.941010 ) 
4 37 53 (-3952 -5013.899902 256 ) (-3999 -5013.899902 256 ) (-3999 -5006 256 ) (-3952 -5006 256 ) 
4 37 52 (-3940 -5006 256 ) (-3940 -5013.899902 256 ) (-3952 -5013.899902 256 ) (-3952 -5006 256 ) 
4 37 40 (-3999 -5006 256 ) (-3999 -5013.899902 256 ) (-3999 -5013.899902 376 ) (-3999 -5006 376 ) 
4 37 38 (-3999 -5013.899902 376 ) (-3999 -5013.899902 256 ) (-3940 -5013.899902 256 ) (-3940 -5013.899902 376 ) 
4 38 53 (-3952 -5120 256 ) (-3999 -5120 256 ) (-3999 -5013.899902 256 ) (-3952 -5013.899902 256 ) 
4 38 51 (-3876 -5120 256 ) (-3940 -5120 256 ) (-3940 -5013.899902 256 ) (-3876 -5013.899902 256 ) 
4 38 48 (-3776 -5013.899902 256 ) (-3776 -5120 256 ) (-3876 -5120 256 ) (-3876 -5013.899902 256 ) 
4 38 52 (-3940 -5120 256 ) (-3952 -5120 256 ) (-3952 -5013.899902 256 ) (-3940 -5013.899902 256 ) 
4 38 40 (-3999 -5013.899902 256 ) (-3999 -5120 256 ) (-3999 -5120 376 ) (-3999 -5013.899902 376 ) 
4 39 40 (-4000 -5006 256 ) (-3999 -5006 256 ) (-3999 -5006 368 ) (-4000 -5006 368 ) 
4 39 43 (-4067 -5006 256 ) (-4064 -5006 256 ) (-4064 -5006 368 ) (-4067 -5006 368 ) 
4 40 53 (-4000 -5006 256 ) (-3999 -5006 256 ) (-3999 -5120 256 ) (-4000 -5120 256 ) 
4 40 41 (-4000 -5006 376 ) (-4000 -5006 368 ) (-4000 -5014 368 ) (-4000 -5014 376 ) 
4 40 42 (-4000 -5014 256 ) (-4000 -5120 256 ) (-4000 -5120 376 ) (-4000 -5014 376 ) 
4 41 42 (-4064 -5014 376 ) (-4064 -5014 368 ) (-4000 -5014 368 ) (-4000 -5014 376 ) 
4 41 43 (-4064 -5006 376 ) (-4064 -5006 368 ) (-4064 -5014 368 ) (-4064 -5014 376 ) 
4 42 53 (-4000 -5014 256 ) (-4000 -5120 256 ) (-4064 -5120 256 ) (-4064 -5014 256 ) 
4 42 43 (-4064 -5014 256 ) (-4064 -5120 256 ) (-4064 -5120 376 ) (-4064 -5014 376 ) 
4 43 93 (-4096 -5120 256 ) (-4096 -5120 376 ) (-4096 -5006 376 ) (-4096 -5006 256 ) 
4 43 53 (-4096 -5120 256 ) (-4096 -5006 256 ) (-4064 -5006 256 ) (-4064 -5120 256 ) 
4 44 108 (-4096 -4678 256 ) (-4096 -4544 256 ) (-4096 -4544 252 ) (-4096 -4678 252 ) 
4 44 54 (-4096 -4678 252 ) (-4096 -4544 252 ) (-3648 -4544 252 ) (-3648 -4678 252 ) 
4 44 45 (-3776 -4678 252 ) (-3648 -4678 252 ) (-3648 -4678 256 ) (-3776 -4678 256 ) 
4 45 54 (-3776 -4678 252 ) (-3648 -4678 252 ) (-3648 -4798 252 ) (-3776 -4798 252 ) 
4 45 46 (-3776 -4798 252 ) (-3648 -4798 252 ) (-3648 -4798 256 ) (-3776 -4798 256 ) 
4 46 54 (-3854 -4798 252 ) (-3648 -4798 252 ) (-3648 -4824 252 ) (-3854 -4824 252 ) 
4 46 47 (-3776 -4824 252 ) (-3648 -4824 252 ) (-3648 -4824 256 ) (-3776 -4824 256 ) 
4 47 54 (-3648 -5120 252 ) (-3776 -5120 252 ) (-3776 -4824 252 ) (-3648 -4824 252 ) 
4 47 48 (-3776 -4998 252 ) (-3776 -5120 252 ) (-3776 -5120 256 ) (-3776 -4998 256 ) 
4 48 54 (-3776 -5120 252 ) (-3876 -5120 252 ) (-3876 -4998 252 ) (-3776 -4998 252 ) 
4 48 50 (-3876 -5005.899902 252 ) (-3876 -5013.899902 252 ) (-3876 -5013.899902 252.941010 ) (-3876 -5005.899902 252.941010 ) 
4 48 49 (-3876 -4998 256 ) (-3876 -4998 252 ) (-3876 -5005.899902 252 ) (-3876 -5005.899902 256 ) 
4 48 51 (-3876 -5013.899902 252 ) (-3876 -5120 252 ) (-3876 -5120 256 ) (-3876 -5013.899902 256 ) 
4 49 54 (-3940 -5005.899902 252 ) (-3940 -4998 252 ) (-3876 -4998 252 ) (-3876 -5005.899902 252 ) 
4 49 50 (-3940 -5005.899902 252.941010 ) (-3940 -5005.899902 252 ) (-3876 -5005.899902 252 ) (-3876 -5005.899902 252.941010 ) 
4 49 52 (-3940 -4998 256 ) (-3940 -4998 252 ) (-3940 -5005.899902 252 ) (-3940 -5005.899902 256 ) 
4 50 54 (-3940 -5013.899902 252 ) (-3940 -5005.899902 252 ) (-3876 -5005.899902 252 ) (-3876 -5013.899902 252 ) 
4 50 52 (-3940 -5005.899902 252 ) (-3940 -5013.899902 252 ) (-3940 -5013.899902 252.941010 ) (-3940 -5005.899902 252.941010 ) 
4 50 51 (-3940 -5013.899902 252.941010 ) (-3940 -5013.899902 252 ) (-3876 -5013.899902 252 ) (-3876 -5013.899902 252.941010 ) 
4 51 54 (-3876 -5120 252 ) (-3940 -5120 252 ) (-3940 -5013.899902 252 ) (-3876 -5013.899902 252 ) 
4 51 52 (-3940 -5013.899902 252 ) (-3940 -5120 252 ) (-3940 -5120 256 ) (-3940 -5013.899902 256 ) 
4 52 54 (-3940 -5120 252 ) (-3952 -5120 252 ) (-3952 -4998 252 ) (-3940 -4998 252 ) 
4 52 53 (-3952 -5006 252 ) (-3952 -5120 252 ) (-3952 -5120 256 ) (-3952 -5006 256 ) 
4 53 110 (-4096 -5120 252 ) (-4096 -5120 256 ) (-4096 -5006 256 ) (-4096 -5006 252 ) 
4 53 54 (-3952 -5120 252 ) (-4096 -5120 252 ) (-4096 -5006 252 ) (-3952 -5006 252 ) 
4 54 114 (-4096 -5120 -256 ) (-4096 -5120 252 ) (-4096 -4544 252 ) (-4096 -4544 -256 ) 
4 55 59 (-4864 -4998 384 ) (-4864 -4678 384 ) (-4232 -4678 384 ) (-4232 -4998 384 ) 
4 55 60 (-4096 -5120 384 ) (-4864 -5120 384 ) (-4864 -4998 384 ) (-4096 -4998 384 ) 
4 55 57 (-4096 -4672 384 ) (-4096 -4678 384 ) (-4736 -4678 384 ) (-4736 -4672 384 ) 
4 55 58 (-4864 -4678 384 ) (-4864 -4656 384 ) (-4736 -4656 384 ) (-4736 -4678 384 ) 
4 55 56 (-4864 -4656 384 ) (-4864 -4544 384 ) (-4096 -4544 384 ) (-4096 -4656 384 ) 
4 56 61 (-4736 -4544 380 ) (-4096 -4544 380 ) (-4096 -4656 380 ) (-4736 -4656 380 ) 
4 56 63 (-4864 -4656 380 ) (-4864 -4544 380 ) (-4736 -4544 380 ) (-4736 -4656 380 ) 
4 56 58 (-4736 -4656 384 ) (-4864 -4656 384 ) (-4864 -4656 380 ) (-4736 -4656 380 ) 
4 57 62 (-4096 -4672 380 ) (-4096 -4678 380 ) (-4736 -4678 380 ) (-4736 -4672 380 ) 
4 57 59 (-4232 -4678 384 ) (-4736 -4678 384 ) (-4736 -4678 380 ) (-4232 -4678 380 ) 
4 57 58 (-4736 -4672 380 ) (-4736 -4678 380 ) (-4736 -4678 384 ) (-4736 -4672 384 ) 
4 58 63 (-4864 -4678 380 ) (-4864 -4656 380 ) (-4736 -4656 380 ) (-4736 -4678 380 ) 
4 58 59 (-4736 -4678 384 ) (-4864 -4678 384 ) (-4864 -4678 380 ) (-4736 -4678 380 ) 
4 59 64 (-4864 -4998 380 ) (-4864 -4678 380 ) (-4728 -4678 380 ) (-4728 -4998 380 ) 
4 59 60 (-4232 -4998 384 ) (-4864 -4998 384 ) (-4864 -4998 380 ) (-4232 -4998 380 ) 
4 60 65 (-4096 -5120 380 ) (-4864 -5120 380 ) (-4864 -4998 380 ) (-4096 -4998 380 ) 
4 61 66 (-4096 -4544 376 ) (-4096 -4656 376 ) (-4736 -4656 376 ) (-4736 -4544 376 ) 
4 61 63 (-4736 -4544 380 ) (-4736 -4544 376 ) (-4736 -4656 376 ) (-4736 -4656 380 ) 
4 62 68 (-4096 -4672 376 ) (-4096 -4678 376 ) (-4736 -4678 376 ) (-4736 -4672 376 ) 
4 62 64 (-4736 -4678 376 ) (-4728 -4678 376 ) (-4728 -4678 380 ) (-4736 -4678 380 ) 
4 62 63 (-4736 -4672 376 ) (-4736 -4678 376 ) (-4736 -4678 380 ) (-4736 -4672 380 ) 
4 63 69 (-4736 -4678 376 ) (-4864 -4678 376 ) (-4864 -4656 376 ) (-4736 -4656 376 ) 
4 63 66 (-4864 -4656 376 ) (-4864 -4544 376 ) (-4736 -4544 376 ) (-4736 -4656 376 ) 
4 63 64 (-4864 -4678 376 ) (-4736 -4678 376 ) (-4736 -4678 380 ) (-4864 -4678 380 ) 
4 64 107 (-4736 -4998 376 ) (-4864 -4998 376 ) (-4864 -4870 376 ) (-4736 -4870 376 ) 
4 64 105 (-4728 -4998 376 ) (-4736 -4998 376 ) (-4736 -4870 376 ) (-4728 -4870 376 ) 
4 64 99 (-4864 -4870 376 ) (-4864 -4686 376 ) (-4728 -4686 376 ) (-4728 -4870 376 ) 
4 64 79 (-4864 -4686 376 ) (-4864 -4678 376 ) (-4728 -4678 376 ) (-4728 -4686 376 ) 
4 64 65 (-4864 -4998 376 ) (-4728 -4998 376 ) (-4728 -4998 380 ) (-4864 -4998 380 ) 
4 65 107 (-4736 -5120 376 ) (-4864 -5120 376 ) (-4864 -4998 376 ) (-4736 -4998 376 ) 
4 65 105 (-4736 -5006 376 ) (-4736 -4998 376 ) (-4728 -4998 376 ) (-4728 -5006 376 ) 
4 65 106 (-4728 -5120 376 ) (-4736 -5120 376 ) (-4736 -5018 376 ) (-4728 -5018 376 ) 
4 65 104 (-4488 -5120 376 ) (-4728 -5120 376 ) (-4728 -5006 376 ) (-4488 -5006 376 ) 
4 65 93 (-4096 -5006 376 ) (-4096 -5120 376 ) (-4488 -5120 376 ) (-4488 -5006 376 ) 
4 66 108 (-4096 -4544 256 ) (-4096 -4656 256 ) (-4864 -4656 256 ) (-4864 -4544 256 ) 
4 66 67 (-4736 -4656 256 ) (-4096 -4656 256 ) (-4096 -4656 272 ) (-4736 -4656 272 ) 
4 66 69 (-4864 -4656 376 ) (-4864 -4656 256 ) (-4736 -4656 256 ) (-4736 -4656 376 ) 
4 67 108 (-4096 -4656 256 ) (-4096 -4672 256 ) (-4736 -4672 256 ) (-4736 -4656 256 ) 
4 67 68 (-4736 -4672 272 ) (-4736 -4672 256 ) (-4096 -4672 256 ) (-4096 -4672 272 ) 
4 67 69 (-4736 -4656 272 ) (-4736 -4656 256 ) (-4736 -4672 256 ) (-4736 -4672 272 ) 
4 68 108 (-4096 -4672 256 ) (-4096 -4678 256 ) (-4736 -4678 256 ) (-4736 -4672 256 ) 
4 68 79 (-4736 -4678 256 ) (-4728 -4678 256 ) (-4728 -4678 376 ) (-4736 -4678 376 ) 
4 68 78 (-4629 -4678 288 ) (-4629 -4678 360 ) (-4667 -4678 360 ) (-4667 -4678 288 ) 
4 68 77 (-4565 -4678 288 ) (-4565 -4678 360 ) (-4603 -4678 360 ) (-4603 -4678 288 ) 
4 68 76 (-4501 -4678 288 ) (-4501 -4678 360 ) (-4539 -4678 360 ) (-4539 -4678 288 ) 
4 68 75 (-4433 -4678 288 ) (-4433 -4678 360 ) (-4471 -4678 360 ) (-4471 -4678 288 ) 
4 68 74 (-4369 -4678 288 ) (-4369 -4678 360 ) (-4407 -4678 360 ) (-4407 -4678 288 ) 
4 68 73 (-4305 -4678 288 ) (-4305 -4678 360 ) (-4343 -4678 360 ) (-4343 -4678 288 ) 
4 68 72 (-4241 -4678 288 ) (-4241 -4678 360 ) (-4279 -4678 360 ) (-4279 -4678 288 ) 
4 68 71 (-4181 -4678 288 ) (-4181 -4678 360 ) (-4219 -4678 360 ) (-4219 -4678 288 ) 
4 68 70 (-4117 -4678 288 ) (-4117 -4678 360 ) (-4155 -4678 360 ) (-4155 -4678 288 ) 
4 68 69 (-4736 -4672 256 ) (-4736 -4678 256 ) (-4736 -4678 376 ) (-4736 -4672 376 ) 
4 69 108 (-4736 -4678 256 ) (-4864 -4678 256 ) (-4864 -4656 256 ) (-4736 -4656 256 ) 
4 69 79 (-4864 -4678 256 ) (-4736 -4678 256 ) (-4736 -4678 376 ) (-4864 -4678 376 ) 
4 70 80 (-4117 -4686 288 ) (-4117 -4686 360 ) (-4155 -4686 360 ) (-4155 -4686 288 ) 
4 71 82 (-4181 -4686 288 ) (-4181 -4686 360 ) (-4219 -4686 360 ) (-4219 -4686 288 ) 
4 72 86 (-4241 -4686 288 ) (-4241 -4686 360 ) (-4279 -4686 360 ) (-4279 -4686 288 ) 
4 73 86 (-4305 -4686 288 ) (-4305 -4686 360 ) (-4343 -4686 360 ) (-4343 -4686 288 ) 
4 74 88 (-4369 -4686 288 ) (-4369 -4686 360 ) (-4407 -4686 360 ) (-4407 -4686 288 ) 
4 75 89 (-4464 -4686 360 ) (-4471 -4686 360 ) (-4471 -4686 288 ) (-4464 -4686 288 ) 
4 75 88 (-4433 -4686 288 ) (-4433 -4686 360 ) (-4464 -4686 360 ) (-4464 -4686 288 ) 
4 76 94 (-4501 -4686 288 ) (-4501 -4686 360 ) (-4539 -4686 360 ) (-4539 -4686 288 ) 
4 77 94 (-4565 -4686 288 ) (-4565 -4686 360 ) (-4603 -4686 360 ) (-4603 -4686 288 ) 
4 78 94 (-4629 -4686 288 ) (-4629 -4686 360 ) (-4667 -4686 360 ) (-4667 -4686 288 ) 
4 79 113 (-4864 -4678 256 ) (-4728 -4678 256 ) (-4728 -4686 256 ) (-4864 -4686 256 ) 
4 79 99 (-4864 -4686 256 ) (-4728 -4686 256 ) (-4728 -4686 376 ) (-4864 -4686 376 ) 
4 80 81 (-4160 -4694 256 ) (-4160 -4998 256 ) (-4160 -4998 376 ) (-4160 -4694 376 ) 
4 81 82 (-4176 -4694 256 ) (-4176 -4998 256 ) (-4176 -4998 376 ) (-4176 -4694 376 ) 
4 82 83 (-4220 -4698 256 ) (-4220 -4998 256 ) (-4220 -4998 376 ) (-4220 -4698 376 ) 
4 83 84 (-4224 -4718 256 ) (-4224 -4982 256 ) (-4224 -4982 368 ) (-4224 -4718 368 ) 
4 84 85 (-4232 -4718 256 ) (-4232 -4982 256 ) (-4232 -4982 368 ) (-4232 -4718 368 ) 
4 85 86 (-4236 -4706 256 ) (-4236 -4990 256 ) (-4236 -4990 376 ) (-4236 -4706 376 ) 
4 86 87 (-4348 -4694 256 ) (-4348 -4990 256 ) (-4348 -4990 376 ) (-4348 -4694 376 ) 
4 87 88 (-4364 -4694 256 ) (-4364 -4990 256 ) (-4364 -4990 376 ) (-4364 -4694 376 ) 
4 88 90 (-4464 -4870 256 ) (-4464 -4990 256 ) (-4464 -4990 376 ) (-4464 -4870 376 ) 
4 88 89 (-4464 -4686 376 ) (-4464 -4686 256 ) (-4464 -4778 256 ) (-4464 -4778 376 ) 
4 89 91 (-4480 -4702 256 ) (-4480 -4766 256 ) (-4480 -4766 368 ) (-4480 -4702 368 ) 
4 91 95 (-4488 -4702 256 ) (-4488 -4766 256 ) (-4488 -4766 368 ) (-4488 -4702 368 ) 
4 92 109 (-4464 -4998 256 ) (-4408 -4998 256 ) (-4408 -5006 256 ) (-4464 -5006 256 ) 
4 92 93 (-4464 -5006 256 ) (-4408 -5006 256 ) (-4408 -5006 368 ) (-4464 -5006 368 ) 
4 93 111 (-4480 -5120 256 ) (-4488 -5120 256 ) (-4488 -5006 256 ) (-4480 -5006 256 ) 
4 93 110 (-4096 -5120 256 ) (-4480 -5120 256 ) (-4480 -5006 256 ) (-4096 -5006 256 ) 
4 93 104 (-4488 -5006 256 ) (-4488 -5120 256 ) (-4488 -5120 376 ) (-4488 -5006 376 ) 
4 94 95 (-4504 -4698 285 ) (-4496 -4698 285 ) (-4496 -4698 376 ) (-4504 -4698 376 ) 
4 94 96 (-4688 -4698 376 ) (-4688 -4698 285 ) (-4504 -4698 285 ) (-4504 -4698 376 ) 
4 95 96 (-4504 -4698 376 ) (-4504 -4698 256 ) (-4504 -4806 256 ) (-4504 -4806 376 ) 
4 96 101 (-4688 -4870 256 ) (-4648 -4870 256 ) (-4648 -4870 368 ) (-4688 -4870 368 ) 
4 96 97 (-4688 -4698 256 ) (-4688 -4870 256 ) (-4688 -4870 376 ) (-4688 -4698 376 ) 
4 97 101 (-4704 -4870 256 ) (-4688 -4870 256 ) (-4688 -4870 368 ) (-4704 -4870 368 ) 
4 97 98 (-4704 -4742 256 ) (-4704 -4870 256 ) (-4704 -4870 376 ) (-4704 -4742 376 ) 
4 99 113 (-4864 -4686 256 ) (-4728 -4686 256 ) (-4728 -4870 256 ) (-4864 -4870 256 ) 
4 99 107 (-4864 -4870 256 ) (-4736 -4870 256 ) (-4736 -4870 376 ) (-4864 -4870 376 ) 
4 99 105 (-4736 -4870 256 ) (-4728 -4870 256 ) (-4728 -4870 376 ) (-4736 -4870 376 ) 
4 100 102 (-4648 -4878 256 ) (-4648 -4990 256 ) (-4648 -4990 376 ) (-4648 -4878 376 ) 
4 101 102 (-4704 -4878 368 ) (-4704 -4878 256 ) (-4648 -4878 256 ) (-4648 -4878 368 ) 
4 102 103 (-4704 -4878 256 ) (-4704 -4990 256 ) (-4704 -4990 376 ) (-4704 -4878 376 ) 
4 104 112 (-4488 -5120 256 ) (-4728 -5120 256 ) (-4728 -5006 256 ) (-4488 -5006 256 ) 
4 104 106 (-4728 -5018 256 ) (-4728 -5120 256 ) (-4728 -5120 376 ) (-4728 -5018 376 ) 
4 105 113 (-4736 -5006 256 ) (-4736 -4870 256 ) (-4728 -4870 256 ) (-4728 -5006 256 ) 
4 105 107 (-4736 -4870 376 ) (-4736 -4870 256 ) (-4736 -5006 256 ) (-4736 -5006 376 ) 
4 106 113 (-4728 -5120 256 ) (-4736 -5120 256 ) (-4736 -5018 256 ) (-4728 -5018 256 ) 
4 106 107 (-4736 -5018 256 ) (-4736 -5120 256 ) (-4736 -5120 376 ) (-4736 -5018 376 ) 
4 107 113 (-4736 -5120 256 ) (-4864 -5120 256 ) (-4864 -4870 256 ) (-4736 -4870 256 ) 
4 108 114 (-4096 -4544 252 ) (-4096 -4678 252 ) (-4864 -4678 252 ) (-4864 -4544 252 ) 
4 108 113 (-4864 -4678 252 ) (-4728 -4678 252 ) (-4728 -4678 256 ) (-4864 -4678 256 ) 
4 109 114 (-4226 -5006 252 ) (-4480 -5006 252 ) (-4480 -4998 252 ) (-4226 -4998 252 ) 
4 109 111 (-4480 -4998 252 ) (-4480 -5006 252 ) (-4480 -5006 256 ) (-4480 -4998 256 ) 
4 109 110 (-4480 -5006 256 ) (-4480 -5006 252 ) (-4226 -5006 252 ) (-4226 -5006 256 ) 
4 110 114 (-4096 -5006 252 ) (-4096 -5120 252 ) (-4480 -5120 252 ) (-4480 -5006 252 ) 
4 110 111 (-4480 -5006 252 ) (-4480 -5120 252 ) (-4480 -5120 256 ) (-4480 -5006 256 ) 
4 111 114 (-4480 -5120 252 ) (-4488 -5120 252 ) (-4488 -4870 252 ) (-4480 -4870 252 ) 
4 111 112 (-4488 -4998 252 ) (-4488 -5120 252 ) (-4488 -5120 256 ) (-4488 -4998 256 ) 
4 112 114 (-4488 -5120 252 ) (-4728 -5120 252 ) (-4728 -4998 252 ) (-4488 -4998 252 ) 
4 112 113 (-4728 -4998 252 ) (-4728 -5120 252 ) (-4728 -5120 256 ) (-4728 -4998 256 ) 
4 113 114 (-4728 -5120 252 ) (-4864 -5120 252 ) (-4864 -4678 252 ) (-4728 -4678 252 ) 
