PRT1
46
105
4 1 16 (1344 1024 1984 ) (1344 1024 32 ) (1984 1024 32 ) (1984 1024 1984 ) 
4 1 4 (1344 1984 32 ) (1344 1024 32 ) (1344 1024 1984 ) (1344 1984 1984 ) 
4 1 2 (1984 1024 32 ) (1344 1024 32 ) (1344 1984 32 ) (1984 1984 32 ) 
4 2 17 (1984 1024 32 ) (1344 1024 32 ) (1344 1024 -320 ) (1984 1024 -320 ) 
4 2 4 (1344 1984 -320 ) (1344 1024 -320 ) (1344 1024 32 ) (1344 1984 32 ) 
4 2 3 (1344 1024 -320 ) (1344 1984 -320 ) (1984 1984 -320 ) (1984 1024 -320 ) 
4 3 18 (1984 1024 -320 ) (1344 1024 -320 ) (1344 1024 -352 ) (1984 1024 -352 ) 
4 3 4 (1344 1024 -352 ) (1344 1024 -320 ) (1344 1984 -320 ) (1344 1984 -352 ) 
4 4 19 (1344 1024 -352 ) (1344 1024 1984 ) (1024 1024 1984 ) (1024 1024 -352 ) 
4 4 5 (1024 1024 -352 ) (1024 1024 1984 ) (1024 1984 1984 ) (1024 1984 -352 ) 
4 5 24 (1024 1024 -352 ) (1024 1024 1984 ) (0 1024 1984 ) (0 1024 -352 ) 
4 5 15 (0 1024 -352 ) (0 1024 0 ) (0 1984 0 ) (0 1984 -352 ) 
4 5 14 (0 1024 0 ) (0 1024 64 ) (0 1984 64 ) (0 1984 0 ) 
4 5 11 (0 1024 64 ) (0 1024 224 ) (0 1984 224 ) (0 1984 64 ) 
4 5 9 (0 1024 224 ) (0 1024 320 ) (0 1984 320 ) (0 1984 224 ) 
4 5 7 (0 1024 320 ) (0 1024 384 ) (0 1984 384 ) (0 1984 320 ) 
4 5 6 (0 1024 384 ) (0 1024 1984 ) (0 1984 1984 ) (0 1984 384 ) 
4 6 25 (0 1024 384 ) (0 1024 1984 ) (-960 1024 1984 ) (-960 1024 384 ) 
4 6 8 (-896 1792 384 ) (-896 1920 384 ) (-384 1920 384 ) (-384 1792 384 ) 
4 6 7 (0 1024 384 ) (-256 1024 384 ) (-256 1984 384 ) (0 1984 384 ) 
4 7 26 (0 1024 320 ) (0 1024 384 ) (-256 1024 384 ) (-256 1024 320 ) 
4 7 9 (-256 1984 320 ) (0 1984 320 ) (0 1024 320 ) (-256 1024 320 ) 
4 8 10 (-384 1920 320 ) (-384 1792 320 ) (-896 1792 320 ) (-896 1920 320 ) 
4 9 31 (0 1024 224 ) (0 1024 320 ) (-256 1024 320 ) (-256 1024 224 ) 
4 9 11 (0 1024 224 ) (-256 1024 224 ) (-256 1984 224 ) (0 1984 224 ) 
4 10 33 (-320 1024 320 ) (-960 1024 320 ) (-960 1024 224 ) (-320 1024 224 ) 
4 10 13 (-320 1024 224 ) (-960 1024 224 ) (-960 1984 224 ) (-320 1984 224 ) 
4 11 35 (0 1024 64 ) (0 1024 224 ) (-256 1024 224 ) (-256 1024 64 ) 
4 11 14 (-64 1984 64 ) (0 1984 64 ) (0 1024 64 ) (-64 1024 64 ) 
4 11 12 (-256 1856 64 ) (-256 1024 64 ) (-256 1024 224 ) (-256 1856 224 ) 
4 12 36 (-256 1024 224 ) (-320 1024 224 ) (-320 1024 64 ) (-256 1024 64 ) 
4 12 13 (-320 1856 64 ) (-320 1024 64 ) (-320 1024 224 ) (-320 1856 224 ) 
4 13 37 (-320 1024 224 ) (-960 1024 224 ) (-960 1024 64 ) (-320 1024 64 ) 
4 14 40 (0 1024 0 ) (0 1024 64 ) (-64 1024 64 ) (-64 1024 0 ) 
4 14 15 (0 1024 0 ) (-64 1024 0 ) (-64 1984 0 ) (0 1984 0 ) 
4 15 41 (0 1024 -352 ) (0 1024 0 ) (-960 1024 0 ) (-960 1024 -352 ) 
4 16 20 (1984 0 1984 ) (1344 0 1984 ) (1344 0 32 ) (1984 0 32 ) 
4 16 19 (1344 0 32 ) (1344 0 1984 ) (1344 1024 1984 ) (1344 1024 32 ) 
4 16 17 (1984 0 32 ) (1344 0 32 ) (1344 1024 32 ) (1984 1024 32 ) 
4 17 21 (1984 0 32 ) (1344 0 32 ) (1344 0 -320 ) (1984 0 -320 ) 
4 17 19 (1344 0 -320 ) (1344 0 32 ) (1344 1024 32 ) (1344 1024 -320 ) 
4 17 18 (1344 0 -320 ) (1344 1024 -320 ) (1984 1024 -320 ) (1984 0 -320 ) 
4 18 22 (1984 0 -320 ) (1344 0 -320 ) (1344 0 -352 ) (1984 0 -352 ) 
4 18 19 (1344 0 -352 ) (1344 0 -320 ) (1344 1024 -320 ) (1344 1024 -352 ) 
4 19 24 (1024 1024 1984 ) (1024 1024 -352 ) (1024 0 -352 ) (1024 0 1984 ) 
4 19 23 (1344 0 -352 ) (1344 0 1984 ) (1024 0 1984 ) (1024 0 -352 ) 
4 20 23 (1344 0 1984 ) (1344 0 32 ) (1344 -960 32 ) (1344 -960 1984 ) 
4 20 21 (1344 -960 32 ) (1344 0 32 ) (1984 0 32 ) (1984 -960 32 ) 
4 21 23 (1344 0 32 ) (1344 0 -320 ) (1344 -960 -320 ) (1344 -960 32 ) 
4 21 22 (1344 -960 -320 ) (1344 0 -320 ) (1984 0 -320 ) (1984 -960 -320 ) 
4 22 23 (1344 0 -320 ) (1344 0 -352 ) (1344 -960 -352 ) (1344 -960 -320 ) 
4 23 42 (1024 -960 1984 ) (1024 0 1984 ) (1024 0 -352 ) (1024 -960 -352 ) 
4 24 42 (1024 0 -352 ) (1024 0 1984 ) (0 0 1984 ) (0 0 -352 ) 
4 24 41 (0 1024 0 ) (0 1024 -352 ) (0 0 -352 ) (0 0 0 ) 
4 24 40 (0 1024 64 ) (0 1024 0 ) (0 0 0 ) (0 0 64 ) 
4 24 35 (0 1024 224 ) (0 1024 64 ) (0 640 64 ) (0 640 224 ) 
4 24 39 (0 640 64 ) (0 0 64 ) (0 0 224 ) (0 640 224 ) 
4 24 31 (0 1024 320 ) (0 1024 224 ) (0 0 224 ) (0 0 320 ) 
4 24 26 (0 1024 384 ) (0 1024 320 ) (0 0 320 ) (0 0 384 ) 
4 24 25 (0 1024 1984 ) (0 1024 384 ) (0 0 384 ) (0 0 1984 ) 
4 25 43 (0 0 384 ) (0 0 1984 ) (-960 0 1984 ) (-960 0 384 ) 
4 25 30 (-960 0 384 ) (-960 640 384 ) (-896 640 384 ) (-896 0 384 ) 
4 25 28 (-384 960 384 ) (-384 832 384 ) (-896 832 384 ) (-896 960 384 ) 
4 25 29 (-384 640 384 ) (-384 0 384 ) (-896 0 384 ) (-896 640 384 ) 
4 25 27 (-256 640 384 ) (-256 0 384 ) (-384 0 384 ) (-384 640 384 ) 
4 25 26 (-256 1024 384 ) (0 1024 384 ) (0 0 384 ) (-256 0 384 ) 
4 26 43 (0 0 320 ) (0 0 384 ) (-256 0 384 ) (-256 0 320 ) 
4 26 31 (0 0 320 ) (-256 0 320 ) (-256 1024 320 ) (0 1024 320 ) 
4 26 27 (-256 640 320 ) (-256 0 320 ) (-256 0 384 ) (-256 640 384 ) 
4 27 43 (-256 0 384 ) (-384 0 384 ) (-384 0 320 ) (-256 0 320 ) 
4 27 34 (-320 0 320 ) (-384 0 320 ) (-384 640 320 ) (-320 640 320 ) 
4 27 32 (-256 0 320 ) (-320 0 320 ) (-320 640 320 ) (-256 640 320 ) 
4 27 29 (-384 640 320 ) (-384 0 320 ) (-384 0 384 ) (-384 640 384 ) 
4 28 33 (-896 832 320 ) (-896 960 320 ) (-384 960 320 ) (-384 832 320 ) 
4 29 43 (-384 0 384 ) (-896 0 384 ) (-896 0 320 ) (-384 0 320 ) 
4 29 34 (-384 0 320 ) (-896 0 320 ) (-896 640 320 ) (-384 640 320 ) 
4 29 30 (-896 640 320 ) (-896 0 320 ) (-896 0 384 ) (-896 640 384 ) 
4 30 43 (-896 0 384 ) (-960 0 384 ) (-960 0 320 ) (-896 0 320 ) 
4 30 34 (-896 0 320 ) (-960 0 320 ) (-960 640 320 ) (-896 640 320 ) 
4 31 43 (0 0 224 ) (0 0 320 ) (-256 0 320 ) (-256 0 224 ) 
4 31 35 (-256 1024 224 ) (0 1024 224 ) (0 640 224 ) (-256 640 224 ) 
4 31 39 (0 640 224 ) (0 0 224 ) (-256 0 224 ) (-256 640 224 ) 
4 31 32 (-256 640 224 ) (-256 0 224 ) (-256 0 320 ) (-256 640 320 ) 
4 32 43 (-256 0 320 ) (-320 0 320 ) (-320 0 224 ) (-256 0 224 ) 
4 32 39 (-256 640 224 ) (-256 0 224 ) (-320 0 224 ) (-320 640 224 ) 
4 32 34 (-320 640 224 ) (-320 0 224 ) (-320 0 320 ) (-320 640 320 ) 
4 33 37 (-960 704 224 ) (-960 1024 224 ) (-320 1024 224 ) (-320 704 224 ) 
4 34 43 (-320 0 320 ) (-960 0 320 ) (-960 0 224 ) (-320 0 224 ) 
4 34 39 (-960 0 224 ) (-960 640 224 ) (-320 640 224 ) (-320 0 224 ) 
4 35 40 (-64 1024 64 ) (0 1024 64 ) (0 640 64 ) (-64 640 64 ) 
4 35 36 (-256 1024 64 ) (-256 768 64 ) (-256 768 224 ) (-256 1024 224 ) 
4 35 39 (-256 640 64 ) (0 640 64 ) (0 640 224 ) (-256 640 224 ) 
4 36 37 (-320 1024 64 ) (-320 768 64 ) (-320 768 224 ) (-320 1024 224 ) 
4 37 38 (-832 704 64 ) (-384 704 64 ) (-384 704 224 ) (-832 704 224 ) 
4 38 39 (-832 640 64 ) (-384 640 64 ) (-384 640 224 ) (-832 640 224 ) 
4 39 43 (0 0 64 ) (0 0 224 ) (-960 0 224 ) (-960 0 64 ) 
4 39 40 (-64 640 64 ) (0 640 64 ) (0 0 64 ) (-64 0 64 ) 
4 40 44 (0 0 0 ) (0 0 64 ) (-64 0 64 ) (-64 0 0 ) 
4 40 41 (0 0 0 ) (-64 0 0 ) (-64 1024 0 ) (0 1024 0 ) 
4 41 45 (0 0 -352 ) (0 0 0 ) (-960 0 0 ) (-960 0 -352 ) 
4 42 45 (0 0 0 ) (0 0 -352 ) (0 -960 -352 ) (0 -960 0 ) 
4 42 44 (0 0 64 ) (0 0 0 ) (0 -960 0 ) (0 -960 64 ) 
4 42 43 (0 0 1984 ) (0 0 64 ) (0 -960 64 ) (0 -960 1984 ) 
4 43 44 (0 -960 64 ) (-64 -960 64 ) (-64 0 64 ) (0 0 64 ) 
4 44 45 (0 -960 0 ) (-64 -960 0 ) (-64 0 0 ) (0 0 0 ) 
